#
# There is insufficient memory for the Java Runtime Environment to continue.
# Native memory allocation (malloc) failed to allocate 1914096 bytes for Chunk::new
# Possible reasons:
#   The system is out of physical RAM or swap space
#   In 32 bit mode, the process size limit was hit
# Possible solutions:
#   Reduce memory load on the system
#   Increase physical memory or swap space
#   Check if swap backing store is full
#   Use 64 bit Java on a 64 bit OS
#   Decrease Java heap size (-Xmx/-Xms)
#   Decrease number of Java threads
#   Decrease Java thread stack sizes (-Xss)
#   Set larger code cache with -XX:ReservedCodeCacheSize=
# This output file may be truncated or incomplete.
#
#  Out of Memory Error (allocation.cpp:390), pid=8652, tid=0x0000000000001ec4
#
# JRE version: OpenJDK Runtime Environment (8.0_152-b01) (build 1.8.0_152-release-1248-b01)
# Java VM: OpenJDK 64-Bit Server VM (25.152-b01 mixed mode windows-amd64 compressed oops)
# Failed to write core dump. Minidumps are not enabled by default on client versions of Windows
#

---------------  T H R E A D  ---------------

Current thread (0x00000000163cc800):  JavaThread "C2 CompilerThread1" daemon [_thread_in_native, id=7876, stack(0x0000000017b10000,0x0000000017c10000)]

Stack: [0x0000000017b10000,0x0000000017c10000]
[error occurred during error reporting (printing stack bounds), id 0xc0000005]

Native frames: (J=compiled Java code, j=interpreted, Vv=VM code, C=native code)


Current CompileTask:
C2:   4028 1376   !   4       java.net.URLClassLoader$1::run (63 bytes)


---------------  P R O C E S S  ---------------

Java Threads: ( => current thread )
  0x000000001954b000 JavaThread "Cache worker for file hash cache (D:\BookingAppointment\.gradle\5.1.1\fileHashes)" [_thread_blocked, id=13780, stack(0x000000001c380000,0x000000001c480000)]
  0x000000001954f800 JavaThread "Cache worker for journal cache (C:\Users\rutvi\.gradle\caches\journal-1)" [_thread_blocked, id=1524, stack(0x000000001ae60000,0x000000001af60000)]
  0x0000000019550800 JavaThread "File lock request listener" [_thread_in_native, id=14136, stack(0x000000001ad60000,0x000000001ae60000)]
  0x0000000019585000 JavaThread "Cache worker for file hash cache (C:\Users\rutvi\.gradle\caches\5.1.1\fileHashes)" [_thread_blocked, id=7384, stack(0x000000001ac60000,0x000000001ad60000)]
  0x0000000019118800 JavaThread "Thread-8" [_thread_blocked, id=13812, stack(0x000000001ab60000,0x000000001ac60000)]
  0x0000000019116800 JavaThread "Stdin handler" [_thread_blocked, id=11856, stack(0x000000001aa60000,0x000000001ab60000)]
  0x000000001945b800 JavaThread "Asynchronous log dispatcher for DefaultDaemonConnection: socket connection from /127.0.0.1:54137 to /127.0.0.1:54138" [_thread_blocked, id=11332, stack(0x000000001a960000,0x000000001aa60000)]
  0x00000000195b6000 JavaThread "Daemon worker" [_thread_in_native, id=9176, stack(0x000000001a860000,0x000000001a960000)]
  0x0000000019455800 JavaThread "Cancel handler" [_thread_blocked, id=12784, stack(0x000000001a760000,0x000000001a860000)]
  0x0000000019165000 JavaThread "Handler for socket connection from /127.0.0.1:54137 to /127.0.0.1:54138" [_thread_in_native, id=3184, stack(0x000000001a460000,0x000000001a560000)]
  0x0000000019236000 JavaThread "Daemon" [_thread_blocked, id=6388, stack(0x000000001a360000,0x000000001a460000)]
  0x000000001916b000 JavaThread "Daemon periodic checks" [_thread_blocked, id=9540, stack(0x000000001a260000,0x000000001a360000)]
  0x000000001961a000 JavaThread "Incoming local TCP Connector on port 54137" [_thread_in_native, id=3388, stack(0x000000001a020000,0x000000001a120000)]
  0x0000000017d38800 JavaThread "Service Thread" daemon [_thread_blocked, id=1880, stack(0x0000000018110000,0x0000000018210000)]
  0x00000000163d9000 JavaThread "C1 CompilerThread2" daemon [_thread_blocked, id=1940, stack(0x0000000017c10000,0x0000000017d10000)]
=>0x00000000163cc800 JavaThread "C2 CompilerThread1" daemon [_thread_in_native, id=7876, stack(0x0000000017b10000,0x0000000017c10000)]
  0x00000000163d8800 JavaThread "C2 CompilerThread0" daemon [_thread_in_native, id=15212, stack(0x0000000017a10000,0x0000000017b10000)]
  0x00000000163d7000 JavaThread "Attach Listener" daemon [_thread_blocked, id=8636, stack(0x0000000017910000,0x0000000017a10000)]
  0x00000000163d6000 JavaThread "Signal Dispatcher" daemon [_thread_blocked, id=11596, stack(0x0000000017810000,0x0000000017910000)]
  0x0000000002a5d000 JavaThread "Finalizer" daemon [_thread_blocked, id=13620, stack(0x0000000017620000,0x0000000017720000)]
  0x0000000002a52000 JavaThread "Reference Handler" daemon [_thread_blocked, id=7192, stack(0x0000000017520000,0x0000000017620000)]
  0x000000000281d800 JavaThread "main" [_thread_blocked, id=10712, stack(0x0000000002820000,0x0000000002920000)]

Other Threads:
  0x0000000016397000 VMThread [stack: 0x0000000017420000,0x0000000017520000] [id=6336]
  0x0000000017d3d000 WatcherThread [stack: 0x0000000018210000,0x0000000018310000] [id=4116]

VM state:not at safepoint (normal execution)

VM Mutex/Monitor currently owned by a thread: None

Heap:
 PSYoungGen      total 38400K, used 28010K [0x00000000e0000000, 0x00000000e4b00000, 0x0000000100000000)
  eden space 33280K, 68% used [0x00000000e0000000,0x00000000e165e9e0,0x00000000e2080000)
  from space 5120K, 99% used [0x00000000e2580000,0x00000000e2a7c050,0x00000000e2a80000)
  to   space 5120K, 0% used [0x00000000e2080000,0x00000000e2080000,0x00000000e2580000)
 ParOldGen       total 87552K, used 5123K [0x00000000a0000000, 0x00000000a5580000, 0x00000000e0000000)
  object space 87552K, 5% used [0x00000000a0000000,0x00000000a0500ef0,0x00000000a5580000)
 Metaspace       used 18256K, capacity 18676K, committed 18944K, reserved 1064960K
  class space    used 2648K, capacity 2793K, committed 2816K, reserved 1048576K

Card table byte_map: [0x0000000011e20000,0x0000000012130000] byte_map_base: 0x0000000011920000

Marking Bits: (ParMarkBitMap*) 0x000000005e125aa0
 Begin Bits: [0x0000000012730000, 0x0000000013f30000)
 End Bits:   [0x0000000013f30000, 0x0000000015730000)

Polling page: 0x0000000000aa0000

CodeCache: size=245760Kb used=5335Kb max_used=5335Kb free=240424Kb
 bounds [0x0000000002a60000, 0x0000000002fa0000, 0x0000000011a60000]
 total_blobs=1978 nmethods=1570 adapters=321
 compilation: enabled

Compilation events (10 events):
Event: 4.011 Thread 0x00000000163d9000 1571       3       java.lang.reflect.ReflectAccess::copyConstructor (5 bytes)
Event: 4.011 Thread 0x00000000163d9000 nmethod 1571 0x0000000002f95890 code [0x0000000002f95a00, 0x0000000002f95c08]
Event: 4.011 Thread 0x00000000163d9000 1572       3       java.lang.reflect.Constructor::copy (72 bytes)
Event: 4.012 Thread 0x00000000163d9000 nmethod 1572 0x0000000002f95cd0 code [0x0000000002f95e60, 0x0000000002f961b8]
Event: 4.012 Thread 0x00000000163d9000 1573       3       java.lang.Class::privateGetDeclaredConstructors (85 bytes)
Event: 4.012 Thread 0x00000000163d9000 nmethod 1573 0x0000000002f962d0 code [0x0000000002f964a0, 0x0000000002f96b98]
Event: 4.014 Thread 0x00000000163d9000 1574       1       java.io.ObjectStreamClass$FieldReflectorKey::hashCode (5 bytes)
Event: 4.014 Thread 0x00000000163d9000 nmethod 1574 0x0000000002f97210 code [0x0000000002f97360, 0x0000000002f97470]
Event: 4.016 Thread 0x00000000163d9000 1576       1       java.lang.reflect.Constructor::getConstructorAccessor (5 bytes)
Event: 4.016 Thread 0x00000000163d9000 nmethod 1576 0x0000000002f974d0 code [0x0000000002f97620, 0x0000000002f97730]

GC Heap History (8 events):
Event: 1.208 GC heap before
{Heap before GC invocations=1 (full 0):
 PSYoungGen      total 38400K, used 33280K [0x00000000e0000000, 0x00000000e2a80000, 0x0000000100000000)
  eden space 33280K, 100% used [0x00000000e0000000,0x00000000e2080000,0x00000000e2080000)
  from space 5120K, 0% used [0x00000000e2580000,0x00000000e2580000,0x00000000e2a80000)
  to   space 5120K, 0% used [0x00000000e2080000,0x00000000e2080000,0x00000000e2580000)
 ParOldGen       total 87552K, used 0K [0x00000000a0000000, 0x00000000a5580000, 0x00000000e0000000)
  object space 87552K, 0% used [0x00000000a0000000,0x00000000a0000000,0x00000000a5580000)
 Metaspace       used 6917K, capacity 7038K, committed 7168K, reserved 1056768K
  class space    used 843K, capacity 907K, committed 1024K, reserved 1048576K
Event: 1.217 GC heap after
Heap after GC invocations=1 (full 0):
 PSYoungGen      total 38400K, used 4253K [0x00000000e0000000, 0x00000000e2a80000, 0x0000000100000000)
  eden space 33280K, 0% used [0x00000000e0000000,0x00000000e0000000,0x00000000e2080000)
  from space 5120K, 83% used [0x00000000e2080000,0x00000000e24a7790,0x00000000e2580000)
  to   space 5120K, 0% used [0x00000000e2580000,0x00000000e2580000,0x00000000e2a80000)
 ParOldGen       total 87552K, used 8K [0x00000000a0000000, 0x00000000a5580000, 0x00000000e0000000)
  object space 87552K, 0% used [0x00000000a0000000,0x00000000a0002000,0x00000000a5580000)
 Metaspace       used 6917K, capacity 7038K, committed 7168K, reserved 1056768K
  class space    used 843K, capacity 907K, committed 1024K, reserved 1048576K
}
Event: 1.797 GC heap before
{Heap before GC invocations=2 (full 0):
 PSYoungGen      total 38400K, used 37533K [0x00000000e0000000, 0x00000000e2a80000, 0x0000000100000000)
  eden space 33280K, 100% used [0x00000000e0000000,0x00000000e2080000,0x00000000e2080000)
  from space 5120K, 83% used [0x00000000e2080000,0x00000000e24a7790,0x00000000e2580000)
  to   space 5120K, 0% used [0x00000000e2580000,0x00000000e2580000,0x00000000e2a80000)
 ParOldGen       total 87552K, used 8K [0x00000000a0000000, 0x00000000a5580000, 0x00000000e0000000)
  object space 87552K, 0% used [0x00000000a0000000,0x00000000a0002000,0x00000000a5580000)
 Metaspace       used 8919K, capacity 9100K, committed 9216K, reserved 1056768K
  class space    used 1162K, capacity 1228K, committed 1280K, reserved 1048576K
Event: 1.804 GC heap after
Heap after GC invocations=2 (full 0):
 PSYoungGen      total 38400K, used 4540K [0x00000000e0000000, 0x00000000e2a80000, 0x0000000100000000)
  eden space 33280K, 0% used [0x00000000e0000000,0x00000000e0000000,0x00000000e2080000)
  from space 5120K, 88% used [0x00000000e2580000,0x00000000e29ef3d8,0x00000000e2a80000)
  to   space 5120K, 0% used [0x00000000e2080000,0x00000000e2080000,0x00000000e2580000)
 ParOldGen       total 87552K, used 16K [0x00000000a0000000, 0x00000000a5580000, 0x00000000e0000000)
  object space 87552K, 0% used [0x00000000a0000000,0x00000000a0004000,0x00000000a5580000)
 Metaspace       used 8919K, capacity 9100K, committed 9216K, reserved 1056768K
  class space    used 1162K, capacity 1228K, committed 1280K, reserved 1048576K
}
Event: 3.035 GC heap before
{Heap before GC invocations=3 (full 0):
 PSYoungGen      total 38400K, used 37820K [0x00000000e0000000, 0x00000000e2a80000, 0x0000000100000000)
  eden space 33280K, 100% used [0x00000000e0000000,0x00000000e2080000,0x00000000e2080000)
  from space 5120K, 88% used [0x00000000e2580000,0x00000000e29ef3d8,0x00000000e2a80000)
  to   space 5120K, 0% used [0x00000000e2080000,0x00000000e2080000,0x00000000e2580000)
 ParOldGen       total 87552K, used 16K [0x00000000a0000000, 0x00000000a5580000, 0x00000000e0000000)
  object space 87552K, 0% used [0x00000000a0000000,0x00000000a0004000,0x00000000a5580000)
 Metaspace       used 13403K, capacity 13764K, committed 14080K, reserved 1060864K
  class space    used 1838K, capacity 1996K, committed 2048K, reserved 1048576K
Event: 3.044 GC heap after
Heap after GC invocations=3 (full 0):
 PSYoungGen      total 38400K, used 5120K [0x00000000e0000000, 0x00000000e2a80000, 0x0000000100000000)
  eden space 33280K, 0% used [0x00000000e0000000,0x00000000e0000000,0x00000000e2080000)
  from space 5120K, 100% used [0x00000000e2080000,0x00000000e2580000,0x00000000e2580000)
  to   space 5120K, 0% used [0x00000000e2580000,0x00000000e2580000,0x00000000e2a80000)
 ParOldGen       total 87552K, used 1918K [0x00000000a0000000, 0x00000000a5580000, 0x00000000e0000000)
  object space 87552K, 2% used [0x00000000a0000000,0x00000000a01df838,0x00000000a5580000)
 Metaspace       used 13403K, capacity 13764K, committed 14080K, reserved 1060864K
  class space    used 1838K, capacity 1996K, committed 2048K, reserved 1048576K
}
Event: 3.515 GC heap before
{Heap before GC invocations=4 (full 0):
 PSYoungGen      total 38400K, used 38400K [0x00000000e0000000, 0x00000000e2a80000, 0x0000000100000000)
  eden space 33280K, 100% used [0x00000000e0000000,0x00000000e2080000,0x00000000e2080000)
  from space 5120K, 100% used [0x00000000e2080000,0x00000000e2580000,0x00000000e2580000)
  to   space 5120K, 0% used [0x00000000e2580000,0x00000000e2580000,0x00000000e2a80000)
 ParOldGen       total 87552K, used 1918K [0x00000000a0000000, 0x00000000a5580000, 0x00000000e0000000)
  object space 87552K, 2% used [0x00000000a0000000,0x00000000a01df838,0x00000000a5580000)
 Metaspace       used 16274K, capacity 16628K, committed 16896K, reserved 1062912K
  class space    used 2329K, capacity 2486K, committed 2560K, reserved 1048576K
Event: 3.535 GC heap after
Heap after GC invocations=4 (full 0):
 PSYoungGen      total 38400K, used 5104K [0x00000000e0000000, 0x00000000e4b00000, 0x0000000100000000)
  eden space 33280K, 0% used [0x00000000e0000000,0x00000000e0000000,0x00000000e2080000)
  from space 5120K, 99% used [0x00000000e2580000,0x00000000e2a7c050,0x00000000e2a80000)
  to   space 5120K, 0% used [0x00000000e2080000,0x00000000e2080000,0x00000000e2580000)
 ParOldGen       total 87552K, used 5123K [0x00000000a0000000, 0x00000000a5580000, 0x00000000e0000000)
  object space 87552K, 5% used [0x00000000a0000000,0x00000000a0500ef0,0x00000000a5580000)
 Metaspace       used 16274K, capacity 16628K, committed 16896K, reserved 1062912K
  class space    used 2329K, capacity 2486K, committed 2560K, reserved 1048576K
}

Deoptimization events (10 events):
Event: 3.010 Thread 0x00000000195b6000 Uncommon trap: reason=class_check action=maybe_recompile pc=0x0000000002cf0a5c method=java.util.regex.Matcher.match(II)Z @ 86
Event: 3.303 Thread 0x00000000195b6000 Uncommon trap: reason=unstable_if action=reinterpret pc=0x0000000002e4bdb4 method=java.lang.String.lastIndexOf([CII[CIII)I @ 66
Event: 3.735 Thread 0x00000000195b6000 Uncommon trap: reason=unstable_if action=reinterpret pc=0x0000000002bc03c8 method=java.net.URI.match(CJJ)Z @ 19
Event: 3.735 Thread 0x00000000195b6000 Uncommon trap: reason=unstable_if action=reinterpret pc=0x0000000002cc0500 method=java.net.URI.match(CJJ)Z @ 19
Event: 3.735 Thread 0x00000000195b6000 Uncommon trap: reason=unstable_if action=reinterpret pc=0x0000000002bbf6c8 method=java.net.URI.match(CJJ)Z @ 19
Event: 3.797 Thread 0x00000000195b6000 Uncommon trap: reason=unstable_if action=reinterpret pc=0x0000000002d286d8 method=java.io.File.getName()Ljava/lang/String; @ 16
Event: 3.925 Thread 0x00000000195b6000 Uncommon trap: reason=bimorphic action=maybe_recompile pc=0x0000000002ed98c0 method=java.lang.ClassLoader.loadClass(Ljava/lang/String;Z)Ljava/lang/Class; @ 38
Event: 3.933 Thread 0x00000000195b6000 Uncommon trap: reason=bimorphic action=maybe_recompile pc=0x0000000002ed98c0 method=java.lang.ClassLoader.loadClass(Ljava/lang/String;Z)Ljava/lang/Class; @ 38
Event: 3.934 Thread 0x00000000195b6000 Uncommon trap: reason=bimorphic action=maybe_recompile pc=0x0000000002ed98c0 method=java.lang.ClassLoader.loadClass(Ljava/lang/String;Z)Ljava/lang/Class; @ 38
Event: 3.934 Thread 0x00000000195b6000 Uncommon trap: reason=bimorphic action=maybe_recompile pc=0x0000000002ed98c0 method=java.lang.ClassLoader.loadClass(Ljava/lang/String;Z)Ljava/lang/Class; @ 38

Classes redefined (0 events):
No events

Internal exceptions (10 events):
Event: 3.943 Thread 0x00000000195b6000 Exception <a 'java/lang/NoSuchMethodError': <clinit>> (0x00000000e1534cd8) thrown at [D:\src\AOSP-openjdk-cygwin\jdk8u\hotspot\src\share\vm\prims\jni.cpp, line 1613]
Event: 3.957 Thread 0x00000000195b6000 Exception <a 'java/lang/OutOfMemoryError'> (0x00000000e153ccc8) thrown at [D:\src\AOSP-openjdk-cygwin\jdk8u\hotspot\src\share\vm\prims\jni.cpp, line 735]
Event: 3.957 Thread 0x00000000195b6000 Exception <a 'java/lang/OutOfMemoryError'> (0x00000000e153ccc8) thrown at [D:\src\AOSP-openjdk-cygwin\jdk8u\hotspot\src\share\vm\prims\jvm.cpp, line 1394]
Event: 3.957 Thread 0x00000000195b6000 Exception <a 'java/lang/OutOfMemoryError'> (0x00000000e153ccc8) thrown at [D:\src\AOSP-openjdk-cygwin\jdk8u\hotspot\src\share\vm\prims\jvm.cpp, line 1394]
Event: 3.957 Thread 0x00000000195b6000 Exception <a 'java/lang/OutOfMemoryError'> (0x00000000e153ccc8) thrown at [D:\src\AOSP-openjdk-cygwin\jdk8u\hotspot\src\share\vm\prims\jvm.cpp, line 1394]
Event: 4.010 Thread 0x0000000019118800 Exception <a 'java/lang/NoSuchMethodError': <clinit>> (0x00000000e102a7f8) thrown at [D:\src\AOSP-openjdk-cygwin\jdk8u\hotspot\src\share\vm\prims\jni.cpp, line 1613]
Event: 4.014 Thread 0x0000000019118800 Exception <a 'java/lang/NoSuchMethodError': <clinit>> (0x00000000e1040870) thrown at [D:\src\AOSP-openjdk-cygwin\jdk8u\hotspot\src\share\vm\prims\jni.cpp, line 1613]
Event: 4.014 Thread 0x0000000019118800 Exception <a 'java/lang/NoSuchMethodError': <clinit>> (0x00000000e1041bd0) thrown at [D:\src\AOSP-openjdk-cygwin\jdk8u\hotspot\src\share\vm\prims\jni.cpp, line 1613]
Event: 4.015 Thread 0x0000000019118800 Exception <a 'java/lang/NoSuchMethodError': <clinit>> (0x00000000e1043190) thrown at [D:\src\AOSP-openjdk-cygwin\jdk8u\hotspot\src\share\vm\prims\jni.cpp, line 1613]
Event: 4.017 Thread 0x0000000019118800 Exception <a 'java/lang/NoSuchMethodError': <clinit>> (0x00000000e16134d8) thrown at [D:\src\AOSP-openjdk-cygwin\jdk8u\hotspot\src\share\vm\prims\jni.cpp, line 1613]

Events (10 events):
Event: 3.961 loading class org/gradle/tooling/internal/provider/events/DefaultFailure done
Event: 3.961 loading class org/gradle/tooling/internal/protocol/InternalFailure
Event: 3.961 loading class org/gradle/tooling/internal/protocol/InternalFailure done
Event: 3.962 loading class java/lang/Throwable$WrappedPrintWriter
Event: 3.962 loading class java/lang/Throwable$PrintStreamOrWriter
Event: 3.962 loading class java/lang/Throwable$PrintStreamOrWriter done
Event: 3.962 loading class java/lang/Throwable$WrappedPrintWriter done
Event: 3.962 loading class java/util/IdentityHashMap$KeySet
Event: 4.007 loading class java/util/IdentityHashMap$KeySet done
Event: 4.022 loading class java/util/concurrent/ConcurrentLinkedQueue$Itr


Dynamic libraries:
0x00007ff7af3d0000 - 0x00007ff7af401000 	C:\Program Files\Android\Android Studio\jre\bin\java.exe
0x00007fffe5440000 - 0x00007fffe5621000 	C:\WINDOWS\SYSTEM32\ntdll.dll
0x00007fffe5270000 - 0x00007fffe5321000 	C:\WINDOWS\System32\KERNEL32.DLL
0x00007fffe24b0000 - 0x00007fffe2723000 	C:\WINDOWS\System32\KERNELBASE.dll
0x00007fffe5360000 - 0x00007fffe5401000 	C:\WINDOWS\System32\ADVAPI32.dll
0x00007fffe30a0000 - 0x00007fffe313e000 	C:\WINDOWS\System32\msvcrt.dll
0x00007fffe2a70000 - 0x00007fffe2acb000 	C:\WINDOWS\System32\sechost.dll
0x00007fffe4f50000 - 0x00007fffe5074000 	C:\WINDOWS\System32\RPCRT4.dll
0x00007fffe28e0000 - 0x00007fffe2a70000 	C:\WINDOWS\System32\USER32.dll
0x00007fffe2360000 - 0x00007fffe2380000 	C:\WINDOWS\System32\win32u.dll
0x00007fffe5240000 - 0x00007fffe5268000 	C:\WINDOWS\System32\GDI32.dll
0x00007fffe2730000 - 0x00007fffe28c2000 	C:\WINDOWS\System32\gdi32full.dll
0x00007fffe19c0000 - 0x00007fffe1a5f000 	C:\WINDOWS\System32\msvcp_win.dll
0x00007fffe1860000 - 0x00007fffe1958000 	C:\WINDOWS\System32\ucrtbase.dll
0x00007fffcbfe0000 - 0x00007fffcc249000 	C:\WINDOWS\WinSxS\amd64_microsoft.windows.common-controls_6595b64144ccf1df_6.0.17134.765_none_fb42a1a930655896\COMCTL32.dll
0x00007fffe33c0000 - 0x00007fffe36e2000 	C:\WINDOWS\System32\combase.dll
0x00007fffe2430000 - 0x00007fffe24aa000 	C:\WINDOWS\System32\bcryptPrimitives.dll
0x00007fffe5330000 - 0x00007fffe535d000 	C:\WINDOWS\System32\IMM32.DLL
0x000000005e900000 - 0x000000005e9d2000 	C:\Program Files\Android\Android Studio\jre\jre\bin\msvcr100.dll
0x000000005d960000 - 0x000000005e1a1000 	C:\Program Files\Android\Android Studio\jre\jre\bin\server\jvm.dll
0x00007fffe5100000 - 0x00007fffe5108000 	C:\WINDOWS\System32\PSAPI.DLL
0x00007fffcffa0000 - 0x00007fffcffaa000 	C:\WINDOWS\SYSTEM32\VERSION.dll
0x00007fffdf610000 - 0x00007fffdf633000 	C:\WINDOWS\SYSTEM32\WINMM.dll
0x00007fffcbc80000 - 0x00007fffcbc89000 	C:\WINDOWS\SYSTEM32\WSOCK32.dll
0x00007fffe51d0000 - 0x00007fffe523c000 	C:\WINDOWS\System32\WS2_32.dll
0x00007fffdf4d0000 - 0x00007fffdf4fa000 	C:\WINDOWS\SYSTEM32\winmmbase.dll
0x00007fffe1810000 - 0x00007fffe1859000 	C:\WINDOWS\System32\cfgmgr32.dll
0x00007fffdc330000 - 0x00007fffdc33f000 	C:\Program Files\Android\Android Studio\jre\jre\bin\verify.dll
0x00007fffd1b30000 - 0x00007fffd1b59000 	C:\Program Files\Android\Android Studio\jre\jre\bin\java.dll
0x00007fffd8b00000 - 0x00007fffd8b16000 	C:\Program Files\Android\Android Studio\jre\jre\bin\zip.dll
0x00007fffe38c0000 - 0x00007fffe4d00000 	C:\WINDOWS\System32\SHELL32.dll
0x00007fffe3790000 - 0x00007fffe3839000 	C:\WINDOWS\System32\shcore.dll
0x00007fffe1a60000 - 0x00007fffe216d000 	C:\WINDOWS\System32\windows.storage.dll
0x00007fffe5110000 - 0x00007fffe5161000 	C:\WINDOWS\System32\shlwapi.dll
0x00007fffe17b0000 - 0x00007fffe17c1000 	C:\WINDOWS\System32\kernel.appcore.dll
0x00007fffe17d0000 - 0x00007fffe17ef000 	C:\WINDOWS\System32\profapi.dll
0x00007fffe1750000 - 0x00007fffe179c000 	C:\WINDOWS\System32\powrprof.dll
0x00007fffe17a0000 - 0x00007fffe17aa000 	C:\WINDOWS\System32\FLTLIB.DLL
0x00007fffd66c0000 - 0x00007fffd66da000 	C:\Program Files\Android\Android Studio\jre\jre\bin\net.dll
0x00007fffe0f70000 - 0x00007fffe0fd6000 	C:\WINDOWS\system32\mswsock.dll
0x00007fffd0d60000 - 0x00007fffd0d71000 	C:\Program Files\Android\Android Studio\jre\jre\bin\nio.dll
0x00007fffdc3d0000 - 0x00007fffdc3ee000 	C:\Users\rutvi\.gradle\native\25\windows-amd64\native-platform.dll
0x00007fffdc320000 - 0x00007fffdc32d000 	C:\Program Files\Android\Android Studio\jre\jre\bin\management.dll
0x00007fffe1120000 - 0x00007fffe1137000 	C:\WINDOWS\SYSTEM32\CRYPTSP.dll
0x00007fffe0b50000 - 0x00007fffe0b83000 	C:\WINDOWS\system32\rsaenh.dll
0x00007fffe12b0000 - 0x00007fffe12d5000 	C:\WINDOWS\SYSTEM32\bcrypt.dll
0x00007fffe1680000 - 0x00007fffe16a8000 	C:\WINDOWS\SYSTEM32\USERENV.dll
0x00007fffe1140000 - 0x00007fffe114b000 	C:\WINDOWS\SYSTEM32\CRYPTBASE.dll
0x00007fffe0cf0000 - 0x00007fffe0d28000 	C:\WINDOWS\SYSTEM32\IPHLPAPI.DLL
0x00007fffe33b0000 - 0x00007fffe33b8000 	C:\WINDOWS\System32\NSI.dll
0x00007fffdc120000 - 0x00007fffdc136000 	C:\WINDOWS\SYSTEM32\dhcpcsvc6.DLL
0x00007fffdc490000 - 0x00007fffdc4aa000 	C:\WINDOWS\SYSTEM32\dhcpcsvc.DLL

VM Arguments:
jvm_args: -Xmx1536m -Dfile.encoding=windows-1252 -Duser.country=IN -Duser.language=en -Duser.variant 
java_command: org.gradle.launcher.daemon.bootstrap.GradleDaemon 5.1.1
java_class_path (initial): C:\Users\rutvi\.gradle\wrapper\dists\gradle-5.1.1-all\97z1ksx6lirer3kbvdnh7jtjg\gradle-5.1.1\lib\gradle-launcher-5.1.1.jar
Launcher Type: SUN_STANDARD

Environment Variables:
PATH=C:\Program Files (x86)\Common Files\Oracle\Java\javapath;C:\ProgramData\Oracle\Java\javapath;C:\WINDOWS\system32;C:\WINDOWS;C:\WINDOWS\System32\Wbem;C:\WINDOWS\System32\WindowsPowerShell\v1.0\;C:\Program Files (x86)\ATI Technologies\ATI.ACE\Core-Static;C:\WINDOWS\System32\OpenSSH\;C:\Program Files\Intel\WiFi\bin\;C:\Program Files\Common Files\Intel\WirelessCommon\;c:\Program Files (x86)\Microsoft SQL Server\90\Tools\binn\;C:\Program Files (x86)\MySQL\MySQL Utilities 1.6\;C:\Program Files\Java\jdk-10.0.2\bin;C:\Program Files\Java\jre-10.0.2\bin;C:\Program Files\Git\cmd;C:\Program Files\Git;C:\Program Files\nodejs\;C:\Program Files\Java\jdk-10.0.2\bin;C:\Program Files\heroku\bin;C:\Users\rutvi\AppData\Roaming\npm;C:\Users\rutvi\AppData\Local\Programs\Microsoft VS Code\bin;C:\Program Files\MongoDB\Server\4.0\bin;
USERNAME=rutvi
OS=Windows_NT
PROCESSOR_IDENTIFIER=Intel64 Family 6 Model 61 Stepping 4, GenuineIntel



---------------  S Y S T E M  ---------------

OS: Windows 10.0 , 64 bit Build 17134 (10.0.17134.753)

CPU:total 4 (initial active 4) (2 cores per cpu, 2 threads per core) family 6 model 61 stepping 4, cmov, cx8, fxsr, mmx, sse, sse2, sse3, ssse3, sse4.1, sse4.2, popcnt, avx, avx2, aes, clmul, erms, 3dnowpref, lzcnt, ht, tsc, tscinvbit, bmi1, bmi2, adx

Memory: 4k page, physical 8301008k(884340k free), swap 11155920k(5980k free)

vm_info: OpenJDK 64-Bit Server VM (25.152-b01) for windows-amd64 JRE (1.8.0_152-release-1248-b01), built by "builder" with MS VC++ 10.0 (VS2010)

time: Sat Jun 01 08:53:35 2019
elapsed time: 4 seconds (0d 0h 0m 4s)

