#
# There is insufficient memory for the Java Runtime Environment to continue.
# Native memory allocation (malloc) failed to allocate 1112336 bytes for Chunk::new
# Possible reasons:
#   The system is out of physical RAM or swap space
#   In 32 bit mode, the process size limit was hit
# Possible solutions:
#   Reduce memory load on the system
#   Increase physical memory or swap space
#   Check if swap backing store is full
#   Use 64 bit Java on a 64 bit OS
#   Decrease Java heap size (-Xmx/-Xms)
#   Decrease number of Java threads
#   Decrease Java thread stack sizes (-Xss)
#   Set larger code cache with -XX:ReservedCodeCacheSize=
# This output file may be truncated or incomplete.
#
#  Out of Memory Error (allocation.cpp:390), pid=12808, tid=0x0000000000002bbc
#
# JRE version: OpenJDK Runtime Environment (8.0_152-b01) (build 1.8.0_152-release-1343-b01)
# Java VM: OpenJDK 64-Bit Server VM (25.152-b01 mixed mode windows-amd64 compressed oops)
# Failed to write core dump. Minidumps are not enabled by default on client versions of Windows
#

---------------  T H R E A D  ---------------

Current thread (0x00000000142fc000):  JavaThread "C2 CompilerThread1" daemon [_thread_in_native, id=11196, stack(0x0000000015a70000,0x0000000015b70000)]

Stack: [0x0000000015a70000,0x0000000015b70000]
[error occurred during error reporting (printing stack bounds), id 0xc0000005]

Native frames: (J=compiled Java code, j=interpreted, Vv=VM code, C=native code)


Current CompileTask:
C2:4624417 17778   !   4       org.gradle.internal.classloader.CachingClassLoader::loadClass (85 bytes)


---------------  P R O C E S S  ---------------

Java Threads: ( => current thread )
  0x000000001aee2800 JavaThread "ForkJoinPool.commonPool-worker-3" daemon [_thread_blocked, id=5608, stack(0x0000000026480000,0x0000000026580000)]
  0x000000001aedc000 JavaThread "Cache worker for Java compile cache (D:\BMA\.gradle\5.1.1\javaCompile)" [_thread_blocked, id=11324, stack(0x0000000026180000,0x0000000026280000)]
  0x000000001aed4000 JavaThread "Cache worker for Java compile cache (C:\Users\rutvi\.gradle\caches\5.1.1\javaCompile)" [_thread_blocked, id=6020, stack(0x0000000026080000,0x0000000026180000)]
  0x000000001aed6800 JavaThread "stdout" daemon [_thread_in_native, id=11256, stack(0x0000000025d80000,0x0000000025e80000)]
  0x000000001aed9800 JavaThread "stderr" daemon [_thread_in_native, id=3648, stack(0x0000000025c80000,0x0000000025d80000)]
  0x000000001aeda800 JavaThread "stdout" daemon [_thread_in_native, id=6964, stack(0x0000000025b80000,0x0000000025c80000)]
  0x000000001aed9000 JavaThread "stderr" daemon [_thread_in_native, id=8688, stack(0x0000000025a80000,0x0000000025b80000)]
  0x000000001aed8000 JavaThread "stdout" daemon [_thread_in_native, id=12440, stack(0x0000000025980000,0x0000000025a80000)]
  0x0000000017571800 JavaThread "stderr" daemon [_thread_in_native, id=9444, stack(0x0000000025880000,0x0000000025980000)]
  0x0000000017572000 JavaThread "pool-6-thread-1" [_thread_blocked, id=13080, stack(0x0000000025780000,0x0000000025880000)]
  0x000000001a27b800 JavaThread "Cache worker for execution history cache (D:\BMA\.gradle\5.1.1\executionHistory)" [_thread_blocked, id=1964, stack(0x0000000025080000,0x0000000025180000)]
  0x000000001a27a800 JavaThread "Execution worker for ':' Thread 3" [_thread_blocked, id=10148, stack(0x0000000024f80000,0x0000000025080000)]
  0x000000001a281800 JavaThread "Execution worker for ':' Thread 2" [_thread_blocked, id=10084, stack(0x0000000024e80000,0x0000000024f80000)]
  0x000000001a27e800 JavaThread "Execution worker for ':'" [_thread_blocked, id=10132, stack(0x0000000024d80000,0x0000000024e80000)]
  0x000000001a280800 JavaThread "Cache worker for file content cache (D:\BMA\.gradle\5.1.1\fileContent)" [_thread_blocked, id=8084, stack(0x0000000024c80000,0x0000000024d80000)]
  0x000000001a9d8000 JavaThread "Cache worker for file content cache (C:\Users\rutvi\.gradle\caches\5.1.1\fileContent)" [_thread_blocked, id=2872, stack(0x0000000024b80000,0x0000000024c80000)]
  0x000000001a9db000 JavaThread "Cache worker for Build Output Cleanup Cache (D:\BMA\.gradle\buildOutputCleanup)" [_thread_blocked, id=488, stack(0x0000000024a80000,0x0000000024b80000)]
  0x000000001a9dd000 JavaThread "pool-5-thread-1" [_thread_blocked, id=6956, stack(0x0000000024980000,0x0000000024a80000)]
  0x000000001a9da000 JavaThread "Build operations Thread 4" [_thread_blocked, id=8568, stack(0x0000000024880000,0x0000000024980000)]
  0x000000001a9d7000 JavaThread "Build operations Thread 3" [_thread_blocked, id=492, stack(0x0000000024780000,0x0000000024880000)]
  0x000000001a9d9800 JavaThread "Build operations Thread 2" [_thread_blocked, id=916, stack(0x0000000024680000,0x0000000024780000)]
  0x000000001a9dc800 JavaThread "Build operations" [_thread_blocked, id=13652, stack(0x0000000024580000,0x0000000024680000)]
  0x000000001a9db800 JavaThread "Cache worker for cache directory md-rule (C:\Users\rutvi\.gradle\caches\5.1.1\md-rule)" [_thread_blocked, id=8884, stack(0x0000000024480000,0x0000000024580000)]
  0x000000001a9d4000 JavaThread "Cache worker for cache directory md-supplier (C:\Users\rutvi\.gradle\caches\5.1.1\md-supplier)" [_thread_blocked, id=8044, stack(0x0000000024380000,0x0000000024480000)]
  0x000000001a9d8800 JavaThread "Cache worker for file hash cache (D:\BMA\.gradle\5.1.1\fileHashes)" [_thread_blocked, id=12412, stack(0x0000000024280000,0x0000000024380000)]
  0x000000001a9cf800 JavaThread "Thread-49" [_thread_blocked, id=12536, stack(0x0000000024180000,0x0000000024280000)]
  0x000000001a9d2800 JavaThread "Asynchronous log dispatcher for DefaultDaemonConnection: socket connection from /127.0.0.1:59665 to /127.0.0.1:60087" [_thread_blocked, id=8996, stack(0x0000000023f80000,0x0000000024080000)]
  0x000000001a9d6800 JavaThread "Daemon worker Thread 3" [_thread_blocked, id=12880, stack(0x0000000023e80000,0x0000000023f80000)]
  0x000000001a9d5800 JavaThread "Cancel handler" [_thread_blocked, id=4312, stack(0x0000000023d80000,0x0000000023e80000)]
  0x000000001a9cf000 JavaThread "Handler for socket connection from /127.0.0.1:59665 to /127.0.0.1:60087" [_thread_in_native, id=12624, stack(0x0000000023c80000,0x0000000023d80000)]
  0x000000001a9ce000 JavaThread "Daemon Thread 3" [_thread_blocked, id=9648, stack(0x0000000023b80000,0x0000000023c80000)]
  0x000000001a27f000 JavaThread "Memory manager" [_thread_blocked, id=11804, stack(0x0000000020290000,0x0000000020390000)]
  0x0000000017575000 JavaThread "Cache worker for execution history cache (C:\Users\rutvi\.gradle\caches\5.1.1\executionHistory)" [_thread_blocked, id=9976, stack(0x000000001def0000,0x000000001dff0000)]
  0x0000000017570000 JavaThread "Cache worker for journal cache (C:\Users\rutvi\.gradle\caches\journal-1)" [_thread_blocked, id=13668, stack(0x0000000018dc0000,0x0000000018ec0000)]
  0x0000000017576800 JavaThread "File lock request listener" [_thread_in_native, id=4676, stack(0x0000000018cc0000,0x0000000018dc0000)]
  0x0000000017587000 JavaThread "Cache worker for file hash cache (C:\Users\rutvi\.gradle\caches\5.1.1\fileHashes)" [_thread_blocked, id=7860, stack(0x0000000018bc0000,0x0000000018cc0000)]
  0x0000000017004800 JavaThread "Daemon periodic checks" [_thread_blocked, id=9724, stack(0x00000000181c0000,0x00000000182c0000)]
  0x0000000016fe9800 JavaThread "Incoming local TCP Connector on port 59665" [_thread_in_native, id=4760, stack(0x0000000017f80000,0x0000000018080000)]
  0x000000001435e000 JavaThread "Service Thread" daemon [_thread_blocked, id=7356, stack(0x0000000016070000,0x0000000016170000)]
  0x00000000142ff800 JavaThread "C1 CompilerThread2" daemon [_thread_in_vm, id=4020, stack(0x0000000015b70000,0x0000000015c70000)]
=>0x00000000142fc000 JavaThread "C2 CompilerThread1" daemon [_thread_in_native, id=11196, stack(0x0000000015a70000,0x0000000015b70000)]
  0x00000000142f8800 JavaThread "C2 CompilerThread0" daemon [_thread_blocked, id=9524, stack(0x0000000015970000,0x0000000015a70000)]
  0x0000000014306000 JavaThread "Attach Listener" daemon [_thread_blocked, id=892, stack(0x0000000015870000,0x0000000015970000)]
  0x0000000014305000 JavaThread "Signal Dispatcher" daemon [_thread_blocked, id=4920, stack(0x0000000015770000,0x0000000015870000)]
  0x0000000002edb800 JavaThread "Finalizer" daemon [_thread_blocked, id=2528, stack(0x0000000015580000,0x0000000015680000)]
  0x0000000002ed0800 JavaThread "Reference Handler" daemon [_thread_blocked, id=8176, stack(0x0000000015480000,0x0000000015580000)]
  0x0000000000e2d800 JavaThread "main" [_thread_blocked, id=6872, stack(0x0000000002c80000,0x0000000002d80000)]

Other Threads:
  0x00000000142c6000 VMThread [stack: 0x0000000015380000,0x0000000015480000] [id=12764]
  0x0000000015c9e000 WatcherThread [stack: 0x0000000016170000,0x0000000016270000] [id=13232]

VM state:synchronizing (normal execution)

VM Mutex/Monitor currently owned by a thread:  ([mutex/lock_event])
[0x0000000000e2c360] CodeCache_lock - owner thread: 0x00000000142ff800
[0x0000000000e2d630] Threads_lock - owner thread: 0x00000000142c6000
[0x0000000000e2cb30] Heap_lock - owner thread: 0x000000001a281800

Heap:
 PSYoungGen      total 116736K, used 75655K [0x00000000f5580000, 0x0000000100000000, 0x0000000100000000)
  eden space 58880K, 56% used [0x00000000f5580000,0x00000000f75edd70,0x00000000f8f00000)
  from space 57856K, 73% used [0x00000000f8f00000,0x00000000fb874130,0x00000000fc780000)
  to   space 57856K, 0% used [0x00000000fc780000,0x00000000fc780000,0x0000000100000000)
 ParOldGen       total 339456K, used 140397K [0x00000000e0000000, 0x00000000f4b80000, 0x00000000f5580000)
  object space 339456K, 41% used [0x00000000e0000000,0x00000000e891b678,0x00000000f4b80000)
 Metaspace       used 100354K, capacity 103072K, committed 104280K, reserved 1144832K
  class space    used 12543K, capacity 13157K, committed 13440K, reserved 1048576K

Card table byte_map: [0x00000000122a0000,0x00000000123b0000] byte_map_base: 0x0000000011ba0000

Marking Bits: (ParMarkBitMap*) 0x000000006dd65aa0
 Begin Bits: [0x0000000012860000, 0x0000000013060000)
 End Bits:   [0x0000000013060000, 0x0000000013860000)

Polling page: 0x0000000001360000

CodeCache: size=245760Kb used=50864Kb max_used=51977Kb free=194895Kb
 bounds [0x0000000002ee0000, 0x00000000061e0000, 0x0000000011ee0000]
 total_blobs=15433 nmethods=14503 adapters=841
 compilation: enabled

Compilation events (10 events):
Event: 4621.752 Thread 0x00000000142ff800 17804       1       com.android.tools.r8.ir.conversion.IRBuilder$WorklistItem::access$400 (5 bytes)
Event: 4621.753 Thread 0x00000000142ff800 nmethod 17804 0x00000000061de8d0 code [0x00000000061dea20, 0x00000000061deb10]
Event: 4621.753 Thread 0x00000000142ff800 17806       3       com.android.tools.r8.ir.conversion.JarState::closeLocals (92 bytes)
Event: 4621.753 Thread 0x00000000142ff800 nmethod 17806 0x00000000061deb90 code [0x00000000061deda0, 0x00000000061df7c8]
Event: 4621.754 Thread 0x00000000142ff800 17805       3       com.android.tools.r8.ir.conversion.JarState::endTransaction (13 bytes)
Event: 4621.841 Thread 0x00000000142f8800 

Event: 4621.850 Thread 0x00000000142f8800 17822       4       com.android.tools.r8.ir.code.BasicBlockInstructionIterator::hasNext (10 bytes)
Event: 4621.851 Thread 0x00000000142f8800 nmethod 17822 0x0000000003d45410 code [0x0000000003d45560, 0x0000000003d45618]
Event: 4621.852 Thread 0x00000000142f8800 17823       4       com.android.tools.r8.ir.code.BasicBlockInstructionIterator::next (5 bytes)
Event: 4621.855 Thread 0x00000000142f8800 nmethod 17823 0x0000000005366e50 code [0x0000000005366fa0, 0x0000000005367158]

GC Heap History (10 events):
Event: 4591.680 GC heap before
{Heap before GC invocations=25 (full 3):
 PSYoungGen      total 124928K, used 124902K [0x00000000f5580000, 0x0000000100000000, 0x0000000100000000)
  eden space 75264K, 100% used [0x00000000f5580000,0x00000000f9f00000,0x00000000f9f00000)
  from space 49664K, 99% used [0x00000000f9f00000,0x00000000fcf79ad0,0x00000000fcf80000)
  to   space 49664K, 0% used [0x00000000fcf80000,0x00000000fcf80000,0x0000000100000000)
 ParOldGen       total 185856K, used 92986K [0x00000000e0000000, 0x00000000eb580000, 0x00000000f5580000)
  object space 185856K, 50% used [0x00000000e0000000,0x00000000e5ace9f0,0x00000000eb580000)
 Metaspace       used 93595K, capacity 96838K, committed 97112K, reserved 1134592K
  class space    used 11776K, capacity 12405K, committed 12416K, reserved 1048576K
Event: 4591.799 GC heap after
Heap after GC invocations=25 (full 3):
 PSYoungGen      total 108544K, used 49635K [0x00000000f5580000, 0x0000000100000000, 0x0000000100000000)
  eden space 58880K, 0% used [0x00000000f5580000,0x00000000f5580000,0x00000000f8f00000)
  from space 49664K, 99% used [0x00000000fcf80000,0x00000000ffff8ff0,0x0000000100000000)
  to   space 57856K, 0% used [0x00000000f8f00000,0x00000000f8f00000,0x00000000fc780000)
 ParOldGen       total 185856K, used 133204K [0x00000000e0000000, 0x00000000eb580000, 0x00000000f5580000)
  object space 185856K, 71% used [0x00000000e0000000,0x00000000e8215388,0x00000000eb580000)
 Metaspace       used 93595K, capacity 96838K, committed 97112K, reserved 1134592K
  class space    used 11776K, capacity 12405K, committed 12416K, reserved 1048576K
}
Event: 4592.260 GC heap before
{Heap before GC invocations=26 (full 3):
 PSYoungGen      total 108544K, used 108515K [0x00000000f5580000, 0x0000000100000000, 0x0000000100000000)
  eden space 58880K, 100% used [0x00000000f5580000,0x00000000f8f00000,0x00000000f8f00000)
  from space 49664K, 99% used [0x00000000fcf80000,0x00000000ffff8ff0,0x0000000100000000)
  to   space 57856K, 0% used [0x00000000f8f00000,0x00000000f8f00000,0x00000000fc780000)
 ParOldGen       total 185856K, used 133204K [0x00000000e0000000, 0x00000000eb580000, 0x00000000f5580000)
  object space 185856K, 71% used [0x00000000e0000000,0x00000000e8215388,0x00000000eb580000)
 Metaspace       used 93626K, capacity 96838K, committed 97112K, reserved 1134592K
  class space    used 11776K, capacity 12405K, committed 12416K, reserved 1048576K
Event: 4592.448 GC heap after
Heap after GC invocations=26 (full 3):
 PSYoungGen      total 116736K, used 57838K [0x00000000f5580000, 0x0000000100000000, 0x0000000100000000)
  eden space 58880K, 0% used [0x00000000f5580000,0x00000000f5580000,0x00000000f8f00000)
  from space 57856K, 99% used [0x00000000f8f00000,0x00000000fc77bb18,0x00000000fc780000)
  to   space 57856K, 0% used [0x00000000fc780000,0x00000000fc780000,0x0000000100000000)
 ParOldGen       total 185856K, used 163842K [0x00000000e0000000, 0x00000000eb580000, 0x00000000f5580000)
  object space 185856K, 88% used [0x00000000e0000000,0x00000000ea000970,0x00000000eb580000)
 Metaspace       used 93626K, capacity 96838K, committed 97112K, reserved 1134592K
  class space    used 11776K, capacity 12405K, committed 12416K, reserved 1048576K
}
Event: 4592.510 GC heap before
{Heap before GC invocations=27 (full 4):
 PSYoungGen      total 116736K, used 57838K [0x00000000f5580000, 0x0000000100000000, 0x0000000100000000)
  eden space 58880K, 0% used [0x00000000f5580000,0x00000000f5580000,0x00000000f8f00000)
  from space 57856K, 99% used [0x00000000f8f00000,0x00000000fc77bb18,0x00000000fc780000)
  to   space 57856K, 0% used [0x00000000fc780000,0x00000000fc780000,0x0000000100000000)
 ParOldGen       total 185856K, used 163842K [0x00000000e0000000, 0x00000000eb580000, 0x00000000f5580000)
  object space 185856K, 88% used [0x00000000e0000000,0x00000000ea000970,0x00000000eb580000)
 Metaspace       used 93626K, capacity 96838K, committed 97112K, reserved 1134592K
  class space    used 11776K, capacity 12405K, committed 12416K, reserved 1048576K
Event: 4597.016 GC heap after
Heap after GC invocations=27 (full 4):
 PSYoungGen      total 116736K, used 0K [0x00000000f5580000, 0x0000000100000000, 0x0000000100000000)
  eden space 58880K, 0% used [0x00000000f5580000,0x00000000f5580000,0x00000000f8f00000)
  from space 57856K, 0% used [0x00000000f8f00000,0x00000000f8f00000,0x00000000fc780000)
  to   space 57856K, 0% used [0x00000000fc780000,0x00000000fc780000,0x0000000100000000)
 ParOldGen       total 339456K, used 140381K [0x00000000e0000000, 0x00000000f4b80000, 0x00000000f5580000)
  object space 339456K, 41% used [0x00000000e0000000,0x00000000e8917678,0x00000000f4b80000)
 Metaspace       used 92758K, capacity 95178K, committed 97112K, reserved 1134592K
  class space    used 11611K, capacity 12122K, committed 12416K, reserved 1048576K
}
Event: 4600.561 GC heap before
{Heap before GC invocations=28 (full 4):
 PSYoungGen      total 116736K, used 58880K [0x00000000f5580000, 0x0000000100000000, 0x0000000100000000)
  eden space 58880K, 100% used [0x00000000f5580000,0x00000000f8f00000,0x00000000f8f00000)
  from space 57856K, 0% used [0x00000000f8f00000,0x00000000f8f00000,0x00000000fc780000)
  to   space 57856K, 0% used [0x00000000fc780000,0x00000000fc780000,0x0000000100000000)
 ParOldGen       total 339456K, used 140381K [0x00000000e0000000, 0x00000000f4b80000, 0x00000000f5580000)
  object space 339456K, 41% used [0x00000000e0000000,0x00000000e8917678,0x00000000f4b80000)
 Metaspace       used 93541K, capacity 95978K, committed 97752K, reserved 1134592K
  class space    used 11686K, capacity 12218K, committed 12544K, reserved 1048576K
Event: 4600.627 GC heap after
Heap after GC invocations=28 (full 4):
 PSYoungGen      total 116736K, used 39696K [0x00000000f5580000, 0x0000000100000000, 0x0000000100000000)
  eden space 58880K, 0% used [0x00000000f5580000,0x00000000f5580000,0x00000000f8f00000)
  from space 57856K, 68% used [0x00000000fc780000,0x00000000fee44098,0x0000000100000000)
  to   space 57856K, 0% used [0x00000000f8f00000,0x00000000f8f00000,0x00000000fc780000)
 ParOldGen       total 339456K, used 140389K [0x00000000e0000000, 0x00000000f4b80000, 0x00000000f5580000)
  object space 339456K, 41% used [0x00000000e0000000,0x00000000e8919678,0x00000000f4b80000)
 Metaspace       used 93541K, capacity 95978K, committed 97752K, reserved 1134592K
  class space    used 11686K, capacity 12218K, committed 12544K, reserved 1048576K
}
Event: 4614.689 GC heap before
{Heap before GC invocations=29 (full 4):
 PSYoungGen      total 116736K, used 98576K [0x00000000f5580000, 0x0000000100000000, 0x0000000100000000)
  eden space 58880K, 100% used [0x00000000f5580000,0x00000000f8f00000,0x00000000f8f00000)
  from space 57856K, 68% used [0x00000000fc780000,0x00000000fee44098,0x0000000100000000)
  to   space 57856K, 0% used [0x00000000f8f00000,0x00000000f8f00000,0x00000000fc780000)
 ParOldGen       total 339456K, used 140389K [0x00000000e0000000, 0x00000000f4b80000, 0x00000000f5580000)
  object space 339456K, 41% used [0x00000000e0000000,0x00000000e8919678,0x00000000f4b80000)
 Metaspace       used 94808K, capacity 97384K, committed 98904K, reserved 1136640K
  class space    used 11803K, capacity 12395K, committed 12672K, reserved 1048576K
Event: 4614.747 GC heap after
Heap after GC invocations=29 (full 4):
 PSYoungGen      total 116736K, used 42448K [0x00000000f5580000, 0x0000000100000000, 0x0000000100000000)
  eden space 58880K, 0% used [0x00000000f5580000,0x00000000f5580000,0x00000000f8f00000)
  from space 57856K, 73% used [0x00000000f8f00000,0x00000000fb874130,0x00000000fc780000)
  to   space 57856K, 0% used [0x00000000fc780000,0x00000000fc780000,0x0000000100000000)
 ParOldGen       total 339456K, used 140397K [0x00000000e0000000, 0x00000000f4b80000, 0x00000000f5580000)
  object space 339456K, 41% used [0x00000000e0000000,0x00000000e891b678,0x00000000f4b80000)
 Metaspace       used 94808K, capacity 97384K, committed 98904K, reserved 1136640K
  class space    used 11803K, capacity 12395K, committed 12672K, reserved 1048576K
}

Deoptimization events (10 events):
Event: 4616.344 Thread 0x000000001a281800 Uncommon trap: reason=unstable_if action=reinterpret pc=0x00000000048473a0 method=java.nio.Bits.putInt(Ljava/nio/ByteBuffer;IIZ)V @ 1
Event: 4616.752 Thread 0x000000001a281800 Uncommon trap: reason=unstable_if action=reinterpret pc=0x000000000337dd54 method=com.android.tools.r8.utils.IdentifierUtils.isSimpleNameChar(I)Z @ 39
Event: 4621.394 Thread 0x000000001a281800 Uncommon trap: reason=bimorphic action=maybe_recompile pc=0x0000000004e467d0 method=java.util.LinkedList.remove(Ljava/lang/Object;)Z @ 53
Event: 4621.399 Thread 0x000000001a281800 Uncommon trap: reason=bimorphic action=maybe_recompile pc=0x0000000004e467d0 method=java.util.LinkedList.remove(Ljava/lang/Object;)Z @ 53
Event: 4621.399 Thread 0x000000001a281800 Uncommon trap: reason=bimorphic action=maybe_recompile pc=0x0000000004e467d0 method=java.util.LinkedList.remove(Ljava/lang/Object;)Z @ 53
Event: 4621.400 Thread 0x000000001a281800 Uncommon trap: reason=bimorphic action=maybe_recompile pc=0x0000000004e467d0 method=java.util.LinkedList.remove(Ljava/lang/Object;)Z @ 53
Event: 4621.735 Thread 0x000000001a281800 Uncommon trap: reason=bimorphic action=maybe_recompile pc=0x000000000395bd88 method=java.util.Spliterators$IteratorSpliterator.tryAdvance(Ljava/util/function/Consumer;)Z @ 68
Event: 4621.771 Thread 0x000000001a281800 Uncommon trap: reason=bimorphic action=maybe_recompile pc=0x000000000395bd88 method=java.util.Spliterators$IteratorSpliterator.tryAdvance(Ljava/util/function/Consumer;)Z @ 68
Event: 4621.781 Thread 0x000000001a281800 Uncommon trap: reason=bimorphic action=maybe_recompile pc=0x000000000395bd88 method=java.util.Spliterators$IteratorSpliterator.tryAdvance(Ljava/util/function/Consumer;)Z @ 68
Event: 4621.854 Thread 0x000000001a281800 Uncommon trap: reason=bimorphic action=maybe_recompile pc=0x000000000395bd88 method=java.util.Spliterators$IteratorSpliterator.tryAdvance(Ljava/util/function/Consumer;)Z @ 68

Classes redefined (0 events):
No events

Internal exceptions (10 events):
Event: 4587.776 Thread 0x000000001a281800 Implicit null exception at 0x00000000057ca1af to 0x00000000057ca5bd
Event: 4588.853 Thread 0x000000001a281800 Implicit null exception at 0x0000000005ca8292 to 0x0000000005ca84d5
Event: 4591.563 Thread 0x000000001a281800 Implicit null exception at 0x0000000005c522fd to 0x0000000005c5315e
Event: 4603.726 Thread 0x000000001a9da000 Implicit null exception at 0x0000000003743b40 to 0x000000000374ad55
Event: 4608.294 Thread 0x000000001a9cf800 Exception <a 'java/lang/NoSuchMethodError': <clinit>> (0x00000000f7bbc080) thrown at [D:\src\AOSP-openjdk-cygwin\jdk8u\hotspot\src\share\vm\prims\jni.cpp, line 1613]
Event: 4608.299 Thread 0x000000001a9cf800 Exception <a 'java/lang/NoSuchMethodError': <clinit>> (0x00000000f7bd0b70) thrown at [D:\src\AOSP-openjdk-cygwin\jdk8u\hotspot\src\share\vm\prims\jni.cpp, line 1613]
Event: 4609.034 Thread 0x000000001a281800 Exception <a 'sun/nio/fs/WindowsException'> (0x00000000f7b51588) thrown at [D:\src\AOSP-openjdk-cygwin\jdk8u\hotspot\src\share\vm\prims\jni.cpp, line 709]
Event: 4611.482 Thread 0x000000001aee2800 Exception <a 'java/lang/NoSuchMethodError': java.lang.Object.lambda$static$0(Ljava/lang/String;)Z> (0x00000000f8899950) thrown at [D:\src\AOSP-openjdk-cygwin\jdk8u\hotspot\src\share\vm\interpreter\linkResolver.cpp, line 584]
Event: 4613.894 Thread 0x000000001a281800 Exception <a 'java/lang/NoSuchMethodError': java.lang.Object.lambda$and$0(Ljava/util/function/Predicate;Ljava/lang/Object;)Z> (0x00000000f8dffe98) thrown at [D:\src\AOSP-openjdk-cygwin\jdk8u\hotspot\src\share\vm\interpreter\linkResolver.cpp, line 584]
Event: 4615.102 Thread 0x000000001a281800 Exception <a 'sun/nio/fs/WindowsException'> (0x00000000f57b3080) thrown at [D:\src\AOSP-openjdk-cygwin\jdk8u\hotspot\src\share\vm\prims\jni.cpp, line 709]

Events (10 events):
Event: 4621.950 loading class com/android/tools/r8/com/google/common/collect/SortedIterable
Event: 4621.950 loading class com/android/tools/r8/com/google/common/collect/SortedIterable done
Event: 4621.951 loading class com/android/tools/r8/com/google/common/collect/AbstractMultiset$EntrySet
Event: 4621.951 loading class com/android/tools/r8/com/google/common/collect/AbstractMultiset$EntrySet done
Event: 4621.951 loading class com/android/tools/r8/com/google/common/collect/Multisets$EntrySet
Event: 4621.951 loading class com/android/tools/r8/com/google/common/collect/Multisets$EntrySet done
Event: 4621.952 loading class com/android/tools/r8/com/google/common/collect/AbstractMapBasedMultiset$1
Event: 4621.952 loading class com/android/tools/r8/com/google/common/collect/AbstractMapBasedMultiset$1 done
Event: 4621.952 loading class com/android/tools/r8/com/google/common/primitives/Ints
Event: 4621.952 loading class com/android/tools/r8/com/google/common/primitives/Ints done


Dynamic libraries:
0x00007ff68f5f0000 - 0x00007ff68f621000 	C:\Program Files\Android\Android Studio\jre\bin\java.exe
0x00007ffd20c00000 - 0x00007ffd20de1000 	C:\WINDOWS\SYSTEM32\ntdll.dll
0x00007ffd20670000 - 0x00007ffd20721000 	C:\WINDOWS\System32\KERNEL32.DLL
0x00007ffd1db20000 - 0x00007ffd1dd93000 	C:\WINDOWS\System32\KERNELBASE.dll
0x00007ffd1eca0000 - 0x00007ffd1ed41000 	C:\WINDOWS\System32\ADVAPI32.dll
0x00007ffd20b30000 - 0x00007ffd20bce000 	C:\WINDOWS\System32\msvcrt.dll
0x00007ffd1ec30000 - 0x00007ffd1ec8b000 	C:\WINDOWS\System32\sechost.dll
0x00007ffd1e5c0000 - 0x00007ffd1e6e4000 	C:\WINDOWS\System32\RPCRT4.dll
0x00007ffd1e840000 - 0x00007ffd1e9d0000 	C:\WINDOWS\System32\USER32.dll
0x00007ffd1d390000 - 0x00007ffd1d3b0000 	C:\WINDOWS\System32\win32u.dll
0x00007ffd1e090000 - 0x00007ffd1e0b8000 	C:\WINDOWS\System32\GDI32.dll
0x00007ffd1d1a0000 - 0x00007ffd1d332000 	C:\WINDOWS\System32\gdi32full.dll
0x00007ffd1d100000 - 0x00007ffd1d19f000 	C:\WINDOWS\System32\msvcp_win.dll
0x00007ffd1df90000 - 0x00007ffd1e088000 	C:\WINDOWS\System32\ucrtbase.dll
0x00007ffd07310000 - 0x00007ffd07579000 	C:\WINDOWS\WinSxS\amd64_microsoft.windows.common-controls_6595b64144ccf1df_6.0.17134.765_none_fb42a1a930655896\COMCTL32.dll
0x00007ffd20730000 - 0x00007ffd20a52000 	C:\WINDOWS\System32\combase.dll
0x00007ffd1d080000 - 0x00007ffd1d0fa000 	C:\WINDOWS\System32\bcryptPrimitives.dll
0x00007ffd1ef20000 - 0x00007ffd1ef4d000 	C:\WINDOWS\System32\IMM32.DLL
0x000000006d3e0000 - 0x000000006d4b2000 	C:\Program Files\Android\Android Studio\jre\jre\bin\msvcr100.dll
0x000000006d5a0000 - 0x000000006dde1000 	C:\Program Files\Android\Android Studio\jre\jre\bin\server\jvm.dll
0x00007ffd1e9d0000 - 0x00007ffd1e9d8000 	C:\WINDOWS\System32\PSAPI.DLL
0x00007ffd1ad90000 - 0x00007ffd1adb3000 	C:\WINDOWS\SYSTEM32\WINMM.dll
0x00007ffd17c10000 - 0x00007ffd17c1a000 	C:\WINDOWS\SYSTEM32\VERSION.dll
0x00007ffd0a0f0000 - 0x00007ffd0a0f9000 	C:\WINDOWS\SYSTEM32\WSOCK32.dll
0x00007ffd1eeb0000 - 0x00007ffd1ef1c000 	C:\WINDOWS\System32\WS2_32.dll
0x00007ffd1ad60000 - 0x00007ffd1ad8a000 	C:\WINDOWS\SYSTEM32\WINMMBASE.dll
0x00007ffd1d340000 - 0x00007ffd1d389000 	C:\WINDOWS\System32\cfgmgr32.dll
0x00007ffd19bf0000 - 0x00007ffd19bff000 	C:\Program Files\Android\Android Studio\jre\jre\bin\verify.dll
0x00007ffd18270000 - 0x00007ffd18299000 	C:\Program Files\Android\Android Studio\jre\jre\bin\java.dll
0x00007ffd14a20000 - 0x00007ffd14a36000 	C:\Program Files\Android\Android Studio\jre\jre\bin\zip.dll
0x00007ffd1efb0000 - 0x00007ffd203f0000 	C:\WINDOWS\System32\SHELL32.dll
0x00007ffd1e510000 - 0x00007ffd1e5b9000 	C:\WINDOWS\System32\shcore.dll
0x00007ffd1d410000 - 0x00007ffd1db1d000 	C:\WINDOWS\System32\windows.storage.dll
0x00007ffd20470000 - 0x00007ffd204c1000 	C:\WINDOWS\System32\shlwapi.dll
0x00007ffd1cfb0000 - 0x00007ffd1cfc1000 	C:\WINDOWS\System32\kernel.appcore.dll
0x00007ffd1cf70000 - 0x00007ffd1cf8f000 	C:\WINDOWS\System32\profapi.dll
0x00007ffd1cf10000 - 0x00007ffd1cf5c000 	C:\WINDOWS\System32\powrprof.dll
0x00007ffd1cf60000 - 0x00007ffd1cf6a000 	C:\WINDOWS\System32\FLTLIB.DLL
0x00007ffd14980000 - 0x00007ffd1499a000 	C:\Program Files\Android\Android Studio\jre\jre\bin\net.dll
0x00007ffd1c790000 - 0x00007ffd1c7f6000 	C:\WINDOWS\system32\mswsock.dll
0x00007ffd13510000 - 0x00007ffd13521000 	C:\Program Files\Android\Android Studio\jre\jre\bin\nio.dll
0x00007ffd0e820000 - 0x00007ffd0e83e000 	C:\Users\rutvi\.gradle\native\25\windows-amd64\native-platform.dll
0x00007ffd18860000 - 0x00007ffd1886d000 	C:\Program Files\Android\Android Studio\jre\jre\bin\management.dll
0x00007ffd1c940000 - 0x00007ffd1c957000 	C:\WINDOWS\SYSTEM32\CRYPTSP.dll
0x00007ffd1c370000 - 0x00007ffd1c3a3000 	C:\WINDOWS\system32\rsaenh.dll
0x00007ffd1ca70000 - 0x00007ffd1ca95000 	C:\WINDOWS\SYSTEM32\bcrypt.dll
0x00007ffd1ce40000 - 0x00007ffd1ce68000 	C:\WINDOWS\SYSTEM32\USERENV.dll
0x00007ffd1c960000 - 0x00007ffd1c96b000 	C:\WINDOWS\SYSTEM32\CRYPTBASE.dll
0x00007ffd1c510000 - 0x00007ffd1c548000 	C:\WINDOWS\SYSTEM32\IPHLPAPI.DLL
0x00007ffd20b20000 - 0x00007ffd20b28000 	C:\WINDOWS\System32\NSI.dll
0x00007ffd16dc0000 - 0x00007ffd16dd6000 	C:\WINDOWS\SYSTEM32\dhcpcsvc6.DLL
0x00007ffd15890000 - 0x00007ffd158aa000 	C:\WINDOWS\SYSTEM32\dhcpcsvc.DLL
0x00007ffd0e490000 - 0x00007ffd0e4b4000 	C:\Program Files\Android\Android Studio\jre\jre\bin\sunec.dll
0x00007ffd1c550000 - 0x00007ffd1c60e000 	C:\WINDOWS\SYSTEM32\DNSAPI.dll
0x00007ffd15430000 - 0x00007ffd1543a000 	C:\Windows\System32\rasadhlp.dll
0x00007ffd14a80000 - 0x00007ffd14af2000 	C:\WINDOWS\System32\fwpuclnt.dll
0x00007ffd14290000 - 0x00007ffd1429b000 	C:\Program Files\Android\Android Studio\jre\jre\bin\sunmscapi.dll
0x00007ffd1dda0000 - 0x00007ffd1df82000 	C:\WINDOWS\System32\CRYPT32.dll
0x00007ffd1cf90000 - 0x00007ffd1cfa2000 	C:\WINDOWS\System32\MSASN1.dll
0x00007ffd1bfd0000 - 0x00007ffd1c001000 	C:\WINDOWS\SYSTEM32\ntmarta.dll
0x00007ffd1afd0000 - 0x00007ffd1b05b000 	C:\WINDOWS\system32\apphelp.dll

VM Arguments:
jvm_args: -XX:MaxMetaspaceSize=256m -XX:+HeapDumpOnOutOfMemoryError -Xmx512m -Dfile.encoding=windows-1252 -Duser.country=IN -Duser.language=en -Duser.variant 
java_command: org.gradle.launcher.daemon.bootstrap.GradleDaemon 5.1.1
java_class_path (initial): C:\Users\rutvi\.gradle\wrapper\dists\gradle-5.1.1-all\97z1ksx6lirer3kbvdnh7jtjg\gradle-5.1.1\lib\gradle-launcher-5.1.1.jar
Launcher Type: SUN_STANDARD

Environment Variables:
PATH=C:\Program Files (x86)\Common Files\Oracle\Java\javapath;C:\ProgramData\Oracle\Java\javapath;C:\WINDOWS\system32;C:\WINDOWS;C:\WINDOWS\System32\Wbem;C:\WINDOWS\System32\WindowsPowerShell\v1.0\;C:\Program Files (x86)\ATI Technologies\ATI.ACE\Core-Static;C:\WINDOWS\System32\OpenSSH\;C:\Program Files\Intel\WiFi\bin\;C:\Program Files\Common Files\Intel\WirelessCommon\;c:\Program Files (x86)\Microsoft SQL Server\90\Tools\binn\;C:\Program Files (x86)\MySQL\MySQL Utilities 1.6\;C:\Program Files\Java\jdk-10.0.2\bin;C:\Program Files\Java\jre-10.0.2\bin;C:\Program Files\Git\cmd;C:\Program Files\Git;C:\Program Files\nodejs\;C:\Program Files\Java\jdk-10.0.2\bin;C:\Program Files\heroku\bin;C:\Users\rutvi\AppData\Roaming\npm;C:\Users\rutvi\AppData\Local\Programs\Microsoft VS Code\bin;C:\Program Files\MongoDB\Server\4.0\bin;
USERNAME=rutvi
OS=Windows_NT
PROCESSOR_IDENTIFIER=Intel64 Family 6 Model 61 Stepping 4, GenuineIntel



---------------  S Y S T E M  ---------------

OS: Windows 10.0 , 64 bit Build 17134 (10.0.17134.753)

CPU:total 4 (initial active 4) (2 cores per cpu, 2 threads per core) family 6 model 61 stepping 4, cmov, cx8, fxsr, mmx, sse, sse2, sse3, ssse3, sse4.1, sse4.2, popcnt, avx, avx2, aes, clmul, erms, 3dnowpref, lzcnt, ht, tsc, tscinvbit, bmi1, bmi2, adx

Memory: 4k page, physical 8301008k(272948k free), swap 11155920k(0k free)

vm_info: OpenJDK 64-Bit Server VM (25.152-b01) for windows-amd64 JRE (1.8.0_152-release-1343-b01), built by "builder" with MS VC++ 10.0 (VS2010)

time: Wed Jun 05 20:19:49 2019
elapsed time: 4623 seconds (0d 1h 17m 3s)

