#
# There is insufficient memory for the Java Runtime Environment to continue.
# Native memory allocation (malloc) failed to allocate 2145776 bytes for Chunk::new
# Possible reasons:
#   The system is out of physical RAM or swap space
#   In 32 bit mode, the process size limit was hit
# Possible solutions:
#   Reduce memory load on the system
#   Increase physical memory or swap space
#   Check if swap backing store is full
#   Use 64 bit Java on a 64 bit OS
#   Decrease Java heap size (-Xmx/-Xms)
#   Decrease number of Java threads
#   Decrease Java thread stack sizes (-Xss)
#   Set larger code cache with -XX:ReservedCodeCacheSize=
# This output file may be truncated or incomplete.
#
#  Out of Memory Error (allocation.cpp:390), pid=14464, tid=0x0000000000002f94
#
# JRE version: OpenJDK Runtime Environment (8.0_152-b01) (build 1.8.0_152-release-1248-b01)
# Java VM: OpenJDK 64-Bit Server VM (25.152-b01 mixed mode windows-amd64 compressed oops)
# Failed to write core dump. Minidumps are not enabled by default on client versions of Windows
#

---------------  T H R E A D  ---------------

Current thread (0x000000001619c000):  JavaThread "C2 CompilerThread1" daemon [_thread_in_native, id=12180, stack(0x0000000017800000,0x0000000017900000)]

Stack: [0x0000000017800000,0x0000000017900000]
[error occurred during error reporting (printing stack bounds), id 0xc0000005]

Native frames: (J=compiled Java code, j=interpreted, Vv=VM code, C=native code)


Current CompileTask:
C2:   4541 1386   !   4       java.net.URLClassLoader$1::run (63 bytes)


---------------  P R O C E S S  ---------------

Java Threads: ( => current thread )
  0x00000000194f4800 JavaThread "Cache worker for file hash cache (D:\BookingAppointment\.gradle\5.1.1\fileHashes)" [_thread_blocked, id=8164, stack(0x000000001bf20000,0x000000001c020000)]
  0x00000000194ee800 JavaThread "Cache worker for journal cache (C:\Users\rutvi\.gradle\caches\journal-1)" [_thread_blocked, id=11056, stack(0x000000001ab50000,0x000000001ac50000)]
  0x00000000193b2000 JavaThread "File lock request listener" [_thread_in_native, id=13116, stack(0x000000001aa50000,0x000000001ab50000)]
  0x0000000019217000 JavaThread "Cache worker for file hash cache (C:\Users\rutvi\.gradle\caches\5.1.1\fileHashes)" [_thread_blocked, id=5164, stack(0x000000001a950000,0x000000001aa50000)]
  0x0000000018ddd000 JavaThread "Thread-8" [_thread_blocked, id=12924, stack(0x000000001a850000,0x000000001a950000)]
  0x0000000018ddc800 JavaThread "Stdin handler" [_thread_blocked, id=8044, stack(0x000000001a750000,0x000000001a850000)]
  0x0000000018e42000 JavaThread "Asynchronous log dispatcher for DefaultDaemonConnection: socket connection from /127.0.0.1:54118 to /127.0.0.1:54119" [_thread_blocked, id=12600, stack(0x000000001a650000,0x000000001a750000)]
  0x0000000018e44800 JavaThread "Daemon worker" [_thread_in_native, id=12060, stack(0x000000001a550000,0x000000001a650000)]
  0x0000000018e43800 JavaThread "Cancel handler" [_thread_blocked, id=8432, stack(0x000000001a450000,0x000000001a550000)]
  0x0000000018dc1800 JavaThread "Handler for socket connection from /127.0.0.1:54118 to /127.0.0.1:54119" [_thread_in_native, id=13764, stack(0x000000001a150000,0x000000001a250000)]
  0x0000000018dc0800 JavaThread "Daemon" [_thread_blocked, id=13564, stack(0x000000001a050000,0x000000001a150000)]
  0x0000000019278800 JavaThread "Daemon periodic checks" [_thread_blocked, id=7968, stack(0x0000000019f50000,0x000000001a050000)]
  0x0000000018e98800 JavaThread "Incoming local TCP Connector on port 54118" [_thread_in_native, id=12452, stack(0x0000000019d10000,0x0000000019e10000)]
  0x0000000017a28800 JavaThread "Service Thread" daemon [_thread_blocked, id=8076, stack(0x0000000017e00000,0x0000000017f00000)]
  0x00000000161a8000 JavaThread "C1 CompilerThread2" daemon [_thread_blocked, id=12612, stack(0x0000000017900000,0x0000000017a00000)]
=>0x000000001619c000 JavaThread "C2 CompilerThread1" daemon [_thread_in_native, id=12180, stack(0x0000000017800000,0x0000000017900000)]
  0x0000000016198800 JavaThread "C2 CompilerThread0" daemon [_thread_in_native, id=10020, stack(0x0000000017700000,0x0000000017800000)]
  0x00000000161a6000 JavaThread "Attach Listener" daemon [_thread_blocked, id=3984, stack(0x0000000017600000,0x0000000017700000)]
  0x00000000161a5000 JavaThread "Signal Dispatcher" daemon [_thread_blocked, id=7484, stack(0x0000000017500000,0x0000000017600000)]
  0x000000000272b800 JavaThread "Finalizer" daemon [_thread_blocked, id=6520, stack(0x0000000017400000,0x0000000017500000)]
  0x0000000002720800 JavaThread "Reference Handler" daemon [_thread_blocked, id=12680, stack(0x0000000017300000,0x0000000017400000)]
  0x000000000282d800 JavaThread "main" [_thread_blocked, id=13060, stack(0x0000000002440000,0x0000000002540000)]

Other Threads:
  0x0000000016166000 VMThread [stack: 0x0000000017200000,0x0000000017300000] [id=12892]
  0x00000000161d9000 WatcherThread [stack: 0x0000000017f00000,0x0000000018000000] [id=7636]

VM state:not at safepoint (normal execution)

VM Mutex/Monitor currently owned by a thread: None

Heap:
 PSYoungGen      total 38400K, used 22972K [0x00000000e0000000, 0x00000000e4b00000, 0x0000000100000000)
  eden space 33280K, 53% used [0x00000000e0000000,0x00000000e1177070,0x00000000e2080000)
  from space 5120K, 99% used [0x00000000e2580000,0x00000000e2a78040,0x00000000e2a80000)
  to   space 5120K, 0% used [0x00000000e2080000,0x00000000e2080000,0x00000000e2580000)
 ParOldGen       total 87552K, used 5142K [0x00000000a0000000, 0x00000000a5580000, 0x00000000e0000000)
  object space 87552K, 5% used [0x00000000a0000000,0x00000000a0505a08,0x00000000a5580000)
 Metaspace       used 17784K, capacity 18168K, committed 18432K, reserved 1064960K
  class space    used 2582K, capacity 2716K, committed 2816K, reserved 1048576K

Card table byte_map: [0x0000000011bf0000,0x0000000011f00000] byte_map_base: 0x00000000116f0000

Marking Bits: (ParMarkBitMap*) 0x000000005e125aa0
 Begin Bits: [0x0000000012500000, 0x0000000013d00000)
 End Bits:   [0x0000000013d00000, 0x0000000015500000)

Polling page: 0x0000000002540000

CodeCache: size=245760Kb used=5309Kb max_used=5309Kb free=240450Kb
 bounds [0x0000000002830000, 0x0000000002d70000, 0x0000000011830000]
 total_blobs=1945 nmethods=1542 adapters=316
 compilation: enabled

Compilation events (10 events):
Event: 4.470 Thread 0x00000000161a8000 1544       3       java.lang.ReflectiveOperationException::<init> (6 bytes)
Event: 4.471 Thread 0x00000000161a8000 nmethod 1544 0x0000000002d5f9d0 code [0x0000000002d5fb40, 0x0000000002d5fd28]
Event: 4.475 Thread 0x00000000161a8000 1545       3       java.util.regex.Pattern$GroupTail::match (111 bytes)
Event: 4.475 Thread 0x00000000161a8000 nmethod 1545 0x0000000002d60050 code [0x0000000002d601e0, 0x0000000002d605a8]
Event: 4.476 Thread 0x00000000161a8000 1546       3       java.util.regex.Pattern$Branch::match (66 bytes)
Event: 4.476 Thread 0x00000000161a8000 nmethod 1546 0x0000000002d60890 code [0x0000000002d60a20, 0x0000000002d60ef8]
Event: 4.491 Thread 0x00000000161a8000 1547       3       java.io.ObjectInputStream$BlockDataInputStream::readByte (20 bytes)
Event: 4.491 Thread 0x00000000161a8000 nmethod 1547 0x0000000002d61110 code [0x0000000002d612a0, 0x0000000002d61538]
Event: 4.494 Thread 0x00000000161a8000 1548       3       java.lang.Long::valueOf (36 bytes)
Event: 4.495 Thread 0x00000000161a8000 nmethod 1548 0x0000000002d61650 code [0x0000000002d617c0, 0x0000000002d61b30]

GC Heap History (8 events):
Event: 1.000 GC heap before
{Heap before GC invocations=1 (full 0):
 PSYoungGen      total 38400K, used 33280K [0x00000000e0000000, 0x00000000e2a80000, 0x0000000100000000)
  eden space 33280K, 100% used [0x00000000e0000000,0x00000000e2080000,0x00000000e2080000)
  from space 5120K, 0% used [0x00000000e2580000,0x00000000e2580000,0x00000000e2a80000)
  to   space 5120K, 0% used [0x00000000e2080000,0x00000000e2080000,0x00000000e2580000)
 ParOldGen       total 87552K, used 0K [0x00000000a0000000, 0x00000000a5580000, 0x00000000e0000000)
  object space 87552K, 0% used [0x00000000a0000000,0x00000000a0000000,0x00000000a5580000)
 Metaspace       used 6919K, capacity 7042K, committed 7168K, reserved 1056768K
  class space    used 843K, capacity 907K, committed 1024K, reserved 1048576K
Event: 1.009 GC heap after
Heap after GC invocations=1 (full 0):
 PSYoungGen      total 38400K, used 4251K [0x00000000e0000000, 0x00000000e2a80000, 0x0000000100000000)
  eden space 33280K, 0% used [0x00000000e0000000,0x00000000e0000000,0x00000000e2080000)
  from space 5120K, 83% used [0x00000000e2080000,0x00000000e24a6cd0,0x00000000e2580000)
  to   space 5120K, 0% used [0x00000000e2580000,0x00000000e2580000,0x00000000e2a80000)
 ParOldGen       total 87552K, used 8K [0x00000000a0000000, 0x00000000a5580000, 0x00000000e0000000)
  object space 87552K, 0% used [0x00000000a0000000,0x00000000a0002000,0x00000000a5580000)
 Metaspace       used 6919K, capacity 7042K, committed 7168K, reserved 1056768K
  class space    used 843K, capacity 907K, committed 1024K, reserved 1048576K
}
Event: 1.598 GC heap before
{Heap before GC invocations=2 (full 0):
 PSYoungGen      total 38400K, used 37531K [0x00000000e0000000, 0x00000000e2a80000, 0x0000000100000000)
  eden space 33280K, 100% used [0x00000000e0000000,0x00000000e2080000,0x00000000e2080000)
  from space 5120K, 83% used [0x00000000e2080000,0x00000000e24a6cd0,0x00000000e2580000)
  to   space 5120K, 0% used [0x00000000e2580000,0x00000000e2580000,0x00000000e2a80000)
 ParOldGen       total 87552K, used 8K [0x00000000a0000000, 0x00000000a5580000, 0x00000000e0000000)
  object space 87552K, 0% used [0x00000000a0000000,0x00000000a0002000,0x00000000a5580000)
 Metaspace       used 8912K, capacity 9104K, committed 9216K, reserved 1056768K
  class space    used 1162K, capacity 1228K, committed 1280K, reserved 1048576K
Event: 1.607 GC heap after
Heap after GC invocations=2 (full 0):
 PSYoungGen      total 38400K, used 4532K [0x00000000e0000000, 0x00000000e4b00000, 0x0000000100000000)
  eden space 33280K, 0% used [0x00000000e0000000,0x00000000e0000000,0x00000000e2080000)
  from space 5120K, 88% used [0x00000000e2580000,0x00000000e29ed0a8,0x00000000e2a80000)
  to   space 5120K, 0% used [0x00000000e2080000,0x00000000e2080000,0x00000000e2580000)
 ParOldGen       total 87552K, used 24K [0x00000000a0000000, 0x00000000a5580000, 0x00000000e0000000)
  object space 87552K, 0% used [0x00000000a0000000,0x00000000a0006000,0x00000000a5580000)
 Metaspace       used 8912K, capacity 9104K, committed 9216K, reserved 1056768K
  class space    used 1162K, capacity 1228K, committed 1280K, reserved 1048576K
}
Event: 3.385 GC heap before
{Heap before GC invocations=3 (full 0):
 PSYoungGen      total 38400K, used 37812K [0x00000000e0000000, 0x00000000e4b00000, 0x0000000100000000)
  eden space 33280K, 100% used [0x00000000e0000000,0x00000000e2080000,0x00000000e2080000)
  from space 5120K, 88% used [0x00000000e2580000,0x00000000e29ed0a8,0x00000000e2a80000)
  to   space 5120K, 0% used [0x00000000e2080000,0x00000000e2080000,0x00000000e2580000)
 ParOldGen       total 87552K, used 24K [0x00000000a0000000, 0x00000000a5580000, 0x00000000e0000000)
  object space 87552K, 0% used [0x00000000a0000000,0x00000000a0006000,0x00000000a5580000)
 Metaspace       used 13404K, capacity 13768K, committed 14080K, reserved 1060864K
  class space    used 1838K, capacity 1996K, committed 2048K, reserved 1048576K
Event: 3.397 GC heap after
Heap after GC invocations=3 (full 0):
 PSYoungGen      total 38400K, used 5104K [0x00000000e0000000, 0x00000000e2a80000, 0x0000000100000000)
  eden space 33280K, 0% used [0x00000000e0000000,0x00000000e0000000,0x00000000e2080000)
  from space 5120K, 99% used [0x00000000e2080000,0x00000000e257c030,0x00000000e2580000)
  to   space 5120K, 0% used [0x00000000e2580000,0x00000000e2580000,0x00000000e2a80000)
 ParOldGen       total 87552K, used 1913K [0x00000000a0000000, 0x00000000a5580000, 0x00000000e0000000)
  object space 87552K, 2% used [0x00000000a0000000,0x00000000a01de5e0,0x00000000a5580000)
 Metaspace       used 13404K, capacity 13768K, committed 14080K, reserved 1060864K
  class space    used 1838K, capacity 1996K, committed 2048K, reserved 1048576K
}
Event: 4.122 GC heap before
{Heap before GC invocations=4 (full 0):
 PSYoungGen      total 38400K, used 38384K [0x00000000e0000000, 0x00000000e2a80000, 0x0000000100000000)
  eden space 33280K, 100% used [0x00000000e0000000,0x00000000e2080000,0x00000000e2080000)
  from space 5120K, 99% used [0x00000000e2080000,0x00000000e257c030,0x00000000e2580000)
  to   space 5120K, 0% used [0x00000000e2580000,0x00000000e2580000,0x00000000e2a80000)
 ParOldGen       total 87552K, used 1913K [0x00000000a0000000, 0x00000000a5580000, 0x00000000e0000000)
  object space 87552K, 2% used [0x00000000a0000000,0x00000000a01de5e0,0x00000000a5580000)
 Metaspace       used 16273K, capacity 16632K, committed 16896K, reserved 1062912K
  class space    used 2327K, capacity 2486K, committed 2560K, reserved 1048576K
Event: 4.147 GC heap after
Heap after GC invocations=4 (full 0):
 PSYoungGen      total 38400K, used 5088K [0x00000000e0000000, 0x00000000e4b00000, 0x0000000100000000)
  eden space 33280K, 0% used [0x00000000e0000000,0x00000000e0000000,0x00000000e2080000)
  from space 5120K, 99% used [0x00000000e2580000,0x00000000e2a78040,0x00000000e2a80000)
  to   space 5120K, 0% used [0x00000000e2080000,0x00000000e2080000,0x00000000e2580000)
 ParOldGen       total 87552K, used 5142K [0x00000000a0000000, 0x00000000a5580000, 0x00000000e0000000)
  object space 87552K, 5% used [0x00000000a0000000,0x00000000a0505a08,0x00000000a5580000)
 Metaspace       used 16273K, capacity 16632K, committed 16896K, reserved 1062912K
  class space    used 2327K, capacity 2486K, committed 2560K, reserved 1048576K
}

Deoptimization events (10 events):
Event: 3.050 Thread 0x0000000018e44800 Uncommon trap: reason=bimorphic action=maybe_recompile pc=0x0000000002ae4758 method=java.util.HashMap.putVal(ILjava/lang/Object;Ljava/lang/Object;ZZ)Ljava/lang/Object; @ 253
Event: 3.331 Thread 0x0000000018e44800 Uncommon trap: reason=class_check action=maybe_recompile pc=0x0000000002af6c58 method=java.util.regex.Matcher.match(II)Z @ 86
Event: 3.350 Thread 0x0000000018e44800 Uncommon trap: reason=class_check action=maybe_recompile pc=0x0000000002af6c58 method=java.util.regex.Matcher.match(II)Z @ 86
Event: 3.350 Thread 0x0000000018e44800 Uncommon trap: reason=class_check action=maybe_recompile pc=0x0000000002af6c58 method=java.util.regex.Matcher.match(II)Z @ 86
Event: 3.351 Thread 0x0000000018e44800 Uncommon trap: reason=class_check action=maybe_recompile pc=0x0000000002ac091c method=java.util.regex.Matcher.match(II)Z @ 86
Event: 3.790 Thread 0x0000000018e44800 Uncommon trap: reason=unstable_if action=reinterpret pc=0x0000000002c126f4 method=java.lang.String.lastIndexOf([CII[CIII)I @ 66
Event: 4.363 Thread 0x0000000018e44800 Uncommon trap: reason=unstable_if action=reinterpret pc=0x0000000002992b48 method=java.net.URI.match(CJJ)Z @ 19
Event: 4.363 Thread 0x0000000018e44800 Uncommon trap: reason=unstable_if action=reinterpret pc=0x0000000002a8a140 method=java.net.URI.match(CJJ)Z @ 19
Event: 4.363 Thread 0x0000000018e44800 Uncommon trap: reason=unstable_if action=reinterpret pc=0x0000000002991e48 method=java.net.URI.match(CJJ)Z @ 19
Event: 4.449 Thread 0x0000000018e44800 Uncommon trap: reason=unstable_if action=reinterpret pc=0x0000000002af9d18 method=java.io.File.getName()Ljava/lang/String; @ 16

Classes redefined (0 events):
No events

Internal exceptions (10 events):
Event: 2.987 Thread 0x0000000018dc1800 Exception <a 'java/lang/NoSuchMethodError': <clinit>> (0x00000000e0973688) thrown at [D:\src\AOSP-openjdk-cygwin\jdk8u\hotspot\src\share\vm\prims\jni.cpp, line 1613]
Event: 2.987 Thread 0x0000000018dc1800 Exception <a 'java/lang/NoSuchMethodError': <clinit>> (0x00000000e097c150) thrown at [D:\src\AOSP-openjdk-cygwin\jdk8u\hotspot\src\share\vm\prims\jni.cpp, line 1613]
Event: 2.990 Thread 0x0000000018dc1800 Exception <a 'java/lang/NoSuchMethodError': <clinit>> (0x00000000e0992308) thrown at [D:\src\AOSP-openjdk-cygwin\jdk8u\hotspot\src\share\vm\prims\jni.cpp, line 1613]
Event: 3.002 Thread 0x0000000018dc1800 Exception <a 'java/lang/NoSuchMethodError': <clinit>> (0x00000000e09f0340) thrown at [D:\src\AOSP-openjdk-cygwin\jdk8u\hotspot\src\share\vm\prims\jni.cpp, line 1613]
Event: 3.008 Thread 0x0000000018dc1800 Exception <a 'java/lang/NoSuchMethodError': <clinit>> (0x00000000e0a1c9d0) thrown at [D:\src\AOSP-openjdk-cygwin\jdk8u\hotspot\src\share\vm\prims\jni.cpp, line 1613]
Event: 3.013 Thread 0x0000000018dc1800 Exception <a 'java/lang/NoSuchMethodError': <clinit>> (0x00000000e0a38e48) thrown at [D:\src\AOSP-openjdk-cygwin\jdk8u\hotspot\src\share\vm\prims\jni.cpp, line 1613]
Event: 4.467 Thread 0x0000000018ddd000 Exception <a 'java/lang/NoSuchMethodError': <clinit>> (0x00000000e0fe0f80) thrown at [D:\src\AOSP-openjdk-cygwin\jdk8u\hotspot\src\share\vm\prims\jni.cpp, line 1613]
Event: 4.467 Thread 0x0000000018ddd000 Exception <a 'java/lang/NoSuchMethodError': <clinit>> (0x00000000e0fe3368) thrown at [D:\src\AOSP-openjdk-cygwin\jdk8u\hotspot\src\share\vm\prims\jni.cpp, line 1613]
Event: 4.469 Thread 0x0000000018ddd000 Exception <a 'java/lang/NoSuchMethodError': <clinit>> (0x00000000e0fed060) thrown at [D:\src\AOSP-openjdk-cygwin\jdk8u\hotspot\src\share\vm\prims\jni.cpp, line 1613]
Event: 4.471 Thread 0x0000000018ddd000 Exception <a 'java/lang/NoSuchMethodError': <clinit>> (0x00000000e0ffc0d0) thrown at [D:\src\AOSP-openjdk-cygwin\jdk8u\hotspot\src\share\vm\prims\jni.cpp, line 1613]

Events (10 events):
Event: 4.488 loading class java/nio/charset/CharacterCodingException
Event: 4.488 loading class java/nio/charset/CharacterCodingException done
Event: 4.489 loading class org/gradle/internal/io/StreamByteBuffer$StreamByteBufferChunk
Event: 4.489 loading class org/gradle/internal/io/StreamByteBuffer$StreamByteBufferChunk done
Event: 4.490 loading class org/gradle/internal/serialize/ExceptionReplacingObjectInputStream$1
Event: 4.490 loading class org/gradle/internal/serialize/ExceptionReplacingObjectInputStream$1 done
Event: 4.491 loading class org/gradle/internal/classpath/DefaultCachedClasspathTransformer$1
Event: 4.491 loading class org/gradle/internal/classpath/DefaultCachedClasspathTransformer$1 done
Event: 4.492 loading class org/gradle/internal/classpath/DefaultCachedClasspathTransformer$CachedJarFileTransformer$1
Event: 4.492 loading class org/gradle/internal/classpath/DefaultCachedClasspathTransformer$CachedJarFileTransformer$1 done


Dynamic libraries:
0x00007ff7af3d0000 - 0x00007ff7af401000 	C:\Program Files\Android\Android Studio\jre\bin\java.exe
0x00007fffe5440000 - 0x00007fffe5621000 	C:\WINDOWS\SYSTEM32\ntdll.dll
0x00007fffe5270000 - 0x00007fffe5321000 	C:\WINDOWS\System32\KERNEL32.DLL
0x00007fffe24b0000 - 0x00007fffe2723000 	C:\WINDOWS\System32\KERNELBASE.dll
0x00007fffe5360000 - 0x00007fffe5401000 	C:\WINDOWS\System32\ADVAPI32.dll
0x00007fffe30a0000 - 0x00007fffe313e000 	C:\WINDOWS\System32\msvcrt.dll
0x00007fffe2a70000 - 0x00007fffe2acb000 	C:\WINDOWS\System32\sechost.dll
0x00007fffe4f50000 - 0x00007fffe5074000 	C:\WINDOWS\System32\RPCRT4.dll
0x00007fffe28e0000 - 0x00007fffe2a70000 	C:\WINDOWS\System32\USER32.dll
0x00007fffe2360000 - 0x00007fffe2380000 	C:\WINDOWS\System32\win32u.dll
0x00007fffe5240000 - 0x00007fffe5268000 	C:\WINDOWS\System32\GDI32.dll
0x00007fffe2730000 - 0x00007fffe28c2000 	C:\WINDOWS\System32\gdi32full.dll
0x00007fffe19c0000 - 0x00007fffe1a5f000 	C:\WINDOWS\System32\msvcp_win.dll
0x00007fffe1860000 - 0x00007fffe1958000 	C:\WINDOWS\System32\ucrtbase.dll
0x00007fffcbfe0000 - 0x00007fffcc249000 	C:\WINDOWS\WinSxS\amd64_microsoft.windows.common-controls_6595b64144ccf1df_6.0.17134.765_none_fb42a1a930655896\COMCTL32.dll
0x00007fffe33c0000 - 0x00007fffe36e2000 	C:\WINDOWS\System32\combase.dll
0x00007fffe2430000 - 0x00007fffe24aa000 	C:\WINDOWS\System32\bcryptPrimitives.dll
0x00007fffe5330000 - 0x00007fffe535d000 	C:\WINDOWS\System32\IMM32.DLL
0x000000005e900000 - 0x000000005e9d2000 	C:\Program Files\Android\Android Studio\jre\jre\bin\msvcr100.dll
0x000000005d960000 - 0x000000005e1a1000 	C:\Program Files\Android\Android Studio\jre\jre\bin\server\jvm.dll
0x00007fffe5100000 - 0x00007fffe5108000 	C:\WINDOWS\System32\PSAPI.DLL
0x00007fffcbc80000 - 0x00007fffcbc89000 	C:\WINDOWS\SYSTEM32\WSOCK32.dll
0x00007fffdf610000 - 0x00007fffdf633000 	C:\WINDOWS\SYSTEM32\WINMM.dll
0x00007fffcffa0000 - 0x00007fffcffaa000 	C:\WINDOWS\SYSTEM32\VERSION.dll
0x00007fffe51d0000 - 0x00007fffe523c000 	C:\WINDOWS\System32\WS2_32.dll
0x00007fffdf4d0000 - 0x00007fffdf4fa000 	C:\WINDOWS\SYSTEM32\WINMMBASE.dll
0x00007fffe1810000 - 0x00007fffe1859000 	C:\WINDOWS\System32\cfgmgr32.dll
0x00007fffdc330000 - 0x00007fffdc33f000 	C:\Program Files\Android\Android Studio\jre\jre\bin\verify.dll
0x00007fffd1b30000 - 0x00007fffd1b59000 	C:\Program Files\Android\Android Studio\jre\jre\bin\java.dll
0x00007fffd8b00000 - 0x00007fffd8b16000 	C:\Program Files\Android\Android Studio\jre\jre\bin\zip.dll
0x00007fffe38c0000 - 0x00007fffe4d00000 	C:\WINDOWS\System32\SHELL32.dll
0x00007fffe3790000 - 0x00007fffe3839000 	C:\WINDOWS\System32\shcore.dll
0x00007fffe1a60000 - 0x00007fffe216d000 	C:\WINDOWS\System32\windows.storage.dll
0x00007fffe5110000 - 0x00007fffe5161000 	C:\WINDOWS\System32\shlwapi.dll
0x00007fffe17b0000 - 0x00007fffe17c1000 	C:\WINDOWS\System32\kernel.appcore.dll
0x00007fffe17d0000 - 0x00007fffe17ef000 	C:\WINDOWS\System32\profapi.dll
0x00007fffe1750000 - 0x00007fffe179c000 	C:\WINDOWS\System32\powrprof.dll
0x00007fffe17a0000 - 0x00007fffe17aa000 	C:\WINDOWS\System32\FLTLIB.DLL
0x00007fffd66c0000 - 0x00007fffd66da000 	C:\Program Files\Android\Android Studio\jre\jre\bin\net.dll
0x00007fffe0f70000 - 0x00007fffe0fd6000 	C:\WINDOWS\system32\mswsock.dll
0x00007fffd0d60000 - 0x00007fffd0d71000 	C:\Program Files\Android\Android Studio\jre\jre\bin\nio.dll
0x00007fffdc3d0000 - 0x00007fffdc3ee000 	C:\Users\rutvi\.gradle\native\25\windows-amd64\native-platform.dll
0x00007fffdc320000 - 0x00007fffdc32d000 	C:\Program Files\Android\Android Studio\jre\jre\bin\management.dll
0x00007fffe1120000 - 0x00007fffe1137000 	C:\WINDOWS\SYSTEM32\CRYPTSP.dll
0x00007fffe0b50000 - 0x00007fffe0b83000 	C:\WINDOWS\system32\rsaenh.dll
0x00007fffe12b0000 - 0x00007fffe12d5000 	C:\WINDOWS\SYSTEM32\bcrypt.dll
0x00007fffe1680000 - 0x00007fffe16a8000 	C:\WINDOWS\SYSTEM32\USERENV.dll
0x00007fffe1140000 - 0x00007fffe114b000 	C:\WINDOWS\SYSTEM32\CRYPTBASE.dll
0x00007fffe0cf0000 - 0x00007fffe0d28000 	C:\WINDOWS\SYSTEM32\IPHLPAPI.DLL
0x00007fffe33b0000 - 0x00007fffe33b8000 	C:\WINDOWS\System32\NSI.dll
0x00007fffdc120000 - 0x00007fffdc136000 	C:\WINDOWS\SYSTEM32\dhcpcsvc6.DLL
0x00007fffdc490000 - 0x00007fffdc4aa000 	C:\WINDOWS\SYSTEM32\dhcpcsvc.DLL

VM Arguments:
jvm_args: -Xmx1536m -Dfile.encoding=windows-1252 -Duser.country=IN -Duser.language=en -Duser.variant 
java_command: org.gradle.launcher.daemon.bootstrap.GradleDaemon 5.1.1
java_class_path (initial): C:\Users\rutvi\.gradle\wrapper\dists\gradle-5.1.1-all\97z1ksx6lirer3kbvdnh7jtjg\gradle-5.1.1\lib\gradle-launcher-5.1.1.jar
Launcher Type: SUN_STANDARD

Environment Variables:
PATH=C:\Program Files (x86)\Common Files\Oracle\Java\javapath;C:\ProgramData\Oracle\Java\javapath;C:\WINDOWS\system32;C:\WINDOWS;C:\WINDOWS\System32\Wbem;C:\WINDOWS\System32\WindowsPowerShell\v1.0\;C:\Program Files (x86)\ATI Technologies\ATI.ACE\Core-Static;C:\WINDOWS\System32\OpenSSH\;C:\Program Files\Intel\WiFi\bin\;C:\Program Files\Common Files\Intel\WirelessCommon\;c:\Program Files (x86)\Microsoft SQL Server\90\Tools\binn\;C:\Program Files (x86)\MySQL\MySQL Utilities 1.6\;C:\Program Files\Java\jdk-10.0.2\bin;C:\Program Files\Java\jre-10.0.2\bin;C:\Program Files\Git\cmd;C:\Program Files\Git;C:\Program Files\nodejs\;C:\Program Files\Java\jdk-10.0.2\bin;C:\Program Files\heroku\bin;C:\Users\rutvi\AppData\Roaming\npm;C:\Users\rutvi\AppData\Local\Programs\Microsoft VS Code\bin;C:\Program Files\MongoDB\Server\4.0\bin;
USERNAME=rutvi
OS=Windows_NT
PROCESSOR_IDENTIFIER=Intel64 Family 6 Model 61 Stepping 4, GenuineIntel



---------------  S Y S T E M  ---------------

OS: Windows 10.0 , 64 bit Build 17134 (10.0.17134.753)

CPU:total 4 (initial active 4) (2 cores per cpu, 2 threads per core) family 6 model 61 stepping 4, cmov, cx8, fxsr, mmx, sse, sse2, sse3, ssse3, sse4.1, sse4.2, popcnt, avx, avx2, aes, clmul, erms, 3dnowpref, lzcnt, ht, tsc, tscinvbit, bmi1, bmi2, adx

Memory: 4k page, physical 8301008k(884572k free), swap 11155920k(6516k free)

vm_info: OpenJDK 64-Bit Server VM (25.152-b01) for windows-amd64 JRE (1.8.0_152-release-1248-b01), built by "builder" with MS VC++ 10.0 (VS2010)

time: Sat Jun 01 08:53:16 2019
elapsed time: 4 seconds (0d 0h 0m 4s)

