#
# There is insufficient memory for the Java Runtime Environment to continue.
# Native memory allocation (malloc) failed to allocate 1558576 bytes for Chunk::new
# Possible reasons:
#   The system is out of physical RAM or swap space
#   In 32 bit mode, the process size limit was hit
# Possible solutions:
#   Reduce memory load on the system
#   Increase physical memory or swap space
#   Check if swap backing store is full
#   Use 64 bit Java on a 64 bit OS
#   Decrease Java heap size (-Xmx/-Xms)
#   Decrease number of Java threads
#   Decrease Java thread stack sizes (-Xss)
#   Set larger code cache with -XX:ReservedCodeCacheSize=
# This output file may be truncated or incomplete.
#
#  Out of Memory Error (allocation.cpp:390), pid=9736, tid=0x00000000000012ec
#
# JRE version: OpenJDK Runtime Environment (8.0_152-b01) (build 1.8.0_152-release-1248-b01)
# Java VM: OpenJDK 64-Bit Server VM (25.152-b01 mixed mode windows-amd64 compressed oops)
# Failed to write core dump. Minidumps are not enabled by default on client versions of Windows
#

---------------  T H R E A D  ---------------

Current thread (0x0000000016dbe000):  JavaThread "C2 CompilerThread1" daemon [_thread_in_native, id=4844, stack(0x0000000018530000,0x0000000018630000)]

Stack: [0x0000000018530000,0x0000000018630000]
[error occurred during error reporting (printing stack bounds), id 0xc0000005]

Native frames: (J=compiled Java code, j=interpreted, Vv=VM code, C=native code)


Current CompileTask:
C2:7921001 27668       4       org.codehaus.groovy.ast.ClassNode::getDeclaredMethodsMap (83 bytes)


---------------  P R O C E S S  ---------------

Java Threads: ( => current thread )
  0x0000000024108800 JavaThread "Build operations Thread 4" [_thread_blocked, id=1588, stack(0x0000000046aa0000,0x0000000046ba0000)]
  0x000000002410a800 JavaThread "Build operations Thread 3" [_thread_blocked, id=10128, stack(0x00000000469a0000,0x0000000046aa0000)]
  0x000000002410d800 JavaThread "Build operations Thread 2" [_thread_blocked, id=7964, stack(0x00000000468a0000,0x00000000469a0000)]
  0x0000000024107800 JavaThread "Build operations" [_thread_blocked, id=11260, stack(0x00000000467a0000,0x00000000468a0000)]
  0x000000002410d000 JavaThread "Cache worker for cache directory md-rule (C:\Users\rutvi\.gradle\caches\4.10.1\md-rule)" [_thread_blocked, id=900, stack(0x00000000466a0000,0x00000000467a0000)]
  0x0000000024100000 JavaThread "Cache worker for cache directory md-supplier (C:\Users\rutvi\.gradle\caches\4.10.1\md-supplier)" [_thread_blocked, id=1480, stack(0x00000000465a0000,0x00000000466a0000)]
  0x0000000024107000 JavaThread "Cache worker for file hash cache (D:\BookingAppointment\.gradle\4.10.1\fileHashes)" [_thread_blocked, id=10788, stack(0x00000000464a0000,0x00000000465a0000)]
  0x00000000240ff800 JavaThread "Stdin handler" [_thread_blocked, id=11608, stack(0x00000000463a0000,0x00000000464a0000)]
  0x0000000024104800 JavaThread "Asynchronous log dispatcher for DefaultDaemonConnection: socket connection from /127.0.0.1:51101 to /127.0.0.1:52996" [_thread_blocked, id=6788, stack(0x00000000462a0000,0x00000000463a0000)]
  0x0000000024104000 JavaThread "Daemon worker Thread 13" [_thread_in_native, id=8596, stack(0x00000000461a0000,0x00000000462a0000)]
  0x0000000024103000 JavaThread "Cancel handler" [_thread_blocked, id=14008, stack(0x00000000460a0000,0x00000000461a0000)]
  0x0000000024106000 JavaThread "Handler for socket connection from /127.0.0.1:51101 to /127.0.0.1:52996" [_thread_in_native, id=12132, stack(0x0000000045fa0000,0x00000000460a0000)]
  0x0000000024102800 JavaThread "Daemon Thread 13" [_thread_blocked, id=12556, stack(0x0000000045ea0000,0x0000000045fa0000)]
  0x000000001b86a000 JavaThread "Cache worker for Java compile cache (C:\Users\rutvi\.gradle\caches\4.10.1\javaCompile)" [_thread_blocked, id=9452, stack(0x00000000450a0000,0x00000000451a0000)]
  0x000000001a223000 JavaThread "MarlinRenderer Disposer" daemon [_thread_blocked, id=5764, stack(0x000000003d3a0000,0x000000003d4a0000)]
  0x000000001a222000 JavaThread "Java2D Disposer" daemon [_thread_blocked, id=14172, stack(0x000000003d2a0000,0x000000003d3a0000)]
  0x000000001c2f8800 JavaThread "Cache worker for file content cache (C:\Users\rutvi\.gradle\caches\4.10.1\fileContent)" [_thread_blocked, id=13268, stack(0x000000003aea0000,0x000000003afa0000)]
  0x000000001a21b800 JavaThread "Memory manager" [_thread_blocked, id=1848, stack(0x0000000022cd0000,0x0000000022dd0000)]
  0x000000001c2fb800 JavaThread "Cache worker for Artifact transforms cache (C:\Users\rutvi\.gradle\caches\transforms-1)" [_thread_blocked, id=10112, stack(0x00000000206d0000,0x00000000207d0000)]
  0x000000001c2f7800 JavaThread "Cache worker for journal cache (C:\Users\rutvi\.gradle\caches\journal-1)" [_thread_blocked, id=13208, stack(0x00000000202d0000,0x00000000203d0000)]
  0x000000001a0d3800 JavaThread "File lock request listener" [_thread_in_native, id=7236, stack(0x000000001d820000,0x000000001d920000)]
  0x000000001c31a000 JavaThread "Cache worker for file hash cache (C:\Users\rutvi\.gradle\caches\4.10.1\fileHashes)" [_thread_blocked, id=4060, stack(0x000000001d720000,0x000000001d820000)]
  0x0000000019a6d800 JavaThread "Daemon periodic checks" [_thread_blocked, id=7304, stack(0x000000001ac80000,0x000000001ad80000)]
  0x0000000018a22800 JavaThread "Incoming local TCP Connector on port 51101" [_thread_in_native, id=12184, stack(0x000000001aa40000,0x000000001ab40000)]
  0x0000000018750800 JavaThread "Service Thread" daemon [_thread_blocked, id=11400, stack(0x0000000018b30000,0x0000000018c30000)]
  0x0000000016dca800 JavaThread "C1 CompilerThread2" daemon [_thread_blocked, id=9320, stack(0x0000000018630000,0x0000000018730000)]
=>0x0000000016dbe000 JavaThread "C2 CompilerThread1" daemon [_thread_in_native, id=4844, stack(0x0000000018530000,0x0000000018630000)]
  0x0000000016dba800 JavaThread "C2 CompilerThread0" daemon [_thread_blocked, id=7164, stack(0x0000000018430000,0x0000000018530000)]
  0x0000000016db9800 JavaThread "Attach Listener" daemon [_thread_blocked, id=13892, stack(0x0000000018330000,0x0000000018430000)]
  0x0000000016dc6000 JavaThread "Signal Dispatcher" daemon [_thread_blocked, id=12748, stack(0x0000000018230000,0x0000000018330000)]
  0x000000000344c800 JavaThread "Finalizer" daemon [_thread_blocked, id=1552, stack(0x0000000018040000,0x0000000018140000)]
  0x0000000003441800 JavaThread "Reference Handler" daemon [_thread_blocked, id=13292, stack(0x0000000017f40000,0x0000000018040000)]
  0x000000000317d800 JavaThread "main" [_thread_blocked, id=12280, stack(0x0000000003250000,0x0000000003350000)]

Other Threads:
  0x0000000016d87000 VMThread [stack: 0x0000000017e40000,0x0000000017f40000] [id=6772]
  0x0000000018752000 WatcherThread [stack: 0x0000000018c30000,0x0000000018d30000] [id=8348]

VM state:not at safepoint (normal execution)

VM Mutex/Monitor currently owned by a thread: None

Heap:
 PSYoungGen      total 431616K, used 359093K [0x00000000e0000000, 0x00000000fcc00000, 0x0000000100000000)
  eden space 403456K, 86% used [0x00000000e0000000,0x00000000f56a5bc8,0x00000000f8a00000)
  from space 28160K, 29% used [0x00000000fb080000,0x00000000fb887848,0x00000000fcc00000)
  to   space 33792K, 0% used [0x00000000f8a00000,0x00000000f8a00000,0x00000000fab00000)
 ParOldGen       total 225280K, used 74296K [0x00000000a0000000, 0x00000000adc00000, 0x00000000e0000000)
  object space 225280K, 32% used [0x00000000a0000000,0x00000000a488e2e0,0x00000000adc00000)
 Metaspace       used 121328K, capacity 128912K, committed 129088K, reserved 1161216K
  class space    used 15171K, capacity 16691K, committed 16768K, reserved 1048576K

Card table byte_map: [0x0000000012810000,0x0000000012b20000] byte_map_base: 0x0000000012310000

Marking Bits: (ParMarkBitMap*) 0x000000005e125aa0
 Begin Bits: [0x0000000013120000, 0x0000000014920000)
 End Bits:   [0x0000000014920000, 0x0000000016120000)

Polling page: 0x0000000000ff0000

CodeCache: size=245760Kb used=75903Kb max_used=77483Kb free=169856Kb
 bounds [0x0000000003450000, 0x0000000008070000, 0x0000000012450000]
 total_blobs=22835 nmethods=21815 adapters=930
 compilation: enabled

Compilation events (10 events):
Event: 7918.765 Thread 0x0000000016dca800 27689       3       org.codehaus.groovy.reflection.CachedClass$1::initValue (53 bytes)
Event: 7918.765 Thread 0x0000000016dba800 27691       4       java.util.Arrays::binarySearch0 (95 bytes)
Event: 7918.766 Thread 0x0000000016dca800 nmethod 27689 0x0000000003c59e10 code [0x0000000003c59fe0, 0x0000000003c5a908]
Event: 7918.766 Thread 0x0000000016dca800 27690       3       groovy.lang.MetaClassImpl::applyPropertyDescriptors (151 bytes)
Event: 7918.768 Thread 0x0000000016dba800 nmethod 27691 0x0000000007632e90 code [0x0000000007632fe0, 0x0000000007633118]
Event: 7918.771 Thread 0x0000000016dca800 nmethod 27690 0x00000000073a1d50 code [0x00000000073a2260, 0x00000000073a5cc8]
Event: 7918.846 Thread 0x0000000016dba800 27692   !   4       java.lang.ClassLoader::checkCerts (195 bytes)
Event: 7918.895 Thread 0x0000000016dba800 nmethod 27692 0x0000000005758490 code [0x00000000057586c0, 0x0000000005759f70]
Event: 7919.209 Thread 0x0000000016dca800 27693       3       java.util.regex.Pattern::clazz (405 bytes)
Event: 7919.215 Thread 0x0000000016dca800 nmethod 27693 0x000000000782c290 code [0x000000000782c7c0, 0x000000000782f9b8]

GC Heap History (10 events):
Event: 7700.367 GC heap before
{Heap before GC invocations=48 (full 4):
 PSYoungGen      total 343552K, used 311857K [0x00000000e0000000, 0x00000000f9980000, 0x0000000100000000)
  eden space 305152K, 100% used [0x00000000e0000000,0x00000000f2a00000,0x00000000f2a00000)
  from space 38400K, 17% used [0x00000000f2a00000,0x00000000f308c508,0x00000000f4f80000)
  to   space 38400K, 0% used [0x00000000f7400000,0x00000000f7400000,0x00000000f9980000)
 ParOldGen       total 225280K, used 70364K [0x00000000a0000000, 0x00000000adc00000, 0x00000000e0000000)
  object space 225280K, 31% used [0x00000000a0000000,0x00000000a44b7288,0x00000000adc00000)
 Metaspace       used 117329K, capacity 124210K, committed 124352K, reserved 1157120K
  class space    used 14599K, capacity 16033K, committed 16128K, reserved 1048576K
Event: 7700.409 GC heap after
Heap after GC invocations=48 (full 4):
 PSYoungGen      total 376832K, used 8023K [0x00000000e0000000, 0x00000000f9700000, 0x0000000100000000)
  eden space 340992K, 0% used [0x00000000e0000000,0x00000000e0000000,0x00000000f4d00000)
  from space 35840K, 22% used [0x00000000f7400000,0x00000000f7bd5c60,0x00000000f9700000)
  to   space 37888K, 0% used [0x00000000f4d00000,0x00000000f4d00000,0x00000000f7200000)
 ParOldGen       total 225280K, used 74248K [0x00000000a0000000, 0x00000000adc00000, 0x00000000e0000000)
  object space 225280K, 32% used [0x00000000a0000000,0x00000000a48822e0,0x00000000adc00000)
 Metaspace       used 117329K, capacity 124210K, committed 124352K, reserved 1157120K
  class space    used 14599K, capacity 16033K, committed 16128K, reserved 1048576K
}
Event: 7702.168 GC heap before
{Heap before GC invocations=49 (full 4):
 PSYoungGen      total 376832K, used 349015K [0x00000000e0000000, 0x00000000f9700000, 0x0000000100000000)
  eden space 340992K, 100% used [0x00000000e0000000,0x00000000f4d00000,0x00000000f4d00000)
  from space 35840K, 22% used [0x00000000f7400000,0x00000000f7bd5c60,0x00000000f9700000)
  to   space 37888K, 0% used [0x00000000f4d00000,0x00000000f4d00000,0x00000000f7200000)
 ParOldGen       total 225280K, used 74248K [0x00000000a0000000, 0x00000000adc00000, 0x00000000e0000000)
  object space 225280K, 32% used [0x00000000a0000000,0x00000000a48822e0,0x00000000adc00000)
 Metaspace       used 117348K, capacity 124292K, committed 124608K, reserved 1157120K
  class space    used 14600K, capacity 16034K, committed 16128K, reserved 1048576K
Event: 7702.187 GC heap after
Heap after GC invocations=49 (full 4):
 PSYoungGen      total 378880K, used 8191K [0x00000000e0000000, 0x00000000fb900000, 0x0000000100000000)
  eden space 340992K, 0% used [0x00000000e0000000,0x00000000e0000000,0x00000000f4d00000)
  from space 37888K, 21% used [0x00000000f4d00000,0x00000000f54ffeb8,0x00000000f7200000)
  to   space 36864K, 0% used [0x00000000f9500000,0x00000000f9500000,0x00000000fb900000)
 ParOldGen       total 225280K, used 74272K [0x00000000a0000000, 0x00000000adc00000, 0x00000000e0000000)
  object space 225280K, 32% used [0x00000000a0000000,0x00000000a48882e0,0x00000000adc00000)
 Metaspace       used 117348K, capacity 124292K, committed 124608K, reserved 1157120K
  class space    used 14600K, capacity 16034K, committed 16128K, reserved 1048576K
}
Event: 7704.090 GC heap before
{Heap before GC invocations=50 (full 4):
 PSYoungGen      total 378880K, used 349183K [0x00000000e0000000, 0x00000000fb900000, 0x0000000100000000)
  eden space 340992K, 100% used [0x00000000e0000000,0x00000000f4d00000,0x00000000f4d00000)
  from space 37888K, 21% used [0x00000000f4d00000,0x00000000f54ffeb8,0x00000000f7200000)
  to   space 36864K, 0% used [0x00000000f9500000,0x00000000f9500000,0x00000000fb900000)
 ParOldGen       total 225280K, used 74272K [0x00000000a0000000, 0x00000000adc00000, 0x00000000e0000000)
  object space 225280K, 32% used [0x00000000a0000000,0x00000000a48882e0,0x00000000adc00000)
 Metaspace       used 117438K, capacity 124388K, committed 124608K, reserved 1157120K
  class space    used 14617K, capacity 16066K, committed 16128K, reserved 1048576K
Event: 7704.111 GC heap after
Heap after GC invocations=50 (full 4):
 PSYoungGen      total 407552K, used 6105K [0x00000000e0000000, 0x00000000fb500000, 0x0000000100000000)
  eden space 374784K, 0% used [0x00000000e0000000,0x00000000e0000000,0x00000000f6e00000)
  from space 32768K, 18% used [0x00000000f9500000,0x00000000f9af65e8,0x00000000fb500000)
  to   space 36352K, 0% used [0x00000000f6e00000,0x00000000f6e00000,0x00000000f9180000)
 ParOldGen       total 225280K, used 74288K [0x00000000a0000000, 0x00000000adc00000, 0x00000000e0000000)
  object space 225280K, 32% used [0x00000000a0000000,0x00000000a488c2e0,0x00000000adc00000)
 Metaspace       used 117438K, capacity 124388K, committed 124608K, reserved 1157120K
  class space    used 14617K, capacity 16066K, committed 16128K, reserved 1048576K
}
Event: 7708.693 GC heap before
{Heap before GC invocations=51 (full 4):
 PSYoungGen      total 407552K, used 380889K [0x00000000e0000000, 0x00000000fb500000, 0x0000000100000000)
  eden space 374784K, 100% used [0x00000000e0000000,0x00000000f6e00000,0x00000000f6e00000)
  from space 32768K, 18% used [0x00000000f9500000,0x00000000f9af65e8,0x00000000fb500000)
  to   space 36352K, 0% used [0x00000000f6e00000,0x00000000f6e00000,0x00000000f9180000)
 ParOldGen       total 225280K, used 74288K [0x00000000a0000000, 0x00000000adc00000, 0x00000000e0000000)
  object space 225280K, 32% used [0x00000000a0000000,0x00000000a488c2e0,0x00000000adc00000)
 Metaspace       used 118359K, capacity 125442K, committed 125760K, reserved 1159168K
  class space    used 14723K, capacity 16173K, committed 16256K, reserved 1048576K
Event: 7708.724 GC heap after
Heap after GC invocations=51 (full 4):
 PSYoungGen      total 411136K, used 15971K [0x00000000e0000000, 0x00000000fd280000, 0x0000000100000000)
  eden space 374784K, 0% used [0x00000000e0000000,0x00000000e0000000,0x00000000f6e00000)
  from space 36352K, 43% used [0x00000000f6e00000,0x00000000f7d98cf8,0x00000000f9180000)
  to   space 34816K, 0% used [0x00000000fb080000,0x00000000fb080000,0x00000000fd280000)
 ParOldGen       total 225280K, used 74288K [0x00000000a0000000, 0x00000000adc00000, 0x00000000e0000000)
  object space 225280K, 32% used [0x00000000a0000000,0x00000000a488c2e0,0x00000000adc00000)
 Metaspace       used 118359K, capacity 125442K, committed 125760K, reserved 1159168K
  class space    used 14723K, capacity 16173K, committed 16256K, reserved 1048576K
}
Event: 7714.153 GC heap before
{Heap before GC invocations=52 (full 4):
 PSYoungGen      total 411136K, used 390327K [0x00000000e0000000, 0x00000000fd280000, 0x0000000100000000)
  eden space 374784K, 99% used [0x00000000e0000000,0x00000000f6d95198,0x00000000f6e00000)
  from space 36352K, 43% used [0x00000000f6e00000,0x00000000f7d98cf8,0x00000000f9180000)
  to   space 34816K, 0% used [0x00000000fb080000,0x00000000fb080000,0x00000000fd280000)
 ParOldGen       total 225280K, used 74288K [0x00000000a0000000, 0x00000000adc00000, 0x00000000e0000000)
  object space 225280K, 32% used [0x00000000a0000000,0x00000000a488c2e0,0x00000000adc00000)
 Metaspace       used 120289K, capacity 127656K, committed 127936K, reserved 1161216K
  class space    used 15007K, capacity 16516K, committed 16640K, reserved 1048576K
Event: 7714.165 GC heap after
Heap after GC invocations=52 (full 4):
 PSYoungGen      total 431616K, used 8222K [0x00000000e0000000, 0x00000000fcc00000, 0x0000000100000000)
  eden space 403456K, 0% used [0x00000000e0000000,0x00000000e0000000,0x00000000f8a00000)
  from space 28160K, 29% used [0x00000000fb080000,0x00000000fb887848,0x00000000fcc00000)
  to   space 33792K, 0% used [0x00000000f8a00000,0x00000000f8a00000,0x00000000fab00000)
 ParOldGen       total 225280K, used 74296K [0x00000000a0000000, 0x00000000adc00000, 0x00000000e0000000)
  object space 225280K, 32% used [0x00000000a0000000,0x00000000a488e2e0,0x00000000adc00000)
 Metaspace       used 120289K, capacity 127656K, committed 127936K, reserved 1161216K
  class space    used 15007K, capacity 16516K, committed 16640K, reserved 1048576K
}

Deoptimization events (10 events):
Event: 7714.136 Thread 0x0000000024100000 Uncommon trap: reason=unstable_if action=reinterpret pc=0x00000000056c3c6c method=java.lang.reflect.Field.get(Ljava/lang/Object;)Ljava/lang/Object; @ 4
Event: 7917.152 Thread 0x0000000024104000 Uncommon trap: reason=bimorphic action=maybe_recompile pc=0x0000000003f53f64 method=org.objectweb.asm.ClassReader.accept(Lorg/objectweb/asm/ClassVisitor;[Lorg/objectweb/asm/Attribute;I)V @ 607
Event: 7917.163 Thread 0x0000000024104000 Uncommon trap: reason=bimorphic action=maybe_recompile pc=0x0000000003f53f64 method=org.objectweb.asm.ClassReader.accept(Lorg/objectweb/asm/ClassVisitor;[Lorg/objectweb/asm/Attribute;I)V @ 607
Event: 7917.245 Thread 0x0000000024104000 Uncommon trap: reason=bimorphic action=maybe_recompile pc=0x0000000003f53f64 method=org.objectweb.asm.ClassReader.accept(Lorg/objectweb/asm/ClassVisitor;[Lorg/objectweb/asm/Attribute;I)V @ 607
Event: 7917.248 Thread 0x0000000024104000 Uncommon trap: reason=bimorphic action=maybe_recompile pc=0x0000000003f53f64 method=org.objectweb.asm.ClassReader.accept(Lorg/objectweb/asm/ClassVisitor;[Lorg/objectweb/asm/Attribute;I)V @ 607
Event: 7917.275 Thread 0x0000000024104000 Uncommon trap: reason=unstable_if action=reinterpret pc=0x0000000004653f40 method=java.util.Properties$LineReader.readLine()I @ 200
Event: 7917.433 Thread 0x0000000024104000 Uncommon trap: reason=class_check action=maybe_recompile pc=0x0000000004c9952c method=org.codehaus.groovy.runtime.callsite.AbstractCallSite.callCurrent(Lgroovy/lang/GroovyObject;)Ljava/lang/Object; @ 5
Event: 7917.433 Thread 0x0000000024104000 Uncommon trap: reason=class_check action=maybe_recompile pc=0x0000000004c9952c method=org.codehaus.groovy.runtime.callsite.AbstractCallSite.callCurrent(Lgroovy/lang/GroovyObject;)Ljava/lang/Object; @ 5
Event: 7917.813 Thread 0x0000000024104000 Uncommon trap: reason=class_check action=maybe_recompile pc=0x0000000004c9952c method=org.codehaus.groovy.runtime.callsite.AbstractCallSite.callCurrent(Lgroovy/lang/GroovyObject;)Ljava/lang/Object; @ 5
Event: 7917.813 Thread 0x0000000024104000 Uncommon trap: reason=class_check action=maybe_recompile pc=0x0000000004c9952c method=org.codehaus.groovy.runtime.callsite.AbstractCallSite.callCurrent(Lgroovy/lang/GroovyObject;)Ljava/lang/Object; @ 5

Classes redefined (0 events):
No events

Internal exceptions (10 events):
Event: 7918.589 Thread 0x0000000024104000 Exception <a 'java/security/PrivilegedActionException'> (0x00000000f51c3ab8) thrown at [D:\src\AOSP-openjdk-cygwin\jdk8u\hotspot\src\share\vm\prims\jvm.cpp, line 1390]
Event: 7918.589 Thread 0x0000000024104000 Exception <a 'java/security/PrivilegedActionException'> (0x00000000f51c4650) thrown at [D:\src\AOSP-openjdk-cygwin\jdk8u\hotspot\src\share\vm\prims\jvm.cpp, line 1390]
Event: 7918.590 Thread 0x0000000024104000 Exception <a 'java/security/PrivilegedActionException'> (0x00000000f51ced90) thrown at [D:\src\AOSP-openjdk-cygwin\jdk8u\hotspot\src\share\vm\prims\jvm.cpp, line 1390]
Event: 7918.590 Thread 0x0000000024104000 Exception <a 'java/security/PrivilegedActionException'> (0x00000000f51cf928) thrown at [D:\src\AOSP-openjdk-cygwin\jdk8u\hotspot\src\share\vm\prims\jvm.cpp, line 1390]
Event: 7918.590 Thread 0x0000000024104000 Exception <a 'java/security/PrivilegedActionException'> (0x00000000f51d2500) thrown at [D:\src\AOSP-openjdk-cygwin\jdk8u\hotspot\src\share\vm\prims\jvm.cpp, line 1390]
Event: 7918.590 Thread 0x0000000024104000 Exception <a 'java/security/PrivilegedActionException'> (0x00000000f51d3098) thrown at [D:\src\AOSP-openjdk-cygwin\jdk8u\hotspot\src\share\vm\prims\jvm.cpp, line 1390]
Event: 7918.590 Thread 0x0000000024104000 Exception <a 'java/security/PrivilegedActionException'> (0x00000000f51d5e50) thrown at [D:\src\AOSP-openjdk-cygwin\jdk8u\hotspot\src\share\vm\prims\jvm.cpp, line 1390]
Event: 7918.590 Thread 0x0000000024104000 Exception <a 'java/security/PrivilegedActionException'> (0x00000000f51d69e8) thrown at [D:\src\AOSP-openjdk-cygwin\jdk8u\hotspot\src\share\vm\prims\jvm.cpp, line 1390]
Event: 7918.764 Thread 0x0000000024104000 Exception <a 'java/lang/ClassNotFoundException': build_eoa78tbte6nxeessi0cjsaxirBeanInfo> (0x00000000f548cd28) thrown at [D:\src\AOSP-openjdk-cygwin\jdk8u\hotspot\src\share\vm\classfile\systemDictionary.cpp, line 210]
Event: 7918.764 Thread 0x0000000024104000 Exception <a 'java/lang/ClassNotFoundException': build_eoa78tbte6nxeessi0cjsaxirCustomizer> (0x00000000f5497a58) thrown at [D:\src\AOSP-openjdk-cygwin\jdk8u\hotspot\src\share\vm\classfile\systemDictionary.cpp, line 210]

Events (10 events):
Event: 7919.210 loading class com/google/common/base/Splitter
Event: 7919.210 loading class com/google/common/base/Splitter done
Event: 7919.230 loading class com/google/common/base/Splitter$Strategy
Event: 7919.230 loading class com/google/common/base/Splitter$Strategy done
Event: 7919.231 loading class com/google/common/base/CommonPattern
Event: 7919.231 loading class com/google/common/base/CommonPattern done
Event: 7919.231 loading class com/google/common/base/JdkPattern
Event: 7919.231 loading class com/google/common/base/JdkPattern done
Event: 7919.232 loading class com/google/common/base/CharMatcher
Event: 7919.232 loading class com/google/common/base/CharMatcher done


Dynamic libraries:
0x00007ff7af3d0000 - 0x00007ff7af401000 	C:\Program Files\Android\Android Studio\jre\bin\java.exe
0x00007fffe5440000 - 0x00007fffe5621000 	C:\WINDOWS\SYSTEM32\ntdll.dll
0x00007fffe5270000 - 0x00007fffe5321000 	C:\WINDOWS\System32\KERNEL32.DLL
0x00007fffe24b0000 - 0x00007fffe2723000 	C:\WINDOWS\System32\KERNELBASE.dll
0x00007fffe5360000 - 0x00007fffe5401000 	C:\WINDOWS\System32\ADVAPI32.dll
0x00007fffe30a0000 - 0x00007fffe313e000 	C:\WINDOWS\System32\msvcrt.dll
0x00007fffe2a70000 - 0x00007fffe2acb000 	C:\WINDOWS\System32\sechost.dll
0x00007fffe4f50000 - 0x00007fffe5074000 	C:\WINDOWS\System32\RPCRT4.dll
0x00007fffe28e0000 - 0x00007fffe2a70000 	C:\WINDOWS\System32\USER32.dll
0x00007fffe2360000 - 0x00007fffe2380000 	C:\WINDOWS\System32\win32u.dll
0x00007fffe5240000 - 0x00007fffe5268000 	C:\WINDOWS\System32\GDI32.dll
0x00007fffe2730000 - 0x00007fffe28c2000 	C:\WINDOWS\System32\gdi32full.dll
0x00007fffe19c0000 - 0x00007fffe1a5f000 	C:\WINDOWS\System32\msvcp_win.dll
0x00007fffe1860000 - 0x00007fffe1958000 	C:\WINDOWS\System32\ucrtbase.dll
0x00007fffcbfe0000 - 0x00007fffcc249000 	C:\WINDOWS\WinSxS\amd64_microsoft.windows.common-controls_6595b64144ccf1df_6.0.17134.765_none_fb42a1a930655896\COMCTL32.dll
0x00007fffe33c0000 - 0x00007fffe36e2000 	C:\WINDOWS\System32\combase.dll
0x00007fffe2430000 - 0x00007fffe24aa000 	C:\WINDOWS\System32\bcryptPrimitives.dll
0x00007fffe5330000 - 0x00007fffe535d000 	C:\WINDOWS\System32\IMM32.DLL
0x000000005e900000 - 0x000000005e9d2000 	C:\Program Files\Android\Android Studio\jre\jre\bin\msvcr100.dll
0x000000005d960000 - 0x000000005e1a1000 	C:\Program Files\Android\Android Studio\jre\jre\bin\server\jvm.dll
0x00007fffe5100000 - 0x00007fffe5108000 	C:\WINDOWS\System32\PSAPI.DLL
0x00007fffdf610000 - 0x00007fffdf633000 	C:\WINDOWS\SYSTEM32\WINMM.dll
0x00007fffcffa0000 - 0x00007fffcffaa000 	C:\WINDOWS\SYSTEM32\VERSION.dll
0x00007fffcbc80000 - 0x00007fffcbc89000 	C:\WINDOWS\SYSTEM32\WSOCK32.dll
0x00007fffe51d0000 - 0x00007fffe523c000 	C:\WINDOWS\System32\WS2_32.dll
0x00007fffdf4d0000 - 0x00007fffdf4fa000 	C:\WINDOWS\SYSTEM32\winmmbase.dll
0x00007fffe1810000 - 0x00007fffe1859000 	C:\WINDOWS\System32\cfgmgr32.dll
0x00007fffdc330000 - 0x00007fffdc33f000 	C:\Program Files\Android\Android Studio\jre\jre\bin\verify.dll
0x00007fffd1b30000 - 0x00007fffd1b59000 	C:\Program Files\Android\Android Studio\jre\jre\bin\java.dll
0x00007fffd8b00000 - 0x00007fffd8b16000 	C:\Program Files\Android\Android Studio\jre\jre\bin\zip.dll
0x00007fffe38c0000 - 0x00007fffe4d00000 	C:\WINDOWS\System32\SHELL32.dll
0x00007fffe3790000 - 0x00007fffe3839000 	C:\WINDOWS\System32\shcore.dll
0x00007fffe1a60000 - 0x00007fffe216d000 	C:\WINDOWS\System32\windows.storage.dll
0x00007fffe5110000 - 0x00007fffe5161000 	C:\WINDOWS\System32\shlwapi.dll
0x00007fffe17b0000 - 0x00007fffe17c1000 	C:\WINDOWS\System32\kernel.appcore.dll
0x00007fffe17d0000 - 0x00007fffe17ef000 	C:\WINDOWS\System32\profapi.dll
0x00007fffe1750000 - 0x00007fffe179c000 	C:\WINDOWS\System32\powrprof.dll
0x00007fffe17a0000 - 0x00007fffe17aa000 	C:\WINDOWS\System32\FLTLIB.DLL
0x00007fffd66c0000 - 0x00007fffd66da000 	C:\Program Files\Android\Android Studio\jre\jre\bin\net.dll
0x00007fffe0f70000 - 0x00007fffe0fd6000 	C:\WINDOWS\system32\mswsock.dll
0x00007fffd0d60000 - 0x00007fffd0d71000 	C:\Program Files\Android\Android Studio\jre\jre\bin\nio.dll
0x00007fffdc3d0000 - 0x00007fffdc3ee000 	C:\Users\rutvi\.gradle\native\25\windows-amd64\native-platform.dll
0x00007fffdc320000 - 0x00007fffdc32d000 	C:\Program Files\Android\Android Studio\jre\jre\bin\management.dll
0x00007fffe1120000 - 0x00007fffe1137000 	C:\WINDOWS\SYSTEM32\CRYPTSP.dll
0x00007fffe0b50000 - 0x00007fffe0b83000 	C:\WINDOWS\system32\rsaenh.dll
0x00007fffe12b0000 - 0x00007fffe12d5000 	C:\WINDOWS\SYSTEM32\bcrypt.dll
0x00007fffe1680000 - 0x00007fffe16a8000 	C:\WINDOWS\SYSTEM32\USERENV.dll
0x00007fffe1140000 - 0x00007fffe114b000 	C:\WINDOWS\SYSTEM32\CRYPTBASE.dll
0x00007fffe0cf0000 - 0x00007fffe0d28000 	C:\WINDOWS\SYSTEM32\IPHLPAPI.DLL
0x00007fffe33b0000 - 0x00007fffe33b8000 	C:\WINDOWS\System32\NSI.dll
0x00007fffdc120000 - 0x00007fffdc136000 	C:\WINDOWS\SYSTEM32\dhcpcsvc6.DLL
0x00007fffdc490000 - 0x00007fffdc4aa000 	C:\WINDOWS\SYSTEM32\dhcpcsvc.DLL
0x00007fffcf690000 - 0x00007fffcf6b4000 	C:\Program Files\Android\Android Studio\jre\jre\bin\sunec.dll
0x00007fffe0d30000 - 0x00007fffe0dee000 	C:\WINDOWS\SYSTEM32\DNSAPI.dll
0x00007fffd39c0000 - 0x00007fffd39ca000 	C:\Windows\System32\rasadhlp.dll
0x00007fffd3a30000 - 0x00007fffd3aa2000 	C:\WINDOWS\System32\fwpuclnt.dll
0x00007fffdb7d0000 - 0x00007fffdb7db000 	C:\Program Files\Android\Android Studio\jre\jre\bin\sunmscapi.dll
0x00007fffe2170000 - 0x00007fffe2352000 	C:\WINDOWS\System32\CRYPT32.dll
0x00007fffe17f0000 - 0x00007fffe1802000 	C:\WINDOWS\System32\MSASN1.dll
0x00007fffb50e0000 - 0x00007fffb5277000 	C:\Program Files\Android\Android Studio\jre\jre\bin\awt.dll
0x00007fffe32e0000 - 0x00007fffe33a2000 	C:\WINDOWS\System32\OLEAUT32.dll
0x00007fffde650000 - 0x00007fffdec17000 	C:\WINDOWS\SYSTEM32\d2d1.dll
0x00007fffdf7d0000 - 0x00007fffdf85b000 	C:\WINDOWS\SYSTEM32\apphelp.dll
0x00007fffe0050000 - 0x00007fffe0079000 	C:\WINDOWS\system32\DWMAPI.DLL
0x00007fffdfb40000 - 0x00007fffdfbd8000 	C:\WINDOWS\system32\uxtheme.dll

VM Arguments:
jvm_args: -Xmx1536m -Dfile.encoding=windows-1252 -Duser.country=IN -Duser.language=en -Duser.variant 
java_command: org.gradle.launcher.daemon.bootstrap.GradleDaemon 4.10.1
java_class_path (initial): C:\Users\rutvi\.gradle\wrapper\dists\gradle-4.10.1-all\455itskqi2qtf0v2sja68alqd\gradle-4.10.1\lib\gradle-launcher-4.10.1.jar
Launcher Type: SUN_STANDARD

Environment Variables:
PATH=C:\Program Files (x86)\Common Files\Oracle\Java\javapath;C:\ProgramData\Oracle\Java\javapath;C:\WINDOWS\system32;C:\WINDOWS;C:\WINDOWS\System32\Wbem;C:\WINDOWS\System32\WindowsPowerShell\v1.0\;C:\Program Files (x86)\ATI Technologies\ATI.ACE\Core-Static;C:\WINDOWS\System32\OpenSSH\;C:\Program Files\Intel\WiFi\bin\;C:\Program Files\Common Files\Intel\WirelessCommon\;c:\Program Files (x86)\Microsoft SQL Server\90\Tools\binn\;C:\Program Files (x86)\MySQL\MySQL Utilities 1.6\;C:\Program Files\Java\jdk-10.0.2\bin;C:\Program Files\Java\jre-10.0.2\bin;C:\Program Files\Git\cmd;C:\Program Files\Git;C:\Program Files\nodejs\;C:\Program Files\Java\jdk-10.0.2\bin;C:\Program Files\heroku\bin;C:\Users\rutvi\AppData\Roaming\npm;C:\Users\rutvi\AppData\Local\Programs\Microsoft VS Code\bin;C:\Program Files\MongoDB\Server\4.0\bin;
USERNAME=rutvi
OS=Windows_NT
PROCESSOR_IDENTIFIER=Intel64 Family 6 Model 61 Stepping 4, GenuineIntel



---------------  S Y S T E M  ---------------

OS: Windows 10.0 , 64 bit Build 17134 (10.0.17134.753)

CPU:total 4 (initial active 4) (2 cores per cpu, 2 threads per core) family 6 model 61 stepping 4, cmov, cx8, fxsr, mmx, sse, sse2, sse3, ssse3, sse4.1, sse4.2, popcnt, avx, avx2, aes, clmul, erms, 3dnowpref, lzcnt, ht, tsc, tscinvbit, bmi1, bmi2, adx

Memory: 4k page, physical 8301008k(979372k free), swap 11155920k(5140k free)

vm_info: OpenJDK 64-Bit Server VM (25.152-b01) for windows-amd64 JRE (1.8.0_152-release-1248-b01), built by "builder" with MS VC++ 10.0 (VS2010)

time: Sat Jun 01 01:20:53 2019
elapsed time: 7919 seconds (0d 2h 11m 59s)

