#
# There is insufficient memory for the Java Runtime Environment to continue.
# Native memory allocation (malloc) failed to allocate 1523888 bytes for Chunk::new
# Possible reasons:
#   The system is out of physical RAM or swap space
#   In 32 bit mode, the process size limit was hit
# Possible solutions:
#   Reduce memory load on the system
#   Increase physical memory or swap space
#   Check if swap backing store is full
#   Use 64 bit Java on a 64 bit OS
#   Decrease Java heap size (-Xmx/-Xms)
#   Decrease number of Java threads
#   Decrease Java thread stack sizes (-Xss)
#   Set larger code cache with -XX:ReservedCodeCacheSize=
# This output file may be truncated or incomplete.
#
#  Out of Memory Error (allocation.cpp:390), pid=7356, tid=0x0000000000003404
#
# JRE version: OpenJDK Runtime Environment (8.0_152-b01) (build 1.8.0_152-release-1248-b01)
# Java VM: OpenJDK 64-Bit Server VM (25.152-b01 mixed mode windows-amd64 compressed oops)
# Failed to write core dump. Minidumps are not enabled by default on client versions of Windows
#

---------------  T H R E A D  ---------------

Current thread (0x000000001680c000):  JavaThread "C2 CompilerThread1" daemon [_thread_in_native, id=13316, stack(0x0000000017f50000,0x0000000018050000)]

Stack: [0x0000000017f50000,0x0000000018050000]
[error occurred during error reporting (printing stack bounds), id 0xc0000005]

Native frames: (J=compiled Java code, j=interpreted, Vv=VM code, C=native code)


Current CompileTask:
C2:  11814 2363       4       java.net.URLClassLoader$1::run (5 bytes)


---------------  P R O C E S S  ---------------

Java Threads: ( => current thread )
  0x000000001bf1f000 JavaThread "Cache worker for execution history cache (C:\Users\rutvi\.gradle\caches\5.1.1\executionHistory)" [_thread_blocked, id=12856, stack(0x00000000205b0000,0x00000000206b0000)]
  0x000000001bf21800 JavaThread "Cache worker for cache directory md-rule (C:\Users\rutvi\.gradle\caches\5.1.1\md-rule)" [_thread_blocked, id=13776, stack(0x00000000204b0000,0x00000000205b0000)]
  0x000000001bf1c000 JavaThread "Cache worker for cache directory md-supplier (C:\Users\rutvi\.gradle\caches\5.1.1\md-supplier)" [_thread_blocked, id=14744, stack(0x000000001d740000,0x000000001d840000)]
  0x0000000019173000 JavaThread "Cache worker for file hash cache (D:\BookingAppointment\.gradle\5.1.1\fileHashes)" [_thread_blocked, id=13804, stack(0x000000001c670000,0x000000001c770000)]
  0x0000000019178800 JavaThread "Cache worker for journal cache (C:\Users\rutvi\.gradle\caches\journal-1)" [_thread_blocked, id=7952, stack(0x000000001b2a0000,0x000000001b3a0000)]
  0x0000000019175800 JavaThread "File lock request listener" [_thread_in_native, id=13948, stack(0x000000001b1a0000,0x000000001b2a0000)]
  0x00000000199ad000 JavaThread "Cache worker for file hash cache (C:\Users\rutvi\.gradle\caches\5.1.1\fileHashes)" [_thread_blocked, id=13244, stack(0x000000001b0a0000,0x000000001b1a0000)]
  0x00000000198df000 JavaThread "Thread-8" [_thread_blocked, id=10716, stack(0x000000001afa0000,0x000000001b0a0000)]
  0x00000000198d7800 JavaThread "Stdin handler" [_thread_blocked, id=13192, stack(0x000000001aea0000,0x000000001afa0000)]
  0x00000000198d6800 JavaThread "Asynchronous log dispatcher for DefaultDaemonConnection: socket connection from /127.0.0.1:54001 to /127.0.0.1:54002" [_thread_blocked, id=14148, stack(0x000000001ada0000,0x000000001aea0000)]
  0x00000000198f1800 JavaThread "Daemon worker" [_thread_in_native, id=496, stack(0x000000001aca0000,0x000000001ada0000)]
  0x00000000198f0800 JavaThread "Cancel handler" [_thread_blocked, id=1912, stack(0x000000001aba0000,0x000000001aca0000)]
  0x00000000195a9000 JavaThread "Handler for socket connection from /127.0.0.1:54001 to /127.0.0.1:54002" [_thread_in_native, id=10504, stack(0x000000001a8a0000,0x000000001a9a0000)]
  0x00000000195a5800 JavaThread "Daemon" [_thread_blocked, id=228, stack(0x000000001a7a0000,0x000000001a8a0000)]
  0x00000000195a4800 JavaThread "Daemon periodic checks" [_thread_blocked, id=12356, stack(0x000000001a6a0000,0x000000001a7a0000)]
  0x00000000196d0000 JavaThread "Incoming local TCP Connector on port 54001" [_thread_in_native, id=8096, stack(0x000000001a460000,0x000000001a560000)]
  0x0000000018174000 JavaThread "Service Thread" daemon [_thread_blocked, id=7312, stack(0x0000000018550000,0x0000000018650000)]
  0x000000001681a000 JavaThread "C1 CompilerThread2" daemon [_thread_blocked, id=12684, stack(0x0000000018050000,0x0000000018150000)]
=>0x000000001680c000 JavaThread "C2 CompilerThread1" daemon [_thread_in_native, id=13316, stack(0x0000000017f50000,0x0000000018050000)]
  0x0000000016808800 JavaThread "C2 CompilerThread0" daemon [_thread_in_native, id=13344, stack(0x0000000017e50000,0x0000000017f50000)]
  0x0000000016816000 JavaThread "Attach Listener" daemon [_thread_blocked, id=11328, stack(0x0000000017d50000,0x0000000017e50000)]
  0x0000000016815000 JavaThread "Signal Dispatcher" daemon [_thread_blocked, id=2836, stack(0x0000000017c50000,0x0000000017d50000)]
  0x0000000002e9b800 JavaThread "Finalizer" daemon [_thread_blocked, id=15304, stack(0x0000000017a60000,0x0000000017b60000)]
  0x0000000002e90800 JavaThread "Reference Handler" daemon [_thread_blocked, id=7164, stack(0x0000000017960000,0x0000000017a60000)]
  0x0000000002c7d800 JavaThread "main" [_thread_blocked, id=3472, stack(0x0000000002ca0000,0x0000000002da0000)]

Other Threads:
  0x00000000167d6000 VMThread [stack: 0x0000000017860000,0x0000000017960000] [id=9860]
  0x0000000018174800 WatcherThread [stack: 0x0000000018650000,0x0000000018750000] [id=8980]

VM state:not at safepoint (normal execution)

VM Mutex/Monitor currently owned by a thread: None

Heap:
 PSYoungGen      total 76800K, used 44584K [0x00000000e0000000, 0x00000000e8c00000, 0x0000000100000000)
  eden space 66560K, 53% used [0x00000000e0000000,0x00000000e22bc140,0x00000000e4100000)
  from space 10240K, 88% used [0x00000000e4100000,0x00000000e49ce160,0x00000000e4b00000)
  to   space 11264K, 0% used [0x00000000e8100000,0x00000000e8100000,0x00000000e8c00000)
 ParOldGen       total 50688K, used 7105K [0x00000000a0000000, 0x00000000a3180000, 0x00000000e0000000)
  object space 50688K, 14% used [0x00000000a0000000,0x00000000a06f05e0,0x00000000a3180000)
 Metaspace       used 31453K, capacity 32020K, committed 32384K, reserved 1077248K
  class space    used 4233K, capacity 4432K, committed 4480K, reserved 1048576K

Card table byte_map: [0x0000000012260000,0x0000000012570000] byte_map_base: 0x0000000011d60000

Marking Bits: (ParMarkBitMap*) 0x000000005e125aa0
 Begin Bits: [0x0000000012b70000, 0x0000000014370000)
 End Bits:   [0x0000000014370000, 0x0000000015b70000)

Polling page: 0x00000000014d0000

CodeCache: size=245760Kb used=9060Kb max_used=9060Kb free=236699Kb
 bounds [0x0000000002ea0000, 0x0000000003780000, 0x0000000011ea0000]
 total_blobs=3059 nmethods=2364 adapters=608
 compilation: enabled

Compilation events (10 events):
Event: 11.695 Thread 0x000000001681a000 2392       3       java.lang.invoke.MethodTypeForm::canonicalize (64 bytes)
Event: 11.695 Thread 0x000000001681a000 nmethod 2392 0x000000000377abd0 code [0x000000000377ad60, 0x000000000377b1a8]
Event: 11.695 Thread 0x000000001681a000 2393       3       java.lang.invoke.MethodType$ConcurrentWeakInternSet::add (66 bytes)
Event: 11.697 Thread 0x000000001681a000 nmethod 2393 0x000000000377b2d0 code [0x000000000377b500, 0x000000000377c2c8]
Event: 11.698 Thread 0x000000001681a000 2395       3       java.lang.invoke.MemberName::isMethod (7 bytes)
Event: 11.698 Thread 0x000000001681a000 nmethod 2395 0x000000000377c910 code [0x000000000377ca80, 0x000000000377ccf0]
Event: 11.701 Thread 0x000000001681a000 2396       3       java.lang.invoke.MethodType::erase (8 bytes)
Event: 11.701 Thread 0x000000001681a000 nmethod 2396 0x000000000377cdd0 code [0x000000000377cf20, 0x000000000377d110]
Event: 11.702 Thread 0x000000001681a000 2397       3       java.lang.invoke.MethodHandle::<init> (35 bytes)
Event: 11.702 Thread 0x000000001681a000 nmethod 2397 0x000000000377d1d0 code [0x000000000377d360, 0x000000000377d738]

GC Heap History (10 events):
Event: 3.374 GC heap before
{Heap before GC invocations=4 (full 0):
 PSYoungGen      total 38400K, used 38384K [0x00000000e0000000, 0x00000000e2a80000, 0x0000000100000000)
  eden space 33280K, 100% used [0x00000000e0000000,0x00000000e2080000,0x00000000e2080000)
  from space 5120K, 99% used [0x00000000e2080000,0x00000000e257c010,0x00000000e2580000)
  to   space 5120K, 0% used [0x00000000e2580000,0x00000000e2580000,0x00000000e2a80000)
 ParOldGen       total 87552K, used 1914K [0x00000000a0000000, 0x00000000a5580000, 0x00000000e0000000)
  object space 87552K, 2% used [0x00000000a0000000,0x00000000a01deb50,0x00000000a5580000)
 Metaspace       used 16270K, capacity 16628K, committed 16896K, reserved 1062912K
  class space    used 2327K, capacity 2486K, committed 2560K, reserved 1048576K
Event: 3.398 GC heap after
Heap after GC invocations=4 (full 0):
 PSYoungGen      total 38400K, used 5104K [0x00000000e0000000, 0x00000000e4b00000, 0x0000000100000000)
  eden space 33280K, 0% used [0x00000000e0000000,0x00000000e0000000,0x00000000e2080000)
  from space 5120K, 99% used [0x00000000e2580000,0x00000000e2a7c030,0x00000000e2a80000)
  to   space 5120K, 0% used [0x00000000e2080000,0x00000000e2080000,0x00000000e2580000)
 ParOldGen       total 87552K, used 5152K [0x00000000a0000000, 0x00000000a5580000, 0x00000000e0000000)
  object space 87552K, 5% used [0x00000000a0000000,0x00000000a05080f8,0x00000000a5580000)
 Metaspace       used 16270K, capacity 16628K, committed 16896K, reserved 1062912K
  class space    used 2327K, capacity 2486K, committed 2560K, reserved 1048576K
}
Event: 8.299 GC heap before
{Heap before GC invocations=5 (full 0):
 PSYoungGen      total 38400K, used 38384K [0x00000000e0000000, 0x00000000e4b00000, 0x0000000100000000)
  eden space 33280K, 100% used [0x00000000e0000000,0x00000000e2080000,0x00000000e2080000)
  from space 5120K, 99% used [0x00000000e2580000,0x00000000e2a7c030,0x00000000e2a80000)
  to   space 5120K, 0% used [0x00000000e2080000,0x00000000e2080000,0x00000000e2580000)
 ParOldGen       total 87552K, used 5152K [0x00000000a0000000, 0x00000000a5580000, 0x00000000e0000000)
  object space 87552K, 5% used [0x00000000a0000000,0x00000000a05080f8,0x00000000a5580000)
 Metaspace       used 19747K, capacity 20284K, committed 20480K, reserved 1067008K
  class space    used 2813K, capacity 3026K, committed 3072K, reserved 1048576K
Event: 8.311 GC heap after
Heap after GC invocations=5 (full 0):
 PSYoungGen      total 38400K, used 5095K [0x00000000e0000000, 0x00000000e5600000, 0x0000000100000000)
  eden space 33280K, 0% used [0x00000000e0000000,0x00000000e0000000,0x00000000e2080000)
  from space 5120K, 99% used [0x00000000e2080000,0x00000000e2579f80,0x00000000e2580000)
  to   space 10752K, 0% used [0x00000000e4b80000,0x00000000e4b80000,0x00000000e5600000)
 ParOldGen       total 87552K, used 8872K [0x00000000a0000000, 0x00000000a5580000, 0x00000000e0000000)
  object space 87552K, 10% used [0x00000000a0000000,0x00000000a08aa018,0x00000000a5580000)
 Metaspace       used 19747K, capacity 20284K, committed 20480K, reserved 1067008K
  class space    used 2813K, capacity 3026K, committed 3072K, reserved 1048576K
}
Event: 8.430 GC heap before
{Heap before GC invocations=6 (full 0):
 PSYoungGen      total 38400K, used 11651K [0x00000000e0000000, 0x00000000e5600000, 0x0000000100000000)
  eden space 33280K, 19% used [0x00000000e0000000,0x00000000e0666d28,0x00000000e2080000)
  from space 5120K, 99% used [0x00000000e2080000,0x00000000e2579f80,0x00000000e2580000)
  to   space 10752K, 0% used [0x00000000e4b80000,0x00000000e4b80000,0x00000000e5600000)
 ParOldGen       total 87552K, used 8872K [0x00000000a0000000, 0x00000000a5580000, 0x00000000e0000000)
  object space 87552K, 10% used [0x00000000a0000000,0x00000000a08aa018,0x00000000a5580000)
 Metaspace       used 20634K, capacity 21116K, committed 21296K, reserved 1067008K
  class space    used 2945K, capacity 3154K, committed 3200K, reserved 1048576K
Event: 8.439 GC heap after
Heap after GC invocations=6 (full 0):
 PSYoungGen      total 76288K, used 5857K [0x00000000e0000000, 0x00000000e5500000, 0x0000000100000000)
  eden space 66560K, 0% used [0x00000000e0000000,0x00000000e0000000,0x00000000e4100000)
  from space 9728K, 60% used [0x00000000e4b80000,0x00000000e51384a8,0x00000000e5500000)
  to   space 10240K, 0% used [0x00000000e4100000,0x00000000e4100000,0x00000000e4b00000)
 ParOldGen       total 87552K, used 8872K [0x00000000a0000000, 0x00000000a5580000, 0x00000000e0000000)
  object space 87552K, 10% used [0x00000000a0000000,0x00000000a08aa018,0x00000000a5580000)
 Metaspace       used 20634K, capacity 21116K, committed 21296K, reserved 1067008K
  class space    used 2945K, capacity 3154K, committed 3200K, reserved 1048576K
}
Event: 8.439 GC heap before
{Heap before GC invocations=7 (full 1):
 PSYoungGen      total 76288K, used 5857K [0x00000000e0000000, 0x00000000e5500000, 0x0000000100000000)
  eden space 66560K, 0% used [0x00000000e0000000,0x00000000e0000000,0x00000000e4100000)
  from space 9728K, 60% used [0x00000000e4b80000,0x00000000e51384a8,0x00000000e5500000)
  to   space 10240K, 0% used [0x00000000e4100000,0x00000000e4100000,0x00000000e4b00000)
 ParOldGen       total 87552K, used 8872K [0x00000000a0000000, 0x00000000a5580000, 0x00000000e0000000)
  object space 87552K, 10% used [0x00000000a0000000,0x00000000a08aa018,0x00000000a5580000)
 Metaspace       used 20634K, capacity 21116K, committed 21296K, reserved 1067008K
  class space    used 2945K, capacity 3154K, committed 3200K, reserved 1048576K
Event: 8.487 GC heap after
Heap after GC invocations=7 (full 1):
 PSYoungGen      total 76288K, used 0K [0x00000000e0000000, 0x00000000e5500000, 0x0000000100000000)
  eden space 66560K, 0% used [0x00000000e0000000,0x00000000e0000000,0x00000000e4100000)
  from space 9728K, 0% used [0x00000000e4b80000,0x00000000e4b80000,0x00000000e5500000)
  to   space 10240K, 0% used [0x00000000e4100000,0x00000000e4100000,0x00000000e4b00000)
 ParOldGen       total 50688K, used 7097K [0x00000000a0000000, 0x00000000a3180000, 0x00000000e0000000)
  object space 50688K, 14% used [0x00000000a0000000,0x00000000a06ee5e0,0x00000000a3180000)
 Metaspace       used 20634K, capacity 21116K, committed 21296K, reserved 1067008K
  class space    used 2945K, capacity 3154K, committed 3200K, reserved 1048576K
}
Event: 10.772 GC heap before
{Heap before GC invocations=8 (full 1):
 PSYoungGen      total 76288K, used 66560K [0x00000000e0000000, 0x00000000e5500000, 0x0000000100000000)
  eden space 66560K, 100% used [0x00000000e0000000,0x00000000e4100000,0x00000000e4100000)
  from space 9728K, 0% used [0x00000000e4b80000,0x00000000e4b80000,0x00000000e5500000)
  to   space 10240K, 0% used [0x00000000e4100000,0x00000000e4100000,0x00000000e4b00000)
 ParOldGen       total 50688K, used 7097K [0x00000000a0000000, 0x00000000a3180000, 0x00000000e0000000)
  object space 50688K, 14% used [0x00000000a0000000,0x00000000a06ee5e0,0x00000000a3180000)
 Metaspace       used 29099K, capacity 29644K, committed 29952K, reserved 1075200K
  class space    used 3844K, capacity 4068K, committed 4096K, reserved 1048576K
Event: 10.788 GC heap after
Heap after GC invocations=8 (full 1):
 PSYoungGen      total 76800K, used 9016K [0x00000000e0000000, 0x00000000e8c00000, 0x0000000100000000)
  eden space 66560K, 0% used [0x00000000e0000000,0x00000000e0000000,0x00000000e4100000)
  from space 10240K, 88% used [0x00000000e4100000,0x00000000e49ce160,0x00000000e4b00000)
  to   space 11264K, 0% used [0x00000000e8100000,0x00000000e8100000,0x00000000e8c00000)
 ParOldGen       total 50688K, used 7105K [0x00000000a0000000, 0x00000000a3180000, 0x00000000e0000000)
  object space 50688K, 14% used [0x00000000a0000000,0x00000000a06f05e0,0x00000000a3180000)
 Metaspace       used 29099K, capacity 29644K, committed 29952K, reserved 1075200K
  class space    used 3844K, capacity 4068K, committed 4096K, reserved 1048576K
}

Deoptimization events (10 events):
Event: 10.035 Thread 0x00000000198f1800 Uncommon trap: reason=class_check action=maybe_recompile pc=0x00000000031d166c method=sun.misc.URLClassPath.getResource(Ljava/lang/String;Z)Lsun/misc/Resource; @ 62
Event: 10.035 Thread 0x00000000198f1800 Uncommon trap: reason=unstable_if action=reinterpret pc=0x00000000035b1a60 method=java.lang.String.regionMatches(ZILjava/lang/String;II)Z @ 41
Event: 10.071 Thread 0x00000000198f1800 Uncommon trap: reason=class_check action=maybe_recompile pc=0x0000000003572284 method=sun.misc.URLClassPath.getLoader(I)Lsun/misc/URLClassPath$Loader; @ 239
Event: 10.088 Thread 0x00000000198f1800 Uncommon trap: reason=class_check action=maybe_recompile pc=0x0000000003572284 method=sun.misc.URLClassPath.getLoader(I)Lsun/misc/URLClassPath$Loader; @ 239
Event: 10.230 Thread 0x00000000198f1800 Uncommon trap: reason=class_check action=maybe_recompile pc=0x0000000003572284 method=sun.misc.URLClassPath.getLoader(I)Lsun/misc/URLClassPath$Loader; @ 239
Event: 10.485 Thread 0x00000000198f1800 Uncommon trap: reason=unstable_if action=reinterpret pc=0x00000000033157e8 method=java.util.HashMap.hash(Ljava/lang/Object;)I @ 1
Event: 10.606 Thread 0x00000000198f1800 Uncommon trap: reason=unstable_if action=reinterpret pc=0x000000000313458c method=java.io.WinNTFileSystem.resolve(Ljava/lang/String;Ljava/lang/String;)Ljava/lang/String; @ 49
Event: 10.790 Thread 0x0000000002e90800 Uncommon trap: reason=unstable_if action=reinterpret pc=0x00000000034b9338 method=java.lang.ref.Reference.tryHandlePending(Z)Z @ 104
Event: 11.307 Thread 0x00000000198f1800 Uncommon trap: reason=unstable_if action=reinterpret pc=0x0000000003111d7c method=java.util.HashMap.getNode(ILjava/lang/Object;)Ljava/util/HashMap$Node; @ 129
Event: 11.369 Thread 0x00000000198f1800 Uncommon trap: reason=unstable_if action=reinterpret pc=0x0000000003735ad4 method=org.objectweb.asm.Type.appendDescriptor(Ljava/lang/Class;Ljava/lang/StringBuilder;)V @ 6

Classes redefined (0 events):
No events

Internal exceptions (10 events):
Event: 10.240 Thread 0x00000000198f1800 Exception <a 'java/lang/ClassNotFoundException': groovy/lang/Closure$1Customizer> (0x00000000e2958d68) thrown at [D:\src\AOSP-openjdk-cygwin\jdk8u\hotspot\src\share\vm\classfile\systemDictionary.cpp, line 210]
Event: 10.302 Thread 0x00000000198f1800 Exception <a 'java/lang/ClassNotFoundException': org/gradle/internal/metaobject/ConfigureDelegateBeanInfo> (0x00000000e2e77050) thrown at [D:\src\AOSP-openjdk-cygwin\jdk8u\hotspot\src\share\vm\classfile\systemDictionary.cpp, line 210]
Event: 10.303 Thread 0x00000000198f1800 Exception <a 'java/lang/ClassNotFoundException': org/gradle/internal/metaobject/ConfigureDelegateCustomizer> (0x00000000e2ea17e0) thrown at [D:\src\AOSP-openjdk-cygwin\jdk8u\hotspot\src\share\vm\classfile\systemDictionary.cpp, line 210]
Event: 10.309 Thread 0x00000000198f1800 Exception <a 'java/lang/ClassNotFoundException': org/gradle/api/internal/initialization/DefaultScriptHandlerBeanInfo> (0x00000000e2f27a30) thrown at [D:\src\AOSP-openjdk-cygwin\jdk8u\hotspot\src\share\vm\classfile\systemDictionary.cpp, line 210]
Event: 10.310 Thread 0x00000000198f1800 Exception <a 'java/lang/ClassNotFoundException': org/gradle/api/internal/initialization/DefaultScriptHandlerCustomizer> (0x00000000e2f58b88) thrown at [D:\src\AOSP-openjdk-cygwin\jdk8u\hotspot\src\share\vm\classfile\systemDictionary.cpp, line 210]
Event: 10.485 Thread 0x00000000198f1800 Implicit null exception at 0x00000000033155d5 to 0x00000000033157d9
Event: 11.209 Thread 0x00000000198f1800 Exception <a 'java/lang/ClassNotFoundException': org/gradle/api/internal/artifacts/dsl/dependencies/DefaultDependencyHandler_DecoratedBeanInfo> (0x00000000e11d9cf0) thrown at [D:\src\AOSP-openjdk-cygwin\jdk8u\hotspot\src\share\vm\classfile\systemDictionar
Event: 11.211 Thread 0x00000000198f1800 Exception <a 'java/lang/ClassNotFoundException': org/gradle/api/internal/artifacts/dsl/dependencies/DefaultDependencyHandlerBeanInfo> (0x00000000e122d208) thrown at [D:\src\AOSP-openjdk-cygwin\jdk8u\hotspot\src\share\vm\classfile\systemDictionary.cpp, lin
Event: 11.212 Thread 0x00000000198f1800 Exception <a 'java/lang/ClassNotFoundException': org/gradle/api/internal/artifacts/dsl/dependencies/DefaultDependencyHandlerCustomizer> (0x00000000e12812a8) thrown at [D:\src\AOSP-openjdk-cygwin\jdk8u\hotspot\src\share\vm\classfile\systemDictionary.cpp, l
Event: 11.217 Thread 0x00000000198f1800 Exception <a 'java/lang/ClassNotFoundException': org/gradle/api/internal/artifacts/dsl/dependencies/DefaultDependencyHandler_DecoratedCustomizer> (0x00000000e1302f58) thrown at [D:\src\AOSP-openjdk-cygwin\jdk8u\hotspot\src\share\vm\classfile\systemDiction

Events (10 events):
Event: 11.689 loading class java/util/stream/StreamShape done
Event: 11.689 loading class java/util/stream/Collectors
Event: 11.691 loading class java/util/stream/Collectors done
Event: 11.691 loading class java/util/stream/Collector$Characteristics
Event: 11.692 loading class java/util/stream/Collector$Characteristics done
Event: 11.692 loading class java/util/stream/Collectors$CollectorImpl
Event: 11.692 loading class java/util/stream/Collectors$CollectorImpl done
Event: 11.693 loading class java/lang/invoke/DirectMethodHandle$Constructor
Event: 11.693 loading class java/lang/invoke/DirectMethodHandle$Constructor done
Event: 11.703 loading class java/util/stream/ReduceOps


Dynamic libraries:
0x00007ff7af3d0000 - 0x00007ff7af401000 	C:\Program Files\Android\Android Studio\jre\bin\java.exe
0x00007fffe5440000 - 0x00007fffe5621000 	C:\WINDOWS\SYSTEM32\ntdll.dll
0x00007fffe5270000 - 0x00007fffe5321000 	C:\WINDOWS\System32\KERNEL32.DLL
0x00007fffe24b0000 - 0x00007fffe2723000 	C:\WINDOWS\System32\KERNELBASE.dll
0x00007fffe5360000 - 0x00007fffe5401000 	C:\WINDOWS\System32\ADVAPI32.dll
0x00007fffe30a0000 - 0x00007fffe313e000 	C:\WINDOWS\System32\msvcrt.dll
0x00007fffe2a70000 - 0x00007fffe2acb000 	C:\WINDOWS\System32\sechost.dll
0x00007fffe4f50000 - 0x00007fffe5074000 	C:\WINDOWS\System32\RPCRT4.dll
0x00007fffe28e0000 - 0x00007fffe2a70000 	C:\WINDOWS\System32\USER32.dll
0x00007fffe2360000 - 0x00007fffe2380000 	C:\WINDOWS\System32\win32u.dll
0x00007fffe5240000 - 0x00007fffe5268000 	C:\WINDOWS\System32\GDI32.dll
0x00007fffe2730000 - 0x00007fffe28c2000 	C:\WINDOWS\System32\gdi32full.dll
0x00007fffe19c0000 - 0x00007fffe1a5f000 	C:\WINDOWS\System32\msvcp_win.dll
0x00007fffe1860000 - 0x00007fffe1958000 	C:\WINDOWS\System32\ucrtbase.dll
0x00007fffcbfe0000 - 0x00007fffcc249000 	C:\WINDOWS\WinSxS\amd64_microsoft.windows.common-controls_6595b64144ccf1df_6.0.17134.765_none_fb42a1a930655896\COMCTL32.dll
0x00007fffe33c0000 - 0x00007fffe36e2000 	C:\WINDOWS\System32\combase.dll
0x00007fffe2430000 - 0x00007fffe24aa000 	C:\WINDOWS\System32\bcryptPrimitives.dll
0x00007fffe5330000 - 0x00007fffe535d000 	C:\WINDOWS\System32\IMM32.DLL
0x000000005e900000 - 0x000000005e9d2000 	C:\Program Files\Android\Android Studio\jre\jre\bin\msvcr100.dll
0x000000005d960000 - 0x000000005e1a1000 	C:\Program Files\Android\Android Studio\jre\jre\bin\server\jvm.dll
0x00007fffe5100000 - 0x00007fffe5108000 	C:\WINDOWS\System32\PSAPI.DLL
0x00007fffdf610000 - 0x00007fffdf633000 	C:\WINDOWS\SYSTEM32\WINMM.dll
0x00007fffcffa0000 - 0x00007fffcffaa000 	C:\WINDOWS\SYSTEM32\VERSION.dll
0x00007fffcbc80000 - 0x00007fffcbc89000 	C:\WINDOWS\SYSTEM32\WSOCK32.dll
0x00007fffe51d0000 - 0x00007fffe523c000 	C:\WINDOWS\System32\WS2_32.dll
0x00007fffdf4d0000 - 0x00007fffdf4fa000 	C:\WINDOWS\SYSTEM32\WINMMBASE.dll
0x00007fffe1810000 - 0x00007fffe1859000 	C:\WINDOWS\System32\cfgmgr32.dll
0x00007fffdc330000 - 0x00007fffdc33f000 	C:\Program Files\Android\Android Studio\jre\jre\bin\verify.dll
0x00007fffd1b30000 - 0x00007fffd1b59000 	C:\Program Files\Android\Android Studio\jre\jre\bin\java.dll
0x00007fffd8b00000 - 0x00007fffd8b16000 	C:\Program Files\Android\Android Studio\jre\jre\bin\zip.dll
0x00007fffe38c0000 - 0x00007fffe4d00000 	C:\WINDOWS\System32\SHELL32.dll
0x00007fffe3790000 - 0x00007fffe3839000 	C:\WINDOWS\System32\shcore.dll
0x00007fffe1a60000 - 0x00007fffe216d000 	C:\WINDOWS\System32\windows.storage.dll
0x00007fffe5110000 - 0x00007fffe5161000 	C:\WINDOWS\System32\shlwapi.dll
0x00007fffe17b0000 - 0x00007fffe17c1000 	C:\WINDOWS\System32\kernel.appcore.dll
0x00007fffe17d0000 - 0x00007fffe17ef000 	C:\WINDOWS\System32\profapi.dll
0x00007fffe1750000 - 0x00007fffe179c000 	C:\WINDOWS\System32\powrprof.dll
0x00007fffe17a0000 - 0x00007fffe17aa000 	C:\WINDOWS\System32\FLTLIB.DLL
0x00007fffd66c0000 - 0x00007fffd66da000 	C:\Program Files\Android\Android Studio\jre\jre\bin\net.dll
0x00007fffe0f70000 - 0x00007fffe0fd6000 	C:\WINDOWS\system32\mswsock.dll
0x00007fffd0d60000 - 0x00007fffd0d71000 	C:\Program Files\Android\Android Studio\jre\jre\bin\nio.dll
0x00007fffdc3d0000 - 0x00007fffdc3ee000 	C:\Users\rutvi\.gradle\native\25\windows-amd64\native-platform.dll
0x00007fffdc320000 - 0x00007fffdc32d000 	C:\Program Files\Android\Android Studio\jre\jre\bin\management.dll
0x00007fffe1120000 - 0x00007fffe1137000 	C:\WINDOWS\SYSTEM32\CRYPTSP.dll
0x00007fffe0b50000 - 0x00007fffe0b83000 	C:\WINDOWS\system32\rsaenh.dll
0x00007fffe12b0000 - 0x00007fffe12d5000 	C:\WINDOWS\SYSTEM32\bcrypt.dll
0x00007fffe1680000 - 0x00007fffe16a8000 	C:\WINDOWS\SYSTEM32\USERENV.dll
0x00007fffe1140000 - 0x00007fffe114b000 	C:\WINDOWS\SYSTEM32\CRYPTBASE.dll
0x00007fffe0cf0000 - 0x00007fffe0d28000 	C:\WINDOWS\SYSTEM32\IPHLPAPI.DLL
0x00007fffe33b0000 - 0x00007fffe33b8000 	C:\WINDOWS\System32\NSI.dll
0x00007fffdc120000 - 0x00007fffdc136000 	C:\WINDOWS\SYSTEM32\dhcpcsvc6.DLL
0x00007fffdc490000 - 0x00007fffdc4aa000 	C:\WINDOWS\SYSTEM32\dhcpcsvc.DLL

VM Arguments:
jvm_args: -Xmx1536m -Dfile.encoding=windows-1252 -Duser.country=IN -Duser.language=en -Duser.variant 
java_command: org.gradle.launcher.daemon.bootstrap.GradleDaemon 5.1.1
java_class_path (initial): C:\Users\rutvi\.gradle\wrapper\dists\gradle-5.1.1-all\97z1ksx6lirer3kbvdnh7jtjg\gradle-5.1.1\lib\gradle-launcher-5.1.1.jar
Launcher Type: SUN_STANDARD

Environment Variables:
PATH=C:\Program Files (x86)\Common Files\Oracle\Java\javapath;C:\ProgramData\Oracle\Java\javapath;C:\WINDOWS\system32;C:\WINDOWS;C:\WINDOWS\System32\Wbem;C:\WINDOWS\System32\WindowsPowerShell\v1.0\;C:\Program Files (x86)\ATI Technologies\ATI.ACE\Core-Static;C:\WINDOWS\System32\OpenSSH\;C:\Program Files\Intel\WiFi\bin\;C:\Program Files\Common Files\Intel\WirelessCommon\;c:\Program Files (x86)\Microsoft SQL Server\90\Tools\binn\;C:\Program Files (x86)\MySQL\MySQL Utilities 1.6\;C:\Program Files\Java\jdk-10.0.2\bin;C:\Program Files\Java\jre-10.0.2\bin;C:\Program Files\Git\cmd;C:\Program Files\Git;C:\Program Files\nodejs\;C:\Program Files\Java\jdk-10.0.2\bin;C:\Program Files\heroku\bin;C:\Users\rutvi\AppData\Roaming\npm;C:\Users\rutvi\AppData\Local\Programs\Microsoft VS Code\bin;C:\Program Files\MongoDB\Server\4.0\bin;
USERNAME=rutvi
OS=Windows_NT
PROCESSOR_IDENTIFIER=Intel64 Family 6 Model 61 Stepping 4, GenuineIntel



---------------  S Y S T E M  ---------------

OS: Windows 10.0 , 64 bit Build 17134 (10.0.17134.753)

CPU:total 4 (initial active 4) (2 cores per cpu, 2 threads per core) family 6 model 61 stepping 4, cmov, cx8, fxsr, mmx, sse, sse2, sse3, ssse3, sse4.1, sse4.2, popcnt, avx, avx2, aes, clmul, erms, 3dnowpref, lzcnt, ht, tsc, tscinvbit, bmi1, bmi2, adx

Memory: 4k page, physical 8301008k(768316k free), swap 11155920k(6336k free)

vm_info: OpenJDK 64-Bit Server VM (25.152-b01) for windows-amd64 JRE (1.8.0_152-release-1248-b01), built by "builder" with MS VC++ 10.0 (VS2010)

time: Sat Jun 01 08:49:24 2019
elapsed time: 11 seconds (0d 0h 0m 11s)

