#
# There is insufficient memory for the Java Runtime Environment to continue.
# Native memory allocation (malloc) failed to allocate 2145776 bytes for Chunk::new
# Possible reasons:
#   The system is out of physical RAM or swap space
#   In 32 bit mode, the process size limit was hit
# Possible solutions:
#   Reduce memory load on the system
#   Increase physical memory or swap space
#   Check if swap backing store is full
#   Use 64 bit Java on a 64 bit OS
#   Decrease Java heap size (-Xmx/-Xms)
#   Decrease number of Java threads
#   Decrease Java thread stack sizes (-Xss)
#   Set larger code cache with -XX:ReservedCodeCacheSize=
# This output file may be truncated or incomplete.
#
#  Out of Memory Error (allocation.cpp:390), pid=6272, tid=0x00000000000018ec
#
# JRE version: OpenJDK Runtime Environment (8.0_152-b01) (build 1.8.0_152-release-1248-b01)
# Java VM: OpenJDK 64-Bit Server VM (25.152-b01 mixed mode windows-amd64 compressed oops)
# Failed to write core dump. Minidumps are not enabled by default on client versions of Windows
#

---------------  T H R E A D  ---------------

Current thread (0x0000000015ffc000):  JavaThread "C2 CompilerThread1" daemon [_thread_in_native, id=6380, stack(0x0000000017740000,0x0000000017840000)]

Stack: [0x0000000017740000,0x0000000017840000]
[error occurred during error reporting (printing stack bounds), id 0xc0000005]

Native frames: (J=compiled Java code, j=interpreted, Vv=VM code, C=native code)


Current CompileTask:
C2:   4789 1384   !   4       java.net.URLClassLoader$1::run (63 bytes)


---------------  P R O C E S S  ---------------

Java Threads: ( => current thread )
  0x000000001600a000 JavaThread "Cache worker for file hash cache (D:\BookingAppointment\.gradle\5.1.1\fileHashes)" [_thread_blocked, id=15232, stack(0x000000001ce30000,0x000000001cf30000)]
  0x000000001600c000 JavaThread "Cache worker for journal cache (C:\Users\rutvi\.gradle\caches\journal-1)" [_thread_blocked, id=10416, stack(0x000000001aa90000,0x000000001ab90000)]
  0x000000001600d800 JavaThread "File lock request listener" [_thread_in_native, id=10892, stack(0x000000001a990000,0x000000001aa90000)]
  0x00000000191a5000 JavaThread "Cache worker for file hash cache (C:\Users\rutvi\.gradle\caches\5.1.1\fileHashes)" [_thread_blocked, id=7940, stack(0x000000001a890000,0x000000001a990000)]
  0x0000000018dd4800 JavaThread "Thread-8" [_thread_blocked, id=5764, stack(0x000000001a790000,0x000000001a890000)]
  0x0000000018dd0800 JavaThread "Stdin handler" [_thread_blocked, id=12584, stack(0x000000001a690000,0x000000001a790000)]
  0x0000000018dc4800 JavaThread "Asynchronous log dispatcher for DefaultDaemonConnection: socket connection from /127.0.0.1:54098 to /127.0.0.1:54099" [_thread_blocked, id=14552, stack(0x000000001a590000,0x000000001a690000)]
  0x0000000018dfd800 JavaThread "Daemon worker" [_thread_in_Java, id=9084, stack(0x000000001a490000,0x000000001a590000)]
  0x0000000018dfc800 JavaThread "Cancel handler" [_thread_blocked, id=10556, stack(0x000000001a390000,0x000000001a490000)]
  0x0000000018fdd800 JavaThread "Handler for socket connection from /127.0.0.1:54098 to /127.0.0.1:54099" [_thread_in_native, id=4952, stack(0x000000001a090000,0x000000001a190000)]
  0x0000000018fe0000 JavaThread "Daemon" [_thread_blocked, id=1648, stack(0x0000000019f90000,0x000000001a090000)]
  0x0000000019081000 JavaThread "Daemon periodic checks" [_thread_blocked, id=14680, stack(0x0000000019e90000,0x0000000019f90000)]
  0x000000001908c000 JavaThread "Incoming local TCP Connector on port 54098" [_thread_in_native, id=12280, stack(0x0000000019c50000,0x0000000019d50000)]
  0x000000001605e800 JavaThread "Service Thread" daemon [_thread_blocked, id=12932, stack(0x0000000017d40000,0x0000000017e40000)]
  0x000000001600f000 JavaThread "C1 CompilerThread2" daemon [_thread_in_native, id=8028, stack(0x0000000017840000,0x0000000017940000)]
=>0x0000000015ffc000 JavaThread "C2 CompilerThread1" daemon [_thread_in_native, id=6380, stack(0x0000000017740000,0x0000000017840000)]
  0x0000000015ff8800 JavaThread "C2 CompilerThread0" daemon [_thread_in_native, id=2424, stack(0x0000000017640000,0x0000000017740000)]
  0x0000000016006000 JavaThread "Attach Listener" daemon [_thread_blocked, id=13896, stack(0x0000000017540000,0x0000000017640000)]
  0x0000000016005000 JavaThread "Signal Dispatcher" daemon [_thread_blocked, id=8400, stack(0x0000000017440000,0x0000000017540000)]
  0x000000000268b800 JavaThread "Finalizer" daemon [_thread_blocked, id=12624, stack(0x0000000017250000,0x0000000017350000)]
  0x0000000002680800 JavaThread "Reference Handler" daemon [_thread_blocked, id=12552, stack(0x0000000017150000,0x0000000017250000)]
  0x000000000248e000 JavaThread "main" [_thread_blocked, id=14232, stack(0x0000000002490000,0x0000000002590000)]

Other Threads:
  0x0000000015fc6000 VMThread [stack: 0x0000000017050000,0x0000000017150000] [id=9136]
  0x0000000017974000 WatcherThread [stack: 0x0000000017e40000,0x0000000017f40000] [id=15112]

VM state:at safepoint (normal execution)

VM Mutex/Monitor currently owned by a thread:  ([mutex/lock_event])
[0x000000000248d2a0] Threads_lock - owner thread: 0x0000000015fc6000
[0x000000000248c7a0] Heap_lock - owner thread: 0x0000000018dfd800

Heap:
 PSYoungGen      total 38400K, used 23399K [0x00000000e0000000, 0x00000000e4b00000, 0x0000000100000000)
  eden space 33280K, 55% used [0x00000000e0000000,0x00000000e11e1e50,0x00000000e2080000)
  from space 5120K, 99% used [0x00000000e2580000,0x00000000e2a78040,0x00000000e2a80000)
  to   space 5120K, 5% used [0x00000000e2080000,0x00000000e20c0010,0x00000000e2580000)
 ParOldGen       total 87552K, used 5070K [0x00000000a0000000, 0x00000000a5580000, 0x00000000e0000000)
  object space 87552K, 5% used [0x00000000a0000000,0x00000000a04f3a60,0x00000000a5580000)
 Metaspace       used 17847K, capacity 18200K, committed 18432K, reserved 1069056K
  class space    used 2593K, capacity 2748K, committed 2816K, reserved 1048576K

Card table byte_map: [0x0000000011a50000,0x0000000011d60000] byte_map_base: 0x0000000011550000

Marking Bits: (ParMarkBitMap*) 0x000000005e125aa0
 Begin Bits: [0x0000000012360000, 0x0000000013b60000)
 End Bits:   [0x0000000013b60000, 0x0000000015360000)

Polling page: 0x0000000002360000

CodeCache: size=245760Kb used=5324Kb max_used=5324Kb free=240435Kb
 bounds [0x0000000002690000, 0x0000000002bd0000, 0x0000000011690000]
 total_blobs=1941 nmethods=1538 adapters=316
 compilation: enabled

Compilation events (10 events):
Event: 4.757 Thread 0x000000001600f000 1538       3       java.util.regex.Pattern$GroupTail::match (111 bytes)
Event: 4.758 Thread 0x000000001600f000 nmethod 1538 0x0000000002bc1f10 code [0x0000000002bc20a0, 0x0000000002bc2468]
Event: 4.758 Thread 0x000000001600f000 1539       3       java.util.regex.Pattern$Branch::match (66 bytes)
Event: 4.759 Thread 0x000000001600f000 nmethod 1539 0x0000000002bc2750 code [0x0000000002bc28e0, 0x0000000002bc2db8]
Event: 4.770 Thread 0x000000001600f000 1541       3       java.io.ObjectInputStream$BlockDataInputStream::readByte (20 bytes)
Event: 4.770 Thread 0x000000001600f000 nmethod 1541 0x0000000002bc2fd0 code [0x0000000002bc3160, 0x0000000002bc33f8]
Event: 4.774 Thread 0x000000001600f000 1542       3       java.lang.Long::valueOf (36 bytes)
Event: 4.774 Thread 0x000000001600f000 nmethod 1542 0x0000000002bc3510 code [0x0000000002bc3680, 0x0000000002bc39f0]
Event: 4.775 Thread 0x000000001600f000 1543       3       java.util.concurrent.locks.ReentrantLock$Sync::nonfairTryAcquire (67 bytes)
Event: 4.776 Thread 0x000000001600f000 nmethod 1543 0x0000000002bc3bd0 code [0x0000000002bc3d60, 0x0000000002bc4488]

GC Heap History (8 events):
Event: 1.364 GC heap before
{Heap before GC invocations=1 (full 0):
 PSYoungGen      total 38400K, used 33280K [0x00000000e0000000, 0x00000000e2a80000, 0x0000000100000000)
  eden space 33280K, 100% used [0x00000000e0000000,0x00000000e2080000,0x00000000e2080000)
  from space 5120K, 0% used [0x00000000e2580000,0x00000000e2580000,0x00000000e2a80000)
  to   space 5120K, 0% used [0x00000000e2080000,0x00000000e2080000,0x00000000e2580000)
 ParOldGen       total 87552K, used 0K [0x00000000a0000000, 0x00000000a5580000, 0x00000000e0000000)
  object space 87552K, 0% used [0x00000000a0000000,0x00000000a0000000,0x00000000a5580000)
 Metaspace       used 6919K, capacity 7042K, committed 7168K, reserved 1056768K
  class space    used 843K, capacity 907K, committed 1024K, reserved 1048576K
Event: 1.376 GC heap after
Heap after GC invocations=1 (full 0):
 PSYoungGen      total 38400K, used 4269K [0x00000000e0000000, 0x00000000e2a80000, 0x0000000100000000)
  eden space 33280K, 0% used [0x00000000e0000000,0x00000000e0000000,0x00000000e2080000)
  from space 5120K, 83% used [0x00000000e2080000,0x00000000e24ab6b8,0x00000000e2580000)
  to   space 5120K, 0% used [0x00000000e2580000,0x00000000e2580000,0x00000000e2a80000)
 ParOldGen       total 87552K, used 8K [0x00000000a0000000, 0x00000000a5580000, 0x00000000e0000000)
  object space 87552K, 0% used [0x00000000a0000000,0x00000000a0002000,0x00000000a5580000)
 Metaspace       used 6919K, capacity 7042K, committed 7168K, reserved 1056768K
  class space    used 843K, capacity 907K, committed 1024K, reserved 1048576K
}
Event: 2.118 GC heap before
{Heap before GC invocations=2 (full 0):
 PSYoungGen      total 38400K, used 37549K [0x00000000e0000000, 0x00000000e2a80000, 0x0000000100000000)
  eden space 33280K, 100% used [0x00000000e0000000,0x00000000e2080000,0x00000000e2080000)
  from space 5120K, 83% used [0x00000000e2080000,0x00000000e24ab6b8,0x00000000e2580000)
  to   space 5120K, 0% used [0x00000000e2580000,0x00000000e2580000,0x00000000e2a80000)
 ParOldGen       total 87552K, used 8K [0x00000000a0000000, 0x00000000a5580000, 0x00000000e0000000)
  object space 87552K, 0% used [0x00000000a0000000,0x00000000a0002000,0x00000000a5580000)
 Metaspace       used 8885K, capacity 9104K, committed 9216K, reserved 1056768K
  class space    used 1158K, capacity 1228K, committed 1280K, reserved 1048576K
Event: 2.127 GC heap after
Heap after GC invocations=2 (full 0):
 PSYoungGen      total 38400K, used 4528K [0x00000000e0000000, 0x00000000e4b00000, 0x0000000100000000)
  eden space 33280K, 0% used [0x00000000e0000000,0x00000000e0000000,0x00000000e2080000)
  from space 5120K, 88% used [0x00000000e2580000,0x00000000e29ec1f8,0x00000000e2a80000)
  to   space 5120K, 0% used [0x00000000e2080000,0x00000000e2080000,0x00000000e2580000)
 ParOldGen       total 87552K, used 16K [0x00000000a0000000, 0x00000000a5580000, 0x00000000e0000000)
  object space 87552K, 0% used [0x00000000a0000000,0x00000000a0004000,0x00000000a5580000)
 Metaspace       used 8885K, capacity 9104K, committed 9216K, reserved 1056768K
  class space    used 1158K, capacity 1228K, committed 1280K, reserved 1048576K
}
Event: 3.799 GC heap before
{Heap before GC invocations=3 (full 0):
 PSYoungGen      total 38400K, used 37808K [0x00000000e0000000, 0x00000000e4b00000, 0x0000000100000000)
  eden space 33280K, 100% used [0x00000000e0000000,0x00000000e2080000,0x00000000e2080000)
  from space 5120K, 88% used [0x00000000e2580000,0x00000000e29ec1f8,0x00000000e2a80000)
  to   space 5120K, 0% used [0x00000000e2080000,0x00000000e2080000,0x00000000e2580000)
 ParOldGen       total 87552K, used 16K [0x00000000a0000000, 0x00000000a5580000, 0x00000000e0000000)
  object space 87552K, 0% used [0x00000000a0000000,0x00000000a0004020,0x00000000a5580000)
 Metaspace       used 13364K, capacity 13704K, committed 13824K, reserved 1060864K
  class space    used 1835K, capacity 1996K, committed 2048K, reserved 1048576K
Event: 3.811 GC heap after
Heap after GC invocations=3 (full 0):
 PSYoungGen      total 38400K, used 5088K [0x00000000e0000000, 0x00000000e2a80000, 0x0000000100000000)
  eden space 33280K, 0% used [0x00000000e0000000,0x00000000e0000000,0x00000000e2080000)
  from space 5120K, 99% used [0x00000000e2080000,0x00000000e2578020,0x00000000e2580000)
  to   space 5120K, 0% used [0x00000000e2580000,0x00000000e2580000,0x00000000e2a80000)
 ParOldGen       total 87552K, used 1823K [0x00000000a0000000, 0x00000000a5580000, 0x00000000e0000000)
  object space 87552K, 2% used [0x00000000a0000000,0x00000000a01c7dd0,0x00000000a5580000)
 Metaspace       used 13364K, capacity 13704K, committed 13824K, reserved 1060864K
  class space    used 1835K, capacity 1996K, committed 2048K, reserved 1048576K
}
Event: 4.391 GC heap before
{Heap before GC invocations=4 (full 0):
 PSYoungGen      total 38400K, used 38368K [0x00000000e0000000, 0x00000000e2a80000, 0x0000000100000000)
  eden space 33280K, 100% used [0x00000000e0000000,0x00000000e2080000,0x00000000e2080000)
  from space 5120K, 99% used [0x00000000e2080000,0x00000000e2578020,0x00000000e2580000)
  to   space 5120K, 0% used [0x00000000e2580000,0x00000000e2580000,0x00000000e2a80000)
 ParOldGen       total 87552K, used 1833K [0x00000000a0000000, 0x00000000a5580000, 0x00000000e0000000)
  object space 87552K, 2% used [0x00000000a0000000,0x00000000a01ca618,0x00000000a5580000)
 Metaspace       used 16251K, capacity 16632K, committed 16896K, reserved 1062912K
  class space    used 2326K, capacity 2486K, committed 2560K, reserved 1048576K
Event: 4.413 GC heap after
Heap after GC invocations=4 (full 0):
 PSYoungGen      total 38400K, used 5088K [0x00000000e0000000, 0x00000000e4b00000, 0x0000000100000000)
  eden space 33280K, 0% used [0x00000000e0000000,0x00000000e0000000,0x00000000e2080000)
  from space 5120K, 99% used [0x00000000e2580000,0x00000000e2a78040,0x00000000e2a80000)
  to   space 5120K, 0% used [0x00000000e2080000,0x00000000e2080000,0x00000000e2580000)
 ParOldGen       total 87552K, used 5070K [0x00000000a0000000, 0x00000000a5580000, 0x00000000e0000000)
  object space 87552K, 5% used [0x00000000a0000000,0x00000000a04f3a60,0x00000000a5580000)
 Metaspace       used 16251K, capacity 16632K, committed 16896K, reserved 1062912K
  class space    used 2326K, capacity 2486K, committed 2560K, reserved 1048576K
}

Deoptimization events (10 events):
Event: 3.499 Thread 0x0000000018dfd800 Uncommon trap: reason=bimorphic action=maybe_recompile pc=0x0000000002940258 method=java.util.HashMap.putVal(ILjava/lang/Object;Ljava/lang/Object;ZZ)Ljava/lang/Object; @ 253
Event: 3.749 Thread 0x0000000018dfd800 Uncommon trap: reason=class_check action=maybe_recompile pc=0x0000000002963d98 method=java.util.regex.Matcher.match(II)Z @ 86
Event: 3.770 Thread 0x0000000018dfd800 Uncommon trap: reason=class_check action=maybe_recompile pc=0x0000000002963d98 method=java.util.regex.Matcher.match(II)Z @ 86
Event: 3.771 Thread 0x0000000018dfd800 Uncommon trap: reason=class_check action=maybe_recompile pc=0x0000000002963d98 method=java.util.regex.Matcher.match(II)Z @ 86
Event: 3.771 Thread 0x0000000018dfd800 Uncommon trap: reason=class_check action=maybe_recompile pc=0x00000000029251dc method=java.util.regex.Matcher.match(II)Z @ 86
Event: 4.123 Thread 0x0000000018dfd800 Uncommon trap: reason=unstable_if action=reinterpret pc=0x0000000002a7b6b4 method=java.lang.String.lastIndexOf([CII[CIII)I @ 66
Event: 4.652 Thread 0x0000000018dfd800 Uncommon trap: reason=unstable_if action=reinterpret pc=0x00000000027f4348 method=java.net.URI.match(CJJ)Z @ 19
Event: 4.653 Thread 0x0000000018dfd800 Uncommon trap: reason=unstable_if action=reinterpret pc=0x00000000028ec8c0 method=java.net.URI.match(CJJ)Z @ 19
Event: 4.653 Thread 0x0000000018dfd800 Uncommon trap: reason=unstable_if action=reinterpret pc=0x00000000027f4748 method=java.net.URI.match(CJJ)Z @ 19
Event: 4.731 Thread 0x0000000018dfd800 Uncommon trap: reason=unstable_if action=reinterpret pc=0x000000000295fd40 method=java.io.File.getName()Ljava/lang/String; @ 16

Classes redefined (0 events):
No events

Internal exceptions (10 events):
Event: 3.439 Thread 0x0000000018fdd800 Exception <a 'java/lang/NoSuchMethodError': <clinit>> (0x00000000e0984e68) thrown at [D:\src\AOSP-openjdk-cygwin\jdk8u\hotspot\src\share\vm\prims\jni.cpp, line 1613]
Event: 3.440 Thread 0x0000000018fdd800 Exception <a 'java/lang/NoSuchMethodError': <clinit>> (0x00000000e098d930) thrown at [D:\src\AOSP-openjdk-cygwin\jdk8u\hotspot\src\share\vm\prims\jni.cpp, line 1613]
Event: 3.443 Thread 0x0000000018fdd800 Exception <a 'java/lang/NoSuchMethodError': <clinit>> (0x00000000e09a3af8) thrown at [D:\src\AOSP-openjdk-cygwin\jdk8u\hotspot\src\share\vm\prims\jni.cpp, line 1613]
Event: 3.454 Thread 0x0000000018fdd800 Exception <a 'java/lang/NoSuchMethodError': <clinit>> (0x00000000e0a01ae0) thrown at [D:\src\AOSP-openjdk-cygwin\jdk8u\hotspot\src\share\vm\prims\jni.cpp, line 1613]
Event: 3.461 Thread 0x0000000018fdd800 Exception <a 'java/lang/NoSuchMethodError': <clinit>> (0x00000000e0a2e110) thrown at [D:\src\AOSP-openjdk-cygwin\jdk8u\hotspot\src\share\vm\prims\jni.cpp, line 1613]
Event: 3.466 Thread 0x0000000018fdd800 Exception <a 'java/lang/NoSuchMethodError': <clinit>> (0x00000000e0a4a588) thrown at [D:\src\AOSP-openjdk-cygwin\jdk8u\hotspot\src\share\vm\prims\jni.cpp, line 1613]
Event: 4.749 Thread 0x0000000018dd4800 Exception <a 'java/lang/NoSuchMethodError': <clinit>> (0x00000000e0fe5338) thrown at [D:\src\AOSP-openjdk-cygwin\jdk8u\hotspot\src\share\vm\prims\jni.cpp, line 1613]
Event: 4.749 Thread 0x0000000018dd4800 Exception <a 'java/lang/NoSuchMethodError': <clinit>> (0x00000000e0fe7720) thrown at [D:\src\AOSP-openjdk-cygwin\jdk8u\hotspot\src\share\vm\prims\jni.cpp, line 1613]
Event: 4.751 Thread 0x0000000018dd4800 Exception <a 'java/lang/NoSuchMethodError': <clinit>> (0x00000000e0ff1418) thrown at [D:\src\AOSP-openjdk-cygwin\jdk8u\hotspot\src\share\vm\prims\jni.cpp, line 1613]
Event: 4.753 Thread 0x0000000018dd4800 Exception <a 'java/lang/NoSuchMethodError': <clinit>> (0x00000000e1000488) thrown at [D:\src\AOSP-openjdk-cygwin\jdk8u\hotspot\src\share\vm\prims\jni.cpp, line 1613]

Events (10 events):
Event: 4.782 loading class com/google/common/util/concurrent/FluentFuture
Event: 4.782 loading class com/google/common/util/concurrent/FluentFuture done
Event: 4.782 loading class com/google/common/util/concurrent/GwtFluentFutureCatchingSpecialization
Event: 4.782 loading class com/google/common/util/concurrent/GwtFluentFutureCatchingSpecialization done
Event: 4.783 loading class com/google/common/util/concurrent/ForwardingFluentFuture
Event: 4.783 loading class com/google/common/util/concurrent/ForwardingFluentFuture done
Event: 4.784 Thread 0x0000000018dfd800 DEOPT PACKING pc=0x0000000002bb34ec sp=0x000000001a589d50
Event: 4.784 Thread 0x0000000018dfd800 DEOPT UNPACKING pc=0x00000000026d75d0 sp=0x000000001a589ac8 mode 0
Event: 4.785 loading class com/google/common/util/concurrent/AbstractFuture$AtomicHelper
Event: 4.785 loading class com/google/common/util/concurrent/AbstractFuture$AtomicHelper done


Dynamic libraries:
0x00007ff7af3d0000 - 0x00007ff7af401000 	C:\Program Files\Android\Android Studio\jre\bin\java.exe
0x00007fffe5440000 - 0x00007fffe5621000 	C:\WINDOWS\SYSTEM32\ntdll.dll
0x00007fffe5270000 - 0x00007fffe5321000 	C:\WINDOWS\System32\KERNEL32.DLL
0x00007fffe24b0000 - 0x00007fffe2723000 	C:\WINDOWS\System32\KERNELBASE.dll
0x00007fffe5360000 - 0x00007fffe5401000 	C:\WINDOWS\System32\ADVAPI32.dll
0x00007fffe30a0000 - 0x00007fffe313e000 	C:\WINDOWS\System32\msvcrt.dll
0x00007fffe2a70000 - 0x00007fffe2acb000 	C:\WINDOWS\System32\sechost.dll
0x00007fffe4f50000 - 0x00007fffe5074000 	C:\WINDOWS\System32\RPCRT4.dll
0x00007fffe28e0000 - 0x00007fffe2a70000 	C:\WINDOWS\System32\USER32.dll
0x00007fffe2360000 - 0x00007fffe2380000 	C:\WINDOWS\System32\win32u.dll
0x00007fffe5240000 - 0x00007fffe5268000 	C:\WINDOWS\System32\GDI32.dll
0x00007fffe2730000 - 0x00007fffe28c2000 	C:\WINDOWS\System32\gdi32full.dll
0x00007fffe19c0000 - 0x00007fffe1a5f000 	C:\WINDOWS\System32\msvcp_win.dll
0x00007fffe1860000 - 0x00007fffe1958000 	C:\WINDOWS\System32\ucrtbase.dll
0x00007fffcbfe0000 - 0x00007fffcc249000 	C:\WINDOWS\WinSxS\amd64_microsoft.windows.common-controls_6595b64144ccf1df_6.0.17134.765_none_fb42a1a930655896\COMCTL32.dll
0x00007fffe33c0000 - 0x00007fffe36e2000 	C:\WINDOWS\System32\combase.dll
0x00007fffe2430000 - 0x00007fffe24aa000 	C:\WINDOWS\System32\bcryptPrimitives.dll
0x00007fffe5330000 - 0x00007fffe535d000 	C:\WINDOWS\System32\IMM32.DLL
0x000000005e900000 - 0x000000005e9d2000 	C:\Program Files\Android\Android Studio\jre\jre\bin\msvcr100.dll
0x000000005d960000 - 0x000000005e1a1000 	C:\Program Files\Android\Android Studio\jre\jre\bin\server\jvm.dll
0x00007fffe5100000 - 0x00007fffe5108000 	C:\WINDOWS\System32\PSAPI.DLL
0x00007fffcbc80000 - 0x00007fffcbc89000 	C:\WINDOWS\SYSTEM32\WSOCK32.dll
0x00007fffdf610000 - 0x00007fffdf633000 	C:\WINDOWS\SYSTEM32\WINMM.dll
0x00007fffe51d0000 - 0x00007fffe523c000 	C:\WINDOWS\System32\WS2_32.dll
0x00007fffcffa0000 - 0x00007fffcffaa000 	C:\WINDOWS\SYSTEM32\VERSION.dll
0x00007fffdf4d0000 - 0x00007fffdf4fa000 	C:\WINDOWS\SYSTEM32\WINMMBASE.dll
0x00007fffe1810000 - 0x00007fffe1859000 	C:\WINDOWS\System32\cfgmgr32.dll
0x00007fffdc330000 - 0x00007fffdc33f000 	C:\Program Files\Android\Android Studio\jre\jre\bin\verify.dll
0x00007fffd1b30000 - 0x00007fffd1b59000 	C:\Program Files\Android\Android Studio\jre\jre\bin\java.dll
0x00007fffd8b00000 - 0x00007fffd8b16000 	C:\Program Files\Android\Android Studio\jre\jre\bin\zip.dll
0x00007fffe38c0000 - 0x00007fffe4d00000 	C:\WINDOWS\System32\SHELL32.dll
0x00007fffe3790000 - 0x00007fffe3839000 	C:\WINDOWS\System32\shcore.dll
0x00007fffe1a60000 - 0x00007fffe216d000 	C:\WINDOWS\System32\windows.storage.dll
0x00007fffe5110000 - 0x00007fffe5161000 	C:\WINDOWS\System32\shlwapi.dll
0x00007fffe17b0000 - 0x00007fffe17c1000 	C:\WINDOWS\System32\kernel.appcore.dll
0x00007fffe17d0000 - 0x00007fffe17ef000 	C:\WINDOWS\System32\profapi.dll
0x00007fffe1750000 - 0x00007fffe179c000 	C:\WINDOWS\System32\powrprof.dll
0x00007fffe17a0000 - 0x00007fffe17aa000 	C:\WINDOWS\System32\FLTLIB.DLL
0x00007fffd66c0000 - 0x00007fffd66da000 	C:\Program Files\Android\Android Studio\jre\jre\bin\net.dll
0x00007fffe0f70000 - 0x00007fffe0fd6000 	C:\WINDOWS\system32\mswsock.dll
0x00007fffd0d60000 - 0x00007fffd0d71000 	C:\Program Files\Android\Android Studio\jre\jre\bin\nio.dll
0x00007fffdc3d0000 - 0x00007fffdc3ee000 	C:\Users\rutvi\.gradle\native\25\windows-amd64\native-platform.dll
0x00007fffdc320000 - 0x00007fffdc32d000 	C:\Program Files\Android\Android Studio\jre\jre\bin\management.dll
0x00007fffe1120000 - 0x00007fffe1137000 	C:\WINDOWS\SYSTEM32\CRYPTSP.dll
0x00007fffe0b50000 - 0x00007fffe0b83000 	C:\WINDOWS\system32\rsaenh.dll
0x00007fffe12b0000 - 0x00007fffe12d5000 	C:\WINDOWS\SYSTEM32\bcrypt.dll
0x00007fffe1680000 - 0x00007fffe16a8000 	C:\WINDOWS\SYSTEM32\USERENV.dll
0x00007fffe1140000 - 0x00007fffe114b000 	C:\WINDOWS\SYSTEM32\CRYPTBASE.dll
0x00007fffe0cf0000 - 0x00007fffe0d28000 	C:\WINDOWS\SYSTEM32\IPHLPAPI.DLL
0x00007fffe33b0000 - 0x00007fffe33b8000 	C:\WINDOWS\System32\NSI.dll
0x00007fffdc120000 - 0x00007fffdc136000 	C:\WINDOWS\SYSTEM32\dhcpcsvc6.DLL
0x00007fffdc490000 - 0x00007fffdc4aa000 	C:\WINDOWS\SYSTEM32\dhcpcsvc.DLL

VM Arguments:
jvm_args: -Xmx1536m -Dfile.encoding=windows-1252 -Duser.country=IN -Duser.language=en -Duser.variant 
java_command: org.gradle.launcher.daemon.bootstrap.GradleDaemon 5.1.1
java_class_path (initial): C:\Users\rutvi\.gradle\wrapper\dists\gradle-5.1.1-all\97z1ksx6lirer3kbvdnh7jtjg\gradle-5.1.1\lib\gradle-launcher-5.1.1.jar
Launcher Type: SUN_STANDARD

Environment Variables:
PATH=C:\Program Files (x86)\Common Files\Oracle\Java\javapath;C:\ProgramData\Oracle\Java\javapath;C:\WINDOWS\system32;C:\WINDOWS;C:\WINDOWS\System32\Wbem;C:\WINDOWS\System32\WindowsPowerShell\v1.0\;C:\Program Files (x86)\ATI Technologies\ATI.ACE\Core-Static;C:\WINDOWS\System32\OpenSSH\;C:\Program Files\Intel\WiFi\bin\;C:\Program Files\Common Files\Intel\WirelessCommon\;c:\Program Files (x86)\Microsoft SQL Server\90\Tools\binn\;C:\Program Files (x86)\MySQL\MySQL Utilities 1.6\;C:\Program Files\Java\jdk-10.0.2\bin;C:\Program Files\Java\jre-10.0.2\bin;C:\Program Files\Git\cmd;C:\Program Files\Git;C:\Program Files\nodejs\;C:\Program Files\Java\jdk-10.0.2\bin;C:\Program Files\heroku\bin;C:\Users\rutvi\AppData\Roaming\npm;C:\Users\rutvi\AppData\Local\Programs\Microsoft VS Code\bin;C:\Program Files\MongoDB\Server\4.0\bin;
USERNAME=rutvi
OS=Windows_NT
PROCESSOR_IDENTIFIER=Intel64 Family 6 Model 61 Stepping 4, GenuineIntel



---------------  S Y S T E M  ---------------

OS: Windows 10.0 , 64 bit Build 17134 (10.0.17134.753)

CPU:total 4 (initial active 4) (2 cores per cpu, 2 threads per core) family 6 model 61 stepping 4, cmov, cx8, fxsr, mmx, sse, sse2, sse3, ssse3, sse4.1, sse4.2, popcnt, avx, avx2, aes, clmul, erms, 3dnowpref, lzcnt, ht, tsc, tscinvbit, bmi1, bmi2, adx

Memory: 4k page, physical 8301008k(888680k free), swap 11155920k(5144k free)

vm_info: OpenJDK 64-Bit Server VM (25.152-b01) for windows-amd64 JRE (1.8.0_152-release-1248-b01), built by "builder" with MS VC++ 10.0 (VS2010)

time: Sat Jun 01 08:52:59 2019
elapsed time: 4 seconds (0d 0h 0m 4s)

